CRITICAL - 2022-12-26 10:10:17 --> Call to undefined function userLogin()
in APPPATH\Views\layout\default.php on line 204.
 1 SYSTEMPATH\View\View.php(213): include()
 2 SYSTEMPATH\View\View.php(216): CodeIgniter\View\View->CodeIgniter\View\{closure}()
 3 SYSTEMPATH\View\View.php(229): CodeIgniter\View\View->render('layout/default', [], true)
 4 SYSTEMPATH\Common.php(1134): CodeIgniter\View\View->render('group/index', [], true)
 5 APPPATH\Controllers\Groups.php(28): view('group/index', [...])
 6 SYSTEMPATH\CodeIgniter.php(927): App\Controllers\Groups->index()
 7 SYSTEMPATH\CodeIgniter.php(482): CodeIgniter\CodeIgniter->runController(Object(App\Controllers\Groups))
 8 SYSTEMPATH\CodeIgniter.php(351): CodeIgniter\CodeIgniter->handleRequest(null, Object(Config\Cache), false)
 9 FCPATH\index.php(67): CodeIgniter\CodeIgniter->run()
10 SYSTEMPATH\Commands\Server\rewrite.php(46): require_once('FCPATH\\index.php')
CRITICAL - 2022-12-26 10:11:26 --> Call to undefined function userLogin()
in APPPATH\Views\layout\default.php on line 204.
 1 SYSTEMPATH\View\View.php(213): include()
 2 SYSTEMPATH\View\View.php(216): CodeIgniter\View\View->CodeIgniter\View\{closure}()
 3 SYSTEMPATH\View\View.php(229): CodeIgniter\View\View->render('layout/default', [], true)
 4 SYSTEMPATH\Common.php(1134): CodeIgniter\View\View->render('group/index', [], true)
 5 APPPATH\Controllers\Groups.php(28): view('group/index', [...])
 6 SYSTEMPATH\CodeIgniter.php(927): App\Controllers\Groups->index()
 7 SYSTEMPATH\CodeIgniter.php(482): CodeIgniter\CodeIgniter->runController(Object(App\Controllers\Groups))
 8 SYSTEMPATH\CodeIgniter.php(351): CodeIgniter\CodeIgniter->handleRequest(null, Object(Config\Cache), false)
 9 FCPATH\index.php(67): CodeIgniter\CodeIgniter->run()
10 SYSTEMPATH\Commands\Server\rewrite.php(46): require_once('FCPATH\\index.php')
CRITICAL - 2022-12-26 11:48:56 --> Call to undefined function userLogin()
in APPPATH\Views\layout\default.php on line 204.
 1 SYSTEMPATH\View\View.php(213): include()
 2 SYSTEMPATH\View\View.php(216): CodeIgniter\View\View->CodeIgniter\View\{closure}()
 3 SYSTEMPATH\View\View.php(229): CodeIgniter\View\View->render('layout/default', [], true)
 4 SYSTEMPATH\Common.php(1134): CodeIgniter\View\View->render('kontak/index', [], true)
 5 APPPATH\Controllers\Kontak.php(16): view('kontak/index')
 6 SYSTEMPATH\CodeIgniter.php(927): App\Controllers\Kontak->index()
 7 SYSTEMPATH\CodeIgniter.php(482): CodeIgniter\CodeIgniter->runController(Object(App\Controllers\Kontak))
 8 SYSTEMPATH\CodeIgniter.php(351): CodeIgniter\CodeIgniter->handleRequest(null, Object(Config\Cache), false)
 9 FCPATH\index.php(67): CodeIgniter\CodeIgniter->run()
10 SYSTEMPATH\Commands\Server\rewrite.php(46): require_once('FCPATH\\index.php')
CRITICAL - 2022-12-26 14:41:24 --> Attempt to read property "name_user" on null
in APPPATH\Views\layout\default.php on line 204.
 1 APPPATH\Views\layout\default.php(204): CodeIgniter\Debug\Exceptions->errorHandler(2, 'Attempt to read property "name_user" on null', 'APPPATH\\Views\\layout\\default.php', 204)
 2 SYSTEMPATH\View\View.php(213): include('APPPATH\\Views\\layout\\default.php')
 3 SYSTEMPATH\View\View.php(216): CodeIgniter\View\View->CodeIgniter\View\{closure}()
 4 SYSTEMPATH\View\View.php(229): CodeIgniter\View\View->render('layout/default', [], true)
 5 SYSTEMPATH\Common.php(1134): CodeIgniter\View\View->render('home', [], true)
 6 APPPATH\Controllers\Home.php(9): view('home')
 7 SYSTEMPATH\CodeIgniter.php(927): App\Controllers\Home->index()
 8 SYSTEMPATH\CodeIgniter.php(482): CodeIgniter\CodeIgniter->runController(Object(App\Controllers\Home))
 9 SYSTEMPATH\CodeIgniter.php(351): CodeIgniter\CodeIgniter->handleRequest(null, Object(Config\Cache), false)
10 FCPATH\index.php(67): CodeIgniter\CodeIgniter->run()
11 SYSTEMPATH\Commands\Server\rewrite.php(46): require_once('FCPATH\\index.php')
CRITICAL - 2022-12-26 14:47:43 --> Attempt to read property "name_user" on null
in APPPATH\Views\layout\default.php on line 204.
 1 APPPATH\Views\layout\default.php(204): CodeIgniter\Debug\Exceptions->errorHandler(2, 'Attempt to read property "name_user" on null', 'APPPATH\\Views\\layout\\default.php', 204)
 2 SYSTEMPATH\View\View.php(213): include('APPPATH\\Views\\layout\\default.php')
 3 SYSTEMPATH\View\View.php(216): CodeIgniter\View\View->CodeIgniter\View\{closure}()
 4 SYSTEMPATH\View\View.php(229): CodeIgniter\View\View->render('layout/default', [], true)
 5 SYSTEMPATH\Common.php(1134): CodeIgniter\View\View->render('home', [], true)
 6 APPPATH\Controllers\Home.php(9): view('home')
 7 SYSTEMPATH\CodeIgniter.php(927): App\Controllers\Home->index()
 8 SYSTEMPATH\CodeIgniter.php(482): CodeIgniter\CodeIgniter->runController(Object(App\Controllers\Home))
 9 SYSTEMPATH\CodeIgniter.php(351): CodeIgniter\CodeIgniter->handleRequest(null, Object(Config\Cache), false)
10 FCPATH\index.php(67): CodeIgniter\CodeIgniter->run()
11 SYSTEMPATH\Commands\Server\rewrite.php(46): require_once('FCPATH\\index.php')
ERROR - 2022-12-26 15:15:22 --> mysqli_sql_exception: Table 'groups' already exists in C:\xampp\htdocs\yuknikah\system\Database\MySQLi\Connection.php:292
Stack trace:
#0 C:\xampp\htdocs\yuknikah\system\Database\MySQLi\Connection.php(292): mysqli->query('CREATE TABLE `g...', 0)
#1 C:\xampp\htdocs\yuknikah\system\Database\BaseConnection.php(666): CodeIgniter\Database\MySQLi\Connection->execute('CREATE TABLE `g...')
#2 C:\xampp\htdocs\yuknikah\system\Database\BaseConnection.php(593): CodeIgniter\Database\BaseConnection->simpleQuery('CREATE TABLE `g...')
#3 C:\xampp\htdocs\yuknikah\system\Database\Forge.php(509): CodeIgniter\Database\BaseConnection->query('CREATE TABLE `g...')
#4 C:\xampp\htdocs\yuknikah\app\Database\Migrations\2022-12-24-133906_CreateGroup.php(40): CodeIgniter\Database\Forge->createTable('groups')
#5 C:\xampp\htdocs\yuknikah\system\Database\MigrationRunner.php(868): App\Database\Migrations\CreateGroup->up()
#6 C:\xampp\htdocs\yuknikah\system\Database\MigrationRunner.php(187): CodeIgniter\Database\MigrationRunner->migrate('up', Object(stdClass))
#7 C:\xampp\htdocs\yuknikah\system\Commands\Database\Migrate.php(84): CodeIgniter\Database\MigrationRunner->latest(NULL)
#8 C:\xampp\htdocs\yuknikah\system\CLI\Commands.php(63): CodeIgniter\Commands\Database\Migrate->run(Array)
#9 C:\xampp\htdocs\yuknikah\system\CLI\CommandRunner.php(65): CodeIgniter\CLI\Commands->run('migrate', Array)
#10 C:\xampp\htdocs\yuknikah\system\CLI\CommandRunner.php(51): CodeIgniter\CLI\CommandRunner->index(Array)
#11 C:\xampp\htdocs\yuknikah\system\CodeIgniter.php(920): CodeIgniter\CLI\CommandRunner->_remap('index', Array)
#12 C:\xampp\htdocs\yuknikah\system\CodeIgniter.php(482): CodeIgniter\CodeIgniter->runController(Object(CodeIgniter\CLI\CommandRunner))
#13 C:\xampp\htdocs\yuknikah\system\CodeIgniter.php(347): CodeIgniter\CodeIgniter->handleRequest(NULL, Object(Config\Cache), false)
#14 C:\xampp\htdocs\yuknikah\system\CLI\Console.php(48): CodeIgniter\CodeIgniter->run()
#15 C:\xampp\htdocs\yuknikah\spark(98): CodeIgniter\CLI\Console->run()
#16 {main}
ERROR - 2022-12-26 16:28:41 --> mysqli_sql_exception: Table 'groups' already exists in C:\xampp\htdocs\yuknikah\system\Database\MySQLi\Connection.php:292
Stack trace:
#0 C:\xampp\htdocs\yuknikah\system\Database\MySQLi\Connection.php(292): mysqli->query('CREATE TABLE `g...', 0)
#1 C:\xampp\htdocs\yuknikah\system\Database\BaseConnection.php(666): CodeIgniter\Database\MySQLi\Connection->execute('CREATE TABLE `g...')
#2 C:\xampp\htdocs\yuknikah\system\Database\BaseConnection.php(593): CodeIgniter\Database\BaseConnection->simpleQuery('CREATE TABLE `g...')
#3 C:\xampp\htdocs\yuknikah\system\Database\Forge.php(509): CodeIgniter\Database\BaseConnection->query('CREATE TABLE `g...')
#4 C:\xampp\htdocs\yuknikah\app\Database\Migrations\2022-12-24-133906_CreateGroup.php(40): CodeIgniter\Database\Forge->createTable('groups')
#5 C:\xampp\htdocs\yuknikah\system\Database\MigrationRunner.php(868): App\Database\Migrations\CreateGroup->up()
#6 C:\xampp\htdocs\yuknikah\system\Database\MigrationRunner.php(187): CodeIgniter\Database\MigrationRunner->migrate('up', Object(stdClass))
#7 C:\xampp\htdocs\yuknikah\system\Commands\Database\Migrate.php(84): CodeIgniter\Database\MigrationRunner->latest(NULL)
#8 C:\xampp\htdocs\yuknikah\system\CLI\Commands.php(63): CodeIgniter\Commands\Database\Migrate->run(Array)
#9 C:\xampp\htdocs\yuknikah\system\CLI\CommandRunner.php(65): CodeIgniter\CLI\Commands->run('migrate', Array)
#10 C:\xampp\htdocs\yuknikah\system\CLI\CommandRunner.php(51): CodeIgniter\CLI\CommandRunner->index(Array)
#11 C:\xampp\htdocs\yuknikah\system\CodeIgniter.php(920): CodeIgniter\CLI\CommandRunner->_remap('index', Array)
#12 C:\xampp\htdocs\yuknikah\system\CodeIgniter.php(482): CodeIgniter\CodeIgniter->runController(Object(CodeIgniter\CLI\CommandRunner))
#13 C:\xampp\htdocs\yuknikah\system\CodeIgniter.php(347): CodeIgniter\CodeIgniter->handleRequest(NULL, Object(Config\Cache), false)
#14 C:\xampp\htdocs\yuknikah\system\CLI\Console.php(48): CodeIgniter\CodeIgniter->run()
#15 C:\xampp\htdocs\yuknikah\spark(98): CodeIgniter\CLI\Console->run()
#16 {main}
ERROR - 2022-12-26 16:33:23 --> mysqli_sql_exception: Table 'groups' already exists in C:\xampp\htdocs\yuknikah\system\Database\MySQLi\Connection.php:292
Stack trace:
#0 C:\xampp\htdocs\yuknikah\system\Database\MySQLi\Connection.php(292): mysqli->query('CREATE TABLE `g...', 0)
#1 C:\xampp\htdocs\yuknikah\system\Database\BaseConnection.php(666): CodeIgniter\Database\MySQLi\Connection->execute('CREATE TABLE `g...')
#2 C:\xampp\htdocs\yuknikah\system\Database\BaseConnection.php(593): CodeIgniter\Database\BaseConnection->simpleQuery('CREATE TABLE `g...')
#3 C:\xampp\htdocs\yuknikah\system\Database\Forge.php(509): CodeIgniter\Database\BaseConnection->query('CREATE TABLE `g...')
#4 C:\xampp\htdocs\yuknikah\app\Database\Migrations\2022-12-24-133906_CreateGroup.php(40): CodeIgniter\Database\Forge->createTable('groups')
#5 C:\xampp\htdocs\yuknikah\system\Database\MigrationRunner.php(868): App\Database\Migrations\CreateGroup->up()
#6 C:\xampp\htdocs\yuknikah\system\Database\MigrationRunner.php(187): CodeIgniter\Database\MigrationRunner->migrate('up', Object(stdClass))
#7 C:\xampp\htdocs\yuknikah\system\Commands\Database\Migrate.php(84): CodeIgniter\Database\MigrationRunner->latest(NULL)
#8 C:\xampp\htdocs\yuknikah\system\CLI\Commands.php(63): CodeIgniter\Commands\Database\Migrate->run(Array)
#9 C:\xampp\htdocs\yuknikah\system\CLI\CommandRunner.php(65): CodeIgniter\CLI\Commands->run('migrate', Array)
#10 C:\xampp\htdocs\yuknikah\system\CLI\CommandRunner.php(51): CodeIgniter\CLI\CommandRunner->index(Array)
#11 C:\xampp\htdocs\yuknikah\system\CodeIgniter.php(920): CodeIgniter\CLI\CommandRunner->_remap('index', Array)
#12 C:\xampp\htdocs\yuknikah\system\CodeIgniter.php(482): CodeIgniter\CodeIgniter->runController(Object(CodeIgniter\CLI\CommandRunner))
#13 C:\xampp\htdocs\yuknikah\system\CodeIgniter.php(347): CodeIgniter\CodeIgniter->handleRequest(NULL, Object(Config\Cache), false)
#14 C:\xampp\htdocs\yuknikah\system\CLI\Console.php(48): CodeIgniter\CodeIgniter->run()
#15 C:\xampp\htdocs\yuknikah\spark(98): CodeIgniter\CLI\Console->run()
#16 {main}
ERROR - 2022-12-26 17:03:23 --> mysqli_sql_exception: Table 'groups' already exists in C:\xampp\htdocs\yuknikah\system\Database\MySQLi\Connection.php:292
Stack trace:
#0 C:\xampp\htdocs\yuknikah\system\Database\MySQLi\Connection.php(292): mysqli->query('CREATE TABLE `g...', 0)
#1 C:\xampp\htdocs\yuknikah\system\Database\BaseConnection.php(666): CodeIgniter\Database\MySQLi\Connection->execute('CREATE TABLE `g...')
#2 C:\xampp\htdocs\yuknikah\system\Database\BaseConnection.php(593): CodeIgniter\Database\BaseConnection->simpleQuery('CREATE TABLE `g...')
#3 C:\xampp\htdocs\yuknikah\system\Database\Forge.php(509): CodeIgniter\Database\BaseConnection->query('CREATE TABLE `g...')
#4 C:\xampp\htdocs\yuknikah\app\Database\Migrations\2022-12-24-133906_CreateGroup.php(40): CodeIgniter\Database\Forge->createTable('groups')
#5 C:\xampp\htdocs\yuknikah\system\Database\MigrationRunner.php(868): App\Database\Migrations\CreateGroup->up()
#6 C:\xampp\htdocs\yuknikah\system\Database\MigrationRunner.php(187): CodeIgniter\Database\MigrationRunner->migrate('up', Object(stdClass))
#7 C:\xampp\htdocs\yuknikah\system\Commands\Database\Migrate.php(84): CodeIgniter\Database\MigrationRunner->latest(NULL)
#8 C:\xampp\htdocs\yuknikah\system\CLI\Commands.php(63): CodeIgniter\Commands\Database\Migrate->run(Array)
#9 C:\xampp\htdocs\yuknikah\system\CLI\CommandRunner.php(65): CodeIgniter\CLI\Commands->run('migrate', Array)
#10 C:\xampp\htdocs\yuknikah\system\CLI\CommandRunner.php(51): CodeIgniter\CLI\CommandRunner->index(Array)
#11 C:\xampp\htdocs\yuknikah\system\CodeIgniter.php(920): CodeIgniter\CLI\CommandRunner->_remap('index', Array)
#12 C:\xampp\htdocs\yuknikah\system\CodeIgniter.php(482): CodeIgniter\CodeIgniter->runController(Object(CodeIgniter\CLI\CommandRunner))
#13 C:\xampp\htdocs\yuknikah\system\CodeIgniter.php(347): CodeIgniter\CodeIgniter->handleRequest(NULL, Object(Config\Cache), false)
#14 C:\xampp\htdocs\yuknikah\system\CLI\Console.php(48): CodeIgniter\CodeIgniter->run()
#15 C:\xampp\htdocs\yuknikah\spark(98): CodeIgniter\CLI\Console->run()
#16 {main}
ERROR - 2022-12-26 17:06:06 --> mysqli_sql_exception: Table 'groups' already exists in C:\xampp\htdocs\yuknikah\system\Database\MySQLi\Connection.php:292
Stack trace:
#0 C:\xampp\htdocs\yuknikah\system\Database\MySQLi\Connection.php(292): mysqli->query('CREATE TABLE `g...', 0)
#1 C:\xampp\htdocs\yuknikah\system\Database\BaseConnection.php(666): CodeIgniter\Database\MySQLi\Connection->execute('CREATE TABLE `g...')
#2 C:\xampp\htdocs\yuknikah\system\Database\BaseConnection.php(593): CodeIgniter\Database\BaseConnection->simpleQuery('CREATE TABLE `g...')
#3 C:\xampp\htdocs\yuknikah\system\Database\Forge.php(509): CodeIgniter\Database\BaseConnection->query('CREATE TABLE `g...')
#4 C:\xampp\htdocs\yuknikah\app\Database\Migrations\2022-12-24-133906_CreateGroup.php(40): CodeIgniter\Database\Forge->createTable('groups')
#5 C:\xampp\htdocs\yuknikah\system\Database\MigrationRunner.php(868): App\Database\Migrations\CreateGroup->up()
#6 C:\xampp\htdocs\yuknikah\system\Database\MigrationRunner.php(187): CodeIgniter\Database\MigrationRunner->migrate('up', Object(stdClass))
#7 C:\xampp\htdocs\yuknikah\system\Commands\Database\Migrate.php(84): CodeIgniter\Database\MigrationRunner->latest(NULL)
#8 C:\xampp\htdocs\yuknikah\system\CLI\Commands.php(63): CodeIgniter\Commands\Database\Migrate->run(Array)
#9 C:\xampp\htdocs\yuknikah\system\CLI\CommandRunner.php(65): CodeIgniter\CLI\Commands->run('migrate', Array)
#10 C:\xampp\htdocs\yuknikah\system\CLI\CommandRunner.php(51): CodeIgniter\CLI\CommandRunner->index(Array)
#11 C:\xampp\htdocs\yuknikah\system\CodeIgniter.php(920): CodeIgniter\CLI\CommandRunner->_remap('index', Array)
#12 C:\xampp\htdocs\yuknikah\system\CodeIgniter.php(482): CodeIgniter\CodeIgniter->runController(Object(CodeIgniter\CLI\CommandRunner))
#13 C:\xampp\htdocs\yuknikah\system\CodeIgniter.php(347): CodeIgniter\CodeIgniter->handleRequest(NULL, Object(Config\Cache), false)
#14 C:\xampp\htdocs\yuknikah\system\CLI\Console.php(48): CodeIgniter\CodeIgniter->run()
#15 C:\xampp\htdocs\yuknikah\spark(98): CodeIgniter\CLI\Console->run()
#16 {main}
ERROR - 2022-12-26 17:09:05 --> mysqli_sql_exception: Table 'groups' already exists in C:\xampp\htdocs\yuknikah\system\Database\MySQLi\Connection.php:292
Stack trace:
#0 C:\xampp\htdocs\yuknikah\system\Database\MySQLi\Connection.php(292): mysqli->query('CREATE TABLE `g...', 0)
#1 C:\xampp\htdocs\yuknikah\system\Database\BaseConnection.php(666): CodeIgniter\Database\MySQLi\Connection->execute('CREATE TABLE `g...')
#2 C:\xampp\htdocs\yuknikah\system\Database\BaseConnection.php(593): CodeIgniter\Database\BaseConnection->simpleQuery('CREATE TABLE `g...')
#3 C:\xampp\htdocs\yuknikah\system\Database\Forge.php(509): CodeIgniter\Database\BaseConnection->query('CREATE TABLE `g...')
#4 C:\xampp\htdocs\yuknikah\app\Database\Migrations\2022-12-24-133906_CreateGroup.php(40): CodeIgniter\Database\Forge->createTable('groups')
#5 C:\xampp\htdocs\yuknikah\system\Database\MigrationRunner.php(868): App\Database\Migrations\CreateGroup->up()
#6 C:\xampp\htdocs\yuknikah\system\Database\MigrationRunner.php(187): CodeIgniter\Database\MigrationRunner->migrate('up', Object(stdClass))
#7 C:\xampp\htdocs\yuknikah\system\Commands\Database\Migrate.php(84): CodeIgniter\Database\MigrationRunner->latest(NULL)
#8 C:\xampp\htdocs\yuknikah\system\CLI\Commands.php(63): CodeIgniter\Commands\Database\Migrate->run(Array)
#9 C:\xampp\htdocs\yuknikah\system\CLI\BaseCommand.php(112): CodeIgniter\CLI\Commands->run('migrate', Array)
#10 C:\xampp\htdocs\yuknikah\system\Commands\Database\MigrateRefresh.php(85): CodeIgniter\CLI\BaseCommand->call('migrate', Array)
#11 C:\xampp\htdocs\yuknikah\system\CLI\Commands.php(63): CodeIgniter\Commands\Database\MigrateRefresh->run(Array)
#12 C:\xampp\htdocs\yuknikah\system\CLI\CommandRunner.php(65): CodeIgniter\CLI\Commands->run('migrate:refresh', Array)
#13 C:\xampp\htdocs\yuknikah\system\CLI\CommandRunner.php(51): CodeIgniter\CLI\CommandRunner->index(Array)
#14 C:\xampp\htdocs\yuknikah\system\CodeIgniter.php(920): CodeIgniter\CLI\CommandRunner->_remap('index', Array)
#15 C:\xampp\htdocs\yuknikah\system\CodeIgniter.php(482): CodeIgniter\CodeIgniter->runController(Object(CodeIgniter\CLI\CommandRunner))
#16 C:\xampp\htdocs\yuknikah\system\CodeIgniter.php(347): CodeIgniter\CodeIgniter->handleRequest(NULL, Object(Config\Cache), false)
#17 C:\xampp\htdocs\yuknikah\system\CLI\Console.php(48): CodeIgniter\CodeIgniter->run()
#18 C:\xampp\htdocs\yuknikah\spark(98): CodeIgniter\CLI\Console->run()
#19 {main}
ERROR - 2022-12-26 17:09:10 --> mysqli_sql_exception: Table 'groups' already exists in C:\xampp\htdocs\yuknikah\system\Database\MySQLi\Connection.php:292
Stack trace:
#0 C:\xampp\htdocs\yuknikah\system\Database\MySQLi\Connection.php(292): mysqli->query('CREATE TABLE `g...', 0)
#1 C:\xampp\htdocs\yuknikah\system\Database\BaseConnection.php(666): CodeIgniter\Database\MySQLi\Connection->execute('CREATE TABLE `g...')
#2 C:\xampp\htdocs\yuknikah\system\Database\BaseConnection.php(593): CodeIgniter\Database\BaseConnection->simpleQuery('CREATE TABLE `g...')
#3 C:\xampp\htdocs\yuknikah\system\Database\Forge.php(509): CodeIgniter\Database\BaseConnection->query('CREATE TABLE `g...')
#4 C:\xampp\htdocs\yuknikah\app\Database\Migrations\2022-12-24-133906_CreateGroup.php(40): CodeIgniter\Database\Forge->createTable('groups')
#5 C:\xampp\htdocs\yuknikah\system\Database\MigrationRunner.php(868): App\Database\Migrations\CreateGroup->up()
#6 C:\xampp\htdocs\yuknikah\system\Database\MigrationRunner.php(187): CodeIgniter\Database\MigrationRunner->migrate('up', Object(stdClass))
#7 C:\xampp\htdocs\yuknikah\system\Commands\Database\Migrate.php(84): CodeIgniter\Database\MigrationRunner->latest(NULL)
#8 C:\xampp\htdocs\yuknikah\system\CLI\Commands.php(63): CodeIgniter\Commands\Database\Migrate->run(Array)
#9 C:\xampp\htdocs\yuknikah\system\CLI\CommandRunner.php(65): CodeIgniter\CLI\Commands->run('migrate', Array)
#10 C:\xampp\htdocs\yuknikah\system\CLI\CommandRunner.php(51): CodeIgniter\CLI\CommandRunner->index(Array)
#11 C:\xampp\htdocs\yuknikah\system\CodeIgniter.php(920): CodeIgniter\CLI\CommandRunner->_remap('index', Array)
#12 C:\xampp\htdocs\yuknikah\system\CodeIgniter.php(482): CodeIgniter\CodeIgniter->runController(Object(CodeIgniter\CLI\CommandRunner))
#13 C:\xampp\htdocs\yuknikah\system\CodeIgniter.php(347): CodeIgniter\CodeIgniter->handleRequest(NULL, Object(Config\Cache), false)
#14 C:\xampp\htdocs\yuknikah\system\CLI\Console.php(48): CodeIgniter\CodeIgniter->run()
#15 C:\xampp\htdocs\yuknikah\spark(98): CodeIgniter\CLI\Console->run()
#16 {main}
ERROR - 2022-12-26 17:10:16 --> mysqli_sql_exception: Table 'groups' already exists in C:\xampp\htdocs\yuknikah\system\Database\MySQLi\Connection.php:292
Stack trace:
#0 C:\xampp\htdocs\yuknikah\system\Database\MySQLi\Connection.php(292): mysqli->query('CREATE TABLE `g...', 0)
#1 C:\xampp\htdocs\yuknikah\system\Database\BaseConnection.php(666): CodeIgniter\Database\MySQLi\Connection->execute('CREATE TABLE `g...')
#2 C:\xampp\htdocs\yuknikah\system\Database\BaseConnection.php(593): CodeIgniter\Database\BaseConnection->simpleQuery('CREATE TABLE `g...')
#3 C:\xampp\htdocs\yuknikah\system\Database\Forge.php(509): CodeIgniter\Database\BaseConnection->query('CREATE TABLE `g...')
#4 C:\xampp\htdocs\yuknikah\app\Database\Migrations\2022-12-24-133906_CreateGroup.php(40): CodeIgniter\Database\Forge->createTable('groups')
#5 C:\xampp\htdocs\yuknikah\system\Database\MigrationRunner.php(868): App\Database\Migrations\CreateGroup->up()
#6 C:\xampp\htdocs\yuknikah\system\Database\MigrationRunner.php(187): CodeIgniter\Database\MigrationRunner->migrate('up', Object(stdClass))
#7 C:\xampp\htdocs\yuknikah\system\Commands\Database\Migrate.php(84): CodeIgniter\Database\MigrationRunner->latest(NULL)
#8 C:\xampp\htdocs\yuknikah\system\CLI\Commands.php(63): CodeIgniter\Commands\Database\Migrate->run(Array)
#9 C:\xampp\htdocs\yuknikah\system\CLI\CommandRunner.php(65): CodeIgniter\CLI\Commands->run('migrate', Array)
#10 C:\xampp\htdocs\yuknikah\system\CLI\CommandRunner.php(51): CodeIgniter\CLI\CommandRunner->index(Array)
#11 C:\xampp\htdocs\yuknikah\system\CodeIgniter.php(920): CodeIgniter\CLI\CommandRunner->_remap('index', Array)
#12 C:\xampp\htdocs\yuknikah\system\CodeIgniter.php(482): CodeIgniter\CodeIgniter->runController(Object(CodeIgniter\CLI\CommandRunner))
#13 C:\xampp\htdocs\yuknikah\system\CodeIgniter.php(347): CodeIgniter\CodeIgniter->handleRequest(NULL, Object(Config\Cache), false)
#14 C:\xampp\htdocs\yuknikah\system\CLI\Console.php(48): CodeIgniter\CodeIgniter->run()
#15 C:\xampp\htdocs\yuknikah\spark(98): CodeIgniter\CLI\Console->run()
#16 {main}
ERROR - 2022-12-26 17:15:36 --> mysqli_sql_exception: Incorrect table definition; there can be only one auto column and it must be defined as a key in C:\xampp\htdocs\yuknikah\system\Database\MySQLi\Connection.php:292
Stack trace:
#0 C:\xampp\htdocs\yuknikah\system\Database\MySQLi\Connection.php(292): mysqli->query('CREATE TABLE `g...', 0)
#1 C:\xampp\htdocs\yuknikah\system\Database\BaseConnection.php(666): CodeIgniter\Database\MySQLi\Connection->execute('CREATE TABLE `g...')
#2 C:\xampp\htdocs\yuknikah\system\Database\BaseConnection.php(593): CodeIgniter\Database\BaseConnection->simpleQuery('CREATE TABLE `g...')
#3 C:\xampp\htdocs\yuknikah\system\Database\Forge.php(509): CodeIgniter\Database\BaseConnection->query('CREATE TABLE `g...')
#4 C:\xampp\htdocs\yuknikah\app\Database\Migrations\2022-12-24-133906_CreateGroup.php(40): CodeIgniter\Database\Forge->createTable('groups')
#5 C:\xampp\htdocs\yuknikah\system\Database\MigrationRunner.php(868): App\Database\Migrations\CreateGroup->up()
#6 C:\xampp\htdocs\yuknikah\system\Database\MigrationRunner.php(187): CodeIgniter\Database\MigrationRunner->migrate('up', Object(stdClass))
#7 C:\xampp\htdocs\yuknikah\system\Commands\Database\Migrate.php(84): CodeIgniter\Database\MigrationRunner->latest(NULL)
#8 C:\xampp\htdocs\yuknikah\system\CLI\Commands.php(63): CodeIgniter\Commands\Database\Migrate->run(Array)
#9 C:\xampp\htdocs\yuknikah\system\CLI\CommandRunner.php(65): CodeIgniter\CLI\Commands->run('migrate', Array)
#10 C:\xampp\htdocs\yuknikah\system\CLI\CommandRunner.php(51): CodeIgniter\CLI\CommandRunner->index(Array)
#11 C:\xampp\htdocs\yuknikah\system\CodeIgniter.php(920): CodeIgniter\CLI\CommandRunner->_remap('index', Array)
#12 C:\xampp\htdocs\yuknikah\system\CodeIgniter.php(482): CodeIgniter\CodeIgniter->runController(Object(CodeIgniter\CLI\CommandRunner))
#13 C:\xampp\htdocs\yuknikah\system\CodeIgniter.php(347): CodeIgniter\CodeIgniter->handleRequest(NULL, Object(Config\Cache), false)
#14 C:\xampp\htdocs\yuknikah\system\CLI\Console.php(48): CodeIgniter\CodeIgniter->run()
#15 C:\xampp\htdocs\yuknikah\spark(98): CodeIgniter\CLI\Console->run()
#16 {main}
ERROR - 2022-12-26 17:16:32 --> mysqli_sql_exception: Incorrect table definition; there can be only one auto column and it must be defined as a key in C:\xampp\htdocs\yuknikah\system\Database\MySQLi\Connection.php:292
Stack trace:
#0 C:\xampp\htdocs\yuknikah\system\Database\MySQLi\Connection.php(292): mysqli->query('CREATE TABLE `g...', 0)
#1 C:\xampp\htdocs\yuknikah\system\Database\BaseConnection.php(666): CodeIgniter\Database\MySQLi\Connection->execute('CREATE TABLE `g...')
#2 C:\xampp\htdocs\yuknikah\system\Database\BaseConnection.php(593): CodeIgniter\Database\BaseConnection->simpleQuery('CREATE TABLE `g...')
#3 C:\xampp\htdocs\yuknikah\system\Database\Forge.php(509): CodeIgniter\Database\BaseConnection->query('CREATE TABLE `g...')
#4 C:\xampp\htdocs\yuknikah\app\Database\Migrations\2022-12-24-133906_CreateGroup.php(40): CodeIgniter\Database\Forge->createTable('groups')
#5 C:\xampp\htdocs\yuknikah\system\Database\MigrationRunner.php(868): App\Database\Migrations\CreateGroup->up()
#6 C:\xampp\htdocs\yuknikah\system\Database\MigrationRunner.php(187): CodeIgniter\Database\MigrationRunner->migrate('up', Object(stdClass))
#7 C:\xampp\htdocs\yuknikah\system\Commands\Database\Migrate.php(84): CodeIgniter\Database\MigrationRunner->latest(NULL)
#8 C:\xampp\htdocs\yuknikah\system\CLI\Commands.php(63): CodeIgniter\Commands\Database\Migrate->run(Array)
#9 C:\xampp\htdocs\yuknikah\system\CLI\BaseCommand.php(112): CodeIgniter\CLI\Commands->run('migrate', Array)
#10 C:\xampp\htdocs\yuknikah\system\Commands\Database\MigrateRefresh.php(85): CodeIgniter\CLI\BaseCommand->call('migrate', Array)
#11 C:\xampp\htdocs\yuknikah\system\CLI\Commands.php(63): CodeIgniter\Commands\Database\MigrateRefresh->run(Array)
#12 C:\xampp\htdocs\yuknikah\system\CLI\CommandRunner.php(65): CodeIgniter\CLI\Commands->run('migrate:refresh', Array)
#13 C:\xampp\htdocs\yuknikah\system\CLI\CommandRunner.php(51): CodeIgniter\CLI\CommandRunner->index(Array)
#14 C:\xampp\htdocs\yuknikah\system\CodeIgniter.php(920): CodeIgniter\CLI\CommandRunner->_remap('index', Array)
#15 C:\xampp\htdocs\yuknikah\system\CodeIgniter.php(482): CodeIgniter\CodeIgniter->runController(Object(CodeIgniter\CLI\CommandRunner))
#16 C:\xampp\htdocs\yuknikah\system\CodeIgniter.php(347): CodeIgniter\CodeIgniter->handleRequest(NULL, Object(Config\Cache), false)
#17 C:\xampp\htdocs\yuknikah\system\CLI\Console.php(48): CodeIgniter\CodeIgniter->run()
#18 C:\xampp\htdocs\yuknikah\spark(98): CodeIgniter\CLI\Console->run()
#19 {main}
ERROR - 2022-12-26 17:19:37 --> mysqli_sql_exception: Incorrect table definition; there can be only one auto column and it must be defined as a key in C:\xampp\htdocs\yuknikah\system\Database\MySQLi\Connection.php:292
Stack trace:
#0 C:\xampp\htdocs\yuknikah\system\Database\MySQLi\Connection.php(292): mysqli->query('CREATE TABLE `g...', 0)
#1 C:\xampp\htdocs\yuknikah\system\Database\BaseConnection.php(666): CodeIgniter\Database\MySQLi\Connection->execute('CREATE TABLE `g...')
#2 C:\xampp\htdocs\yuknikah\system\Database\BaseConnection.php(593): CodeIgniter\Database\BaseConnection->simpleQuery('CREATE TABLE `g...')
#3 C:\xampp\htdocs\yuknikah\system\Database\Forge.php(509): CodeIgniter\Database\BaseConnection->query('CREATE TABLE `g...')
#4 C:\xampp\htdocs\yuknikah\app\Database\Migrations\2022-12-24-133906_CreateGroup.php(40): CodeIgniter\Database\Forge->createTable('groups')
#5 C:\xampp\htdocs\yuknikah\system\Database\MigrationRunner.php(868): App\Database\Migrations\CreateGroup->up()
#6 C:\xampp\htdocs\yuknikah\system\Database\MigrationRunner.php(187): CodeIgniter\Database\MigrationRunner->migrate('up', Object(stdClass))
#7 C:\xampp\htdocs\yuknikah\system\Commands\Database\Migrate.php(84): CodeIgniter\Database\MigrationRunner->latest(NULL)
#8 C:\xampp\htdocs\yuknikah\system\CLI\Commands.php(63): CodeIgniter\Commands\Database\Migrate->run(Array)
#9 C:\xampp\htdocs\yuknikah\system\CLI\CommandRunner.php(65): CodeIgniter\CLI\Commands->run('migrate', Array)
#10 C:\xampp\htdocs\yuknikah\system\CLI\CommandRunner.php(51): CodeIgniter\CLI\CommandRunner->index(Array)
#11 C:\xampp\htdocs\yuknikah\system\CodeIgniter.php(920): CodeIgniter\CLI\CommandRunner->_remap('index', Array)
#12 C:\xampp\htdocs\yuknikah\system\CodeIgniter.php(482): CodeIgniter\CodeIgniter->runController(Object(CodeIgniter\CLI\CommandRunner))
#13 C:\xampp\htdocs\yuknikah\system\CodeIgniter.php(347): CodeIgniter\CodeIgniter->handleRequest(NULL, Object(Config\Cache), false)
#14 C:\xampp\htdocs\yuknikah\system\CLI\Console.php(48): CodeIgniter\CodeIgniter->run()
#15 C:\xampp\htdocs\yuknikah\spark(98): CodeIgniter\CLI\Console->run()
#16 {main}
CRITICAL - 2022-12-26 17:38:05 --> Attempt to read property "name_user" on null
in APPPATH\Views\layout\default.php on line 204.
 1 APPPATH\Views\layout\default.php(204): CodeIgniter\Debug\Exceptions->errorHandler(2, 'Attempt to read property "name_user" on null', 'APPPATH\\Views\\layout\\default.php', 204)
 2 SYSTEMPATH\View\View.php(213): include('APPPATH\\Views\\layout\\default.php')
 3 SYSTEMPATH\View\View.php(216): CodeIgniter\View\View->CodeIgniter\View\{closure}()
 4 SYSTEMPATH\View\View.php(229): CodeIgniter\View\View->render('layout/default', [], true)
 5 SYSTEMPATH\Common.php(1134): CodeIgniter\View\View->render('gawe/get', [], true)
 6 APPPATH\Controllers\Gawe.php(15): view('gawe/get', [...])
 7 SYSTEMPATH\CodeIgniter.php(927): App\Controllers\Gawe->index()
 8 SYSTEMPATH\CodeIgniter.php(482): CodeIgniter\CodeIgniter->runController(Object(App\Controllers\Gawe))
 9 SYSTEMPATH\CodeIgniter.php(351): CodeIgniter\CodeIgniter->handleRequest(null, Object(Config\Cache), false)
10 FCPATH\index.php(67): CodeIgniter\CodeIgniter->run()
11 SYSTEMPATH\Commands\Server\rewrite.php(46): require_once('FCPATH\\index.php')
CRITICAL - 2022-12-26 17:38:06 --> Attempt to read property "name_user" on null
in APPPATH\Views\layout\default.php on line 204.
 1 APPPATH\Views\layout\default.php(204): CodeIgniter\Debug\Exceptions->errorHandler(2, 'Attempt to read property "name_user" on null', 'APPPATH\\Views\\layout\\default.php', 204)
 2 SYSTEMPATH\View\View.php(213): include('APPPATH\\Views\\layout\\default.php')
 3 SYSTEMPATH\View\View.php(216): CodeIgniter\View\View->CodeIgniter\View\{closure}()
 4 SYSTEMPATH\View\View.php(229): CodeIgniter\View\View->render('layout/default', [], true)
 5 SYSTEMPATH\Common.php(1134): CodeIgniter\View\View->render('gawe/get', [], true)
 6 APPPATH\Controllers\Gawe.php(15): view('gawe/get', [...])
 7 SYSTEMPATH\CodeIgniter.php(927): App\Controllers\Gawe->index()
 8 SYSTEMPATH\CodeIgniter.php(482): CodeIgniter\CodeIgniter->runController(Object(App\Controllers\Gawe))
 9 SYSTEMPATH\CodeIgniter.php(351): CodeIgniter\CodeIgniter->handleRequest(null, Object(Config\Cache), false)
10 FCPATH\index.php(67): CodeIgniter\CodeIgniter->run()
11 SYSTEMPATH\Commands\Server\rewrite.php(46): require_once('FCPATH\\index.php')
CRITICAL - 2022-12-26 17:38:23 --> Attempt to read property "name_user" on null
in APPPATH\Views\layout\default.php on line 204.
 1 APPPATH\Views\layout\default.php(204): CodeIgniter\Debug\Exceptions->errorHandler(2, 'Attempt to read property "name_user" on null', 'APPPATH\\Views\\layout\\default.php', 204)
 2 SYSTEMPATH\View\View.php(213): include('APPPATH\\Views\\layout\\default.php')
 3 SYSTEMPATH\View\View.php(216): CodeIgniter\View\View->CodeIgniter\View\{closure}()
 4 SYSTEMPATH\View\View.php(229): CodeIgniter\View\View->render('layout/default', [], true)
 5 SYSTEMPATH\Common.php(1134): CodeIgniter\View\View->render('gawe/get', [], true)
 6 APPPATH\Controllers\Gawe.php(15): view('gawe/get', [...])
 7 SYSTEMPATH\CodeIgniter.php(927): App\Controllers\Gawe->index()
 8 SYSTEMPATH\CodeIgniter.php(482): CodeIgniter\CodeIgniter->runController(Object(App\Controllers\Gawe))
 9 SYSTEMPATH\CodeIgniter.php(351): CodeIgniter\CodeIgniter->handleRequest(null, Object(Config\Cache), false)
10 FCPATH\index.php(67): CodeIgniter\CodeIgniter->run()
11 SYSTEMPATH\Commands\Server\rewrite.php(46): require_once('FCPATH\\index.php')
CRITICAL - 2022-12-26 17:38:32 --> Attempt to read property "name_user" on null
in APPPATH\Views\layout\default.php on line 204.
 1 APPPATH\Views\layout\default.php(204): CodeIgniter\Debug\Exceptions->errorHandler(2, 'Attempt to read property "name_user" on null', 'APPPATH\\Views\\layout\\default.php', 204)
 2 SYSTEMPATH\View\View.php(213): include('APPPATH\\Views\\layout\\default.php')
 3 SYSTEMPATH\View\View.php(216): CodeIgniter\View\View->CodeIgniter\View\{closure}()
 4 SYSTEMPATH\View\View.php(229): CodeIgniter\View\View->render('layout/default', [], true)
 5 SYSTEMPATH\Common.php(1134): CodeIgniter\View\View->render('gawe/get', [], true)
 6 APPPATH\Controllers\Gawe.php(15): view('gawe/get', [...])
 7 SYSTEMPATH\CodeIgniter.php(927): App\Controllers\Gawe->index()
 8 SYSTEMPATH\CodeIgniter.php(482): CodeIgniter\CodeIgniter->runController(Object(App\Controllers\Gawe))
 9 SYSTEMPATH\CodeIgniter.php(351): CodeIgniter\CodeIgniter->handleRequest(null, Object(Config\Cache), false)
10 FCPATH\index.php(67): CodeIgniter\CodeIgniter->run()
CRITICAL - 2022-12-26 17:38:38 --> Attempt to read property "name_user" on null
in APPPATH\Views\layout\default.php on line 204.
 1 APPPATH\Views\layout\default.php(204): CodeIgniter\Debug\Exceptions->errorHandler(2, 'Attempt to read property "name_user" on null', 'APPPATH\\Views\\layout\\default.php', 204)
 2 SYSTEMPATH\View\View.php(213): include('APPPATH\\Views\\layout\\default.php')
 3 SYSTEMPATH\View\View.php(216): CodeIgniter\View\View->CodeIgniter\View\{closure}()
 4 SYSTEMPATH\View\View.php(229): CodeIgniter\View\View->render('layout/default', [], true)
 5 SYSTEMPATH\Common.php(1134): CodeIgniter\View\View->render('gawe/get', [], true)
 6 APPPATH\Controllers\Gawe.php(15): view('gawe/get', [...])
 7 SYSTEMPATH\CodeIgniter.php(927): App\Controllers\Gawe->index()
 8 SYSTEMPATH\CodeIgniter.php(482): CodeIgniter\CodeIgniter->runController(Object(App\Controllers\Gawe))
 9 SYSTEMPATH\CodeIgniter.php(351): CodeIgniter\CodeIgniter->handleRequest(null, Object(Config\Cache), false)
10 FCPATH\index.php(67): CodeIgniter\CodeIgniter->run()
11 SYSTEMPATH\Commands\Server\rewrite.php(46): require_once('FCPATH\\index.php')
CRITICAL - 2022-12-26 17:39:24 --> Attempt to read property "name_user" on null
in APPPATH\Views\layout\default.php on line 204.
 1 APPPATH\Views\layout\default.php(204): CodeIgniter\Debug\Exceptions->errorHandler(2, 'Attempt to read property "name_user" on null', 'APPPATH\\Views\\layout\\default.php', 204)
 2 SYSTEMPATH\View\View.php(213): include('APPPATH\\Views\\layout\\default.php')
 3 SYSTEMPATH\View\View.php(216): CodeIgniter\View\View->CodeIgniter\View\{closure}()
 4 SYSTEMPATH\View\View.php(229): CodeIgniter\View\View->render('layout/default', [], true)
 5 SYSTEMPATH\Common.php(1134): CodeIgniter\View\View->render('gawe/get', [], true)
 6 APPPATH\Controllers\Gawe.php(15): view('gawe/get', [...])
 7 SYSTEMPATH\CodeIgniter.php(927): App\Controllers\Gawe->index()
 8 SYSTEMPATH\CodeIgniter.php(482): CodeIgniter\CodeIgniter->runController(Object(App\Controllers\Gawe))
 9 SYSTEMPATH\CodeIgniter.php(351): CodeIgniter\CodeIgniter->handleRequest(null, Object(Config\Cache), false)
10 FCPATH\index.php(67): CodeIgniter\CodeIgniter->run()
11 SYSTEMPATH\Commands\Server\rewrite.php(46): require_once('FCPATH\\index.php')
