CRITICAL - 2022-12-30 09:46:54 --> Attempt to read property "name_user" on null
in APPPATH\Views\layout\default.php on line 209.
 1 APPPATH\Views\layout\default.php(209): CodeIgniter\Debug\Exceptions->errorHandler(2, 'Attempt to read property "name_user" on null', 'APPPATH\\Views\\layout\\default.php', 209)
 2 SYSTEMPATH\View\View.php(213): include('APPPATH\\Views\\layout\\default.php')
 3 SYSTEMPATH\View\View.php(216): CodeIgniter\View\View->CodeIgniter\View\{closure}()
 4 SYSTEMPATH\View\View.php(229): CodeIgniter\View\View->render('layout/default', [], true)
 5 SYSTEMPATH\Common.php(1134): CodeIgniter\View\View->render('home', [], true)
 6 APPPATH\Controllers\Home.php(9): view('home')
 7 SYSTEMPATH\CodeIgniter.php(927): App\Controllers\Home->index()
 8 SYSTEMPATH\CodeIgniter.php(482): CodeIgniter\CodeIgniter->runController(Object(App\Controllers\Home))
 9 SYSTEMPATH\CodeIgniter.php(351): CodeIgniter\CodeIgniter->handleRequest(null, Object(Config\Cache), false)
10 FCPATH\index.php(67): CodeIgniter\CodeIgniter->run()
11 SYSTEMPATH\Commands\Server\rewrite.php(46): require_once('FCPATH\\index.php')
CRITICAL - 2022-12-30 09:46:55 --> Attempt to read property "name_user" on null
in APPPATH\Views\layout\default.php on line 209.
 1 APPPATH\Views\layout\default.php(209): CodeIgniter\Debug\Exceptions->errorHandler(2, 'Attempt to read property "name_user" on null', 'APPPATH\\Views\\layout\\default.php', 209)
 2 SYSTEMPATH\View\View.php(213): include('APPPATH\\Views\\layout\\default.php')
 3 SYSTEMPATH\View\View.php(216): CodeIgniter\View\View->CodeIgniter\View\{closure}()
 4 SYSTEMPATH\View\View.php(229): CodeIgniter\View\View->render('layout/default', [], true)
 5 SYSTEMPATH\Common.php(1134): CodeIgniter\View\View->render('home', [], true)
 6 APPPATH\Controllers\Home.php(9): view('home')
 7 SYSTEMPATH\CodeIgniter.php(927): App\Controllers\Home->index()
 8 SYSTEMPATH\CodeIgniter.php(482): CodeIgniter\CodeIgniter->runController(Object(App\Controllers\Home))
 9 SYSTEMPATH\CodeIgniter.php(351): CodeIgniter\CodeIgniter->handleRequest(null, Object(Config\Cache), false)
10 FCPATH\index.php(67): CodeIgniter\CodeIgniter->run()
11 SYSTEMPATH\Commands\Server\rewrite.php(46): require_once('FCPATH\\index.php')
CRITICAL - 2022-12-30 09:47:07 --> Attempt to read property "name_user" on null
in APPPATH\Views\layout\default.php on line 209.
 1 APPPATH\Views\layout\default.php(209): CodeIgniter\Debug\Exceptions->errorHandler(2, 'Attempt to read property "name_user" on null', 'APPPATH\\Views\\layout\\default.php', 209)
 2 SYSTEMPATH\View\View.php(213): include('APPPATH\\Views\\layout\\default.php')
 3 SYSTEMPATH\View\View.php(216): CodeIgniter\View\View->CodeIgniter\View\{closure}()
 4 SYSTEMPATH\View\View.php(229): CodeIgniter\View\View->render('layout/default', [], true)
 5 SYSTEMPATH\Common.php(1134): CodeIgniter\View\View->render('home', [], true)
 6 APPPATH\Controllers\Home.php(9): view('home')
 7 SYSTEMPATH\CodeIgniter.php(927): App\Controllers\Home->index()
 8 SYSTEMPATH\CodeIgniter.php(482): CodeIgniter\CodeIgniter->runController(Object(App\Controllers\Home))
 9 SYSTEMPATH\CodeIgniter.php(351): CodeIgniter\CodeIgniter->handleRequest(null, Object(Config\Cache), false)
10 FCPATH\index.php(67): CodeIgniter\CodeIgniter->run()
11 SYSTEMPATH\Commands\Server\rewrite.php(46): require_once('FCPATH\\index.php')
CRITICAL - 2022-12-30 09:47:26 --> Call to undefined method App\Models\M_group::getGetPaginated
in SYSTEMPATH\Model.php on line 774.
 1 APPPATH\Controllers\Groups.php(23): CodeIgniter\Model->__call('getGetPaginated', [...])
 2 SYSTEMPATH\CodeIgniter.php(927): App\Controllers\Groups->index()
 3 SYSTEMPATH\CodeIgniter.php(482): CodeIgniter\CodeIgniter->runController(Object(App\Controllers\Groups))
 4 SYSTEMPATH\CodeIgniter.php(351): CodeIgniter\CodeIgniter->handleRequest(null, Object(Config\Cache), false)
 5 FCPATH\index.php(67): CodeIgniter\CodeIgniter->run()
 6 SYSTEMPATH\Commands\Server\rewrite.php(46): require_once('FCPATH\\index.php')
CRITICAL - 2022-12-30 09:52:28 --> Call to undefined method App\Models\M_group::getPaginated
in SYSTEMPATH\Model.php on line 774.
 1 APPPATH\Controllers\Groups.php(23): CodeIgniter\Model->__call('getPaginated', [...])
 2 SYSTEMPATH\CodeIgniter.php(927): App\Controllers\Groups->index()
 3 SYSTEMPATH\CodeIgniter.php(482): CodeIgniter\CodeIgniter->runController(Object(App\Controllers\Groups))
 4 SYSTEMPATH\CodeIgniter.php(351): CodeIgniter\CodeIgniter->handleRequest(null, Object(Config\Cache), false)
 5 FCPATH\index.php(67): CodeIgniter\CodeIgniter->run()
 6 SYSTEMPATH\Commands\Server\rewrite.php(46): require_once('FCPATH\\index.php')
CRITICAL - 2022-12-30 09:52:48 --> Call to undefined method App\Models\M_group::getPaginated
in SYSTEMPATH\Model.php on line 774.
 1 APPPATH\Controllers\Groups.php(23): CodeIgniter\Model->__call('getPaginated', [...])
 2 SYSTEMPATH\CodeIgniter.php(927): App\Controllers\Groups->index()
 3 SYSTEMPATH\CodeIgniter.php(482): CodeIgniter\CodeIgniter->runController(Object(App\Controllers\Groups))
 4 SYSTEMPATH\CodeIgniter.php(351): CodeIgniter\CodeIgniter->handleRequest(null, Object(Config\Cache), false)
 5 FCPATH\index.php(67): CodeIgniter\CodeIgniter->run()
 6 SYSTEMPATH\Commands\Server\rewrite.php(46): require_once('FCPATH\\index.php')
CRITICAL - 2022-12-30 09:52:52 --> Call to undefined method App\Models\M_group::getPaginated
in SYSTEMPATH\Model.php on line 774.
 1 APPPATH\Controllers\Groups.php(23): CodeIgniter\Model->__call('getPaginated', [...])
 2 SYSTEMPATH\CodeIgniter.php(927): App\Controllers\Groups->index()
 3 SYSTEMPATH\CodeIgniter.php(482): CodeIgniter\CodeIgniter->runController(Object(App\Controllers\Groups))
 4 SYSTEMPATH\CodeIgniter.php(351): CodeIgniter\CodeIgniter->handleRequest(null, Object(Config\Cache), false)
 5 FCPATH\index.php(67): CodeIgniter\CodeIgniter->run()
 6 SYSTEMPATH\Commands\Server\rewrite.php(46): require_once('FCPATH\\index.php')
CRITICAL - 2022-12-30 09:53:53 --> Call to undefined method App\Models\M_group::getPaginated
in SYSTEMPATH\Model.php on line 774.
 1 APPPATH\Controllers\Groups.php(23): CodeIgniter\Model->__call('getPaginated', [...])
 2 SYSTEMPATH\CodeIgniter.php(927): App\Controllers\Groups->index()
 3 SYSTEMPATH\CodeIgniter.php(482): CodeIgniter\CodeIgniter->runController(Object(App\Controllers\Groups))
 4 SYSTEMPATH\CodeIgniter.php(351): CodeIgniter\CodeIgniter->handleRequest(null, Object(Config\Cache), false)
 5 FCPATH\index.php(67): CodeIgniter\CodeIgniter->run()
 6 SYSTEMPATH\Commands\Server\rewrite.php(46): require_once('FCPATH\\index.php')
CRITICAL - 2022-12-30 09:59:06 --> syntax error, unexpected token "public", expecting end of file
in APPPATH\Models\M_group.php on line 34.
 1 SYSTEMPATH\Autoloader\Autoloader.php(259): CodeIgniter\Autoloader\Autoloader->includeFile('APPPATH\\Models\\M_group.php')
 2 SYSTEMPATH\Autoloader\Autoloader.php(237): CodeIgniter\Autoloader\Autoloader->loadInNamespace('App\\Models\\M_group')
 3 APPPATH\Controllers\Groups.php(13): CodeIgniter\Autoloader\Autoloader->loadClass('App\\Models\\M_group')
 4 SYSTEMPATH\CodeIgniter.php(889): App\Controllers\Groups->__construct()
 5 SYSTEMPATH\CodeIgniter.php(473): CodeIgniter\CodeIgniter->createController()
 6 SYSTEMPATH\CodeIgniter.php(351): CodeIgniter\CodeIgniter->handleRequest(null, Object(Config\Cache), false)
 7 FCPATH\index.php(67): CodeIgniter\CodeIgniter->run()
 8 SYSTEMPATH\Commands\Server\rewrite.php(46): require_once('FCPATH\\index.php')
CRITICAL - 2022-12-30 09:59:31 --> syntax error, unexpected token "public", expecting end of file
in APPPATH\Models\M_group.php on line 34.
 1 SYSTEMPATH\Autoloader\Autoloader.php(259): CodeIgniter\Autoloader\Autoloader->includeFile('APPPATH\\Models\\M_group.php')
 2 SYSTEMPATH\Autoloader\Autoloader.php(237): CodeIgniter\Autoloader\Autoloader->loadInNamespace('App\\Models\\M_group')
 3 APPPATH\Controllers\Groups.php(13): CodeIgniter\Autoloader\Autoloader->loadClass('App\\Models\\M_group')
 4 SYSTEMPATH\CodeIgniter.php(889): App\Controllers\Groups->__construct()
 5 SYSTEMPATH\CodeIgniter.php(473): CodeIgniter\CodeIgniter->createController()
 6 SYSTEMPATH\CodeIgniter.php(351): CodeIgniter\CodeIgniter->handleRequest(null, Object(Config\Cache), false)
 7 FCPATH\index.php(67): CodeIgniter\CodeIgniter->run()
 8 SYSTEMPATH\Commands\Server\rewrite.php(46): require_once('FCPATH\\index.php')
CRITICAL - 2022-12-30 09:59:35 --> syntax error, unexpected token "public", expecting end of file
in APPPATH\Models\M_group.php on line 34.
 1 SYSTEMPATH\Autoloader\Autoloader.php(259): CodeIgniter\Autoloader\Autoloader->includeFile('APPPATH\\Models\\M_group.php')
 2 SYSTEMPATH\Autoloader\Autoloader.php(237): CodeIgniter\Autoloader\Autoloader->loadInNamespace('App\\Models\\M_group')
 3 APPPATH\Controllers\Groups.php(13): CodeIgniter\Autoloader\Autoloader->loadClass('App\\Models\\M_group')
 4 SYSTEMPATH\CodeIgniter.php(889): App\Controllers\Groups->__construct()
 5 SYSTEMPATH\CodeIgniter.php(473): CodeIgniter\CodeIgniter->createController()
 6 SYSTEMPATH\CodeIgniter.php(351): CodeIgniter\CodeIgniter->handleRequest(null, Object(Config\Cache), false)
 7 FCPATH\index.php(67): CodeIgniter\CodeIgniter->run()
 8 SYSTEMPATH\Commands\Server\rewrite.php(46): require_once('FCPATH\\index.php')
CRITICAL - 2022-12-30 10:00:04 --> syntax error, unexpected token "public", expecting end of file
in APPPATH\Models\M_group.php on line 34.
 1 SYSTEMPATH\Autoloader\Autoloader.php(259): CodeIgniter\Autoloader\Autoloader->includeFile('APPPATH\\Models\\M_group.php')
 2 SYSTEMPATH\Autoloader\Autoloader.php(237): CodeIgniter\Autoloader\Autoloader->loadInNamespace('App\\Models\\M_group')
 3 APPPATH\Controllers\Groups.php(13): CodeIgniter\Autoloader\Autoloader->loadClass('App\\Models\\M_group')
 4 SYSTEMPATH\CodeIgniter.php(889): App\Controllers\Groups->__construct()
 5 SYSTEMPATH\CodeIgniter.php(473): CodeIgniter\CodeIgniter->createController()
 6 SYSTEMPATH\CodeIgniter.php(351): CodeIgniter\CodeIgniter->handleRequest(null, Object(Config\Cache), false)
 7 FCPATH\index.php(67): CodeIgniter\CodeIgniter->run()
 8 SYSTEMPATH\Commands\Server\rewrite.php(46): require_once('FCPATH\\index.php')
CRITICAL - 2022-12-30 10:00:07 --> syntax error, unexpected token "public", expecting end of file
in APPPATH\Models\M_group.php on line 34.
 1 SYSTEMPATH\Autoloader\Autoloader.php(259): CodeIgniter\Autoloader\Autoloader->includeFile('APPPATH\\Models\\M_group.php')
 2 SYSTEMPATH\Autoloader\Autoloader.php(237): CodeIgniter\Autoloader\Autoloader->loadInNamespace('App\\Models\\M_group')
 3 APPPATH\Controllers\Groups.php(13): CodeIgniter\Autoloader\Autoloader->loadClass('App\\Models\\M_group')
 4 SYSTEMPATH\CodeIgniter.php(889): App\Controllers\Groups->__construct()
 5 SYSTEMPATH\CodeIgniter.php(473): CodeIgniter\CodeIgniter->createController()
 6 SYSTEMPATH\CodeIgniter.php(351): CodeIgniter\CodeIgniter->handleRequest(null, Object(Config\Cache), false)
 7 FCPATH\index.php(67): CodeIgniter\CodeIgniter->run()
 8 SYSTEMPATH\Commands\Server\rewrite.php(46): require_once('FCPATH\\index.php')
CRITICAL - 2022-12-30 10:05:24 --> Call to undefined method App\Models\M_group::getGetPaginated
in SYSTEMPATH\Model.php on line 774.
 1 APPPATH\Controllers\Groups.php(22): CodeIgniter\Model->__call('getGetPaginated', [...])
 2 SYSTEMPATH\CodeIgniter.php(927): App\Controllers\Groups->index()
 3 SYSTEMPATH\CodeIgniter.php(482): CodeIgniter\CodeIgniter->runController(Object(App\Controllers\Groups))
 4 SYSTEMPATH\CodeIgniter.php(351): CodeIgniter\CodeIgniter->handleRequest(null, Object(Config\Cache), false)
 5 FCPATH\index.php(67): CodeIgniter\CodeIgniter->run()
 6 SYSTEMPATH\Commands\Server\rewrite.php(46): require_once('FCPATH\\index.php')
CRITICAL - 2022-12-30 10:05:24 --> Call to undefined method App\Models\M_group::getGetPaginated
in SYSTEMPATH\Model.php on line 774.
 1 APPPATH\Controllers\Groups.php(22): CodeIgniter\Model->__call('getGetPaginated', [...])
 2 SYSTEMPATH\CodeIgniter.php(927): App\Controllers\Groups->index()
 3 SYSTEMPATH\CodeIgniter.php(482): CodeIgniter\CodeIgniter->runController(Object(App\Controllers\Groups))
 4 SYSTEMPATH\CodeIgniter.php(351): CodeIgniter\CodeIgniter->handleRequest(null, Object(Config\Cache), false)
 5 FCPATH\index.php(67): CodeIgniter\CodeIgniter->run()
 6 SYSTEMPATH\Commands\Server\rewrite.php(46): require_once('FCPATH\\index.php')
CRITICAL - 2022-12-30 10:06:14 --> Call to undefined method App\Models\M_group::getPaginated
in SYSTEMPATH\Model.php on line 774.
 1 APPPATH\Controllers\Groups.php(22): CodeIgniter\Model->__call('getPaginated', [...])
 2 SYSTEMPATH\CodeIgniter.php(927): App\Controllers\Groups->index()
 3 SYSTEMPATH\CodeIgniter.php(482): CodeIgniter\CodeIgniter->runController(Object(App\Controllers\Groups))
 4 SYSTEMPATH\CodeIgniter.php(351): CodeIgniter\CodeIgniter->handleRequest(null, Object(Config\Cache), false)
 5 FCPATH\index.php(67): CodeIgniter\CodeIgniter->run()
 6 SYSTEMPATH\Commands\Server\rewrite.php(46): require_once('FCPATH\\index.php')
CRITICAL - 2022-12-30 10:06:24 --> Call to undefined method App\Models\M_group::Pagination
in SYSTEMPATH\Model.php on line 774.
 1 APPPATH\Controllers\Groups.php(22): CodeIgniter\Model->__call('Pagination', [...])
 2 SYSTEMPATH\CodeIgniter.php(927): App\Controllers\Groups->index()
 3 SYSTEMPATH\CodeIgniter.php(482): CodeIgniter\CodeIgniter->runController(Object(App\Controllers\Groups))
 4 SYSTEMPATH\CodeIgniter.php(351): CodeIgniter\CodeIgniter->handleRequest(null, Object(Config\Cache), false)
 5 FCPATH\index.php(67): CodeIgniter\CodeIgniter->run()
 6 SYSTEMPATH\Commands\Server\rewrite.php(46): require_once('FCPATH\\index.php')
CRITICAL - 2022-12-30 10:07:21 --> Undefined property: App\Controllers\Groups::$db
in APPPATH\Controllers\Groups.php on line 24.
 1 APPPATH\Controllers\Groups.php(24): CodeIgniter\Debug\Exceptions->errorHandler(2, 'Undefined property: App\\Controllers\\Groups::$db', 'APPPATH\\Controllers\\Groups.php', 24)
 2 SYSTEMPATH\CodeIgniter.php(927): App\Controllers\Groups->index()
 3 SYSTEMPATH\CodeIgniter.php(482): CodeIgniter\CodeIgniter->runController(Object(App\Controllers\Groups))
 4 SYSTEMPATH\CodeIgniter.php(351): CodeIgniter\CodeIgniter->handleRequest(null, Object(Config\Cache), false)
 5 FCPATH\index.php(67): CodeIgniter\CodeIgniter->run()
 6 SYSTEMPATH\Commands\Server\rewrite.php(46): require_once('FCPATH\\index.php')
CRITICAL - 2022-12-30 10:08:08 --> Undefined property: App\Controllers\Groups::$contact
in APPPATH\Controllers\Groups.php on line 24.
 1 APPPATH\Controllers\Groups.php(24): CodeIgniter\Debug\Exceptions->errorHandler(2, 'Undefined property: App\\Controllers\\Groups::$contact', 'APPPATH\\Controllers\\Groups.php', 24)
 2 SYSTEMPATH\CodeIgniter.php(927): App\Controllers\Groups->index()
 3 SYSTEMPATH\CodeIgniter.php(482): CodeIgniter\CodeIgniter->runController(Object(App\Controllers\Groups))
 4 SYSTEMPATH\CodeIgniter.php(351): CodeIgniter\CodeIgniter->handleRequest(null, Object(Config\Cache), false)
 5 FCPATH\index.php(67): CodeIgniter\CodeIgniter->run()
 6 SYSTEMPATH\Commands\Server\rewrite.php(46): require_once('FCPATH\\index.php')
CRITICAL - 2022-12-30 10:08:18 --> Call to undefined method App\Models\M_group::getAll
in SYSTEMPATH\Model.php on line 774.
 1 APPPATH\Controllers\Groups.php(24): CodeIgniter\Model->__call('getAll', [])
 2 SYSTEMPATH\CodeIgniter.php(927): App\Controllers\Groups->index()
 3 SYSTEMPATH\CodeIgniter.php(482): CodeIgniter\CodeIgniter->runController(Object(App\Controllers\Groups))
 4 SYSTEMPATH\CodeIgniter.php(351): CodeIgniter\CodeIgniter->handleRequest(null, Object(Config\Cache), false)
 5 FCPATH\index.php(67): CodeIgniter\CodeIgniter->run()
 6 SYSTEMPATH\Commands\Server\rewrite.php(46): require_once('FCPATH\\index.php')
CRITICAL - 2022-12-30 10:08:26 --> Undefined property: App\Controllers\Groups::$group
in APPPATH\Controllers\Groups.php on line 24.
 1 APPPATH\Controllers\Groups.php(24): CodeIgniter\Debug\Exceptions->errorHandler(2, 'Undefined property: App\\Controllers\\Groups::$group', 'APPPATH\\Controllers\\Groups.php', 24)
 2 SYSTEMPATH\CodeIgniter.php(927): App\Controllers\Groups->index()
 3 SYSTEMPATH\CodeIgniter.php(482): CodeIgniter\CodeIgniter->runController(Object(App\Controllers\Groups))
 4 SYSTEMPATH\CodeIgniter.php(351): CodeIgniter\CodeIgniter->handleRequest(null, Object(Config\Cache), false)
 5 FCPATH\index.php(67): CodeIgniter\CodeIgniter->run()
 6 SYSTEMPATH\Commands\Server\rewrite.php(46): require_once('FCPATH\\index.php')
CRITICAL - 2022-12-30 10:08:59 --> Undefined variable $data
in APPPATH\Controllers\Groups.php on line 23.
 1 APPPATH\Controllers\Groups.php(23): CodeIgniter\Debug\Exceptions->errorHandler(2, 'Undefined variable $data', 'APPPATH\\Controllers\\Groups.php', 23)
 2 SYSTEMPATH\CodeIgniter.php(927): App\Controllers\Groups->index()
 3 SYSTEMPATH\CodeIgniter.php(482): CodeIgniter\CodeIgniter->runController(Object(App\Controllers\Groups))
 4 SYSTEMPATH\CodeIgniter.php(351): CodeIgniter\CodeIgniter->handleRequest(null, Object(Config\Cache), false)
 5 FCPATH\index.php(67): CodeIgniter\CodeIgniter->run()
 6 SYSTEMPATH\Commands\Server\rewrite.php(46): require_once('FCPATH\\index.php')
CRITICAL - 2022-12-30 10:09:13 --> Undefined variable $groups
in APPPATH\Views\group\index.php on line 75.
 1 APPPATH\Views\group\index.php(75): CodeIgniter\Debug\Exceptions->errorHandler(2, 'Undefined variable $groups', 'APPPATH\\Views\\group\\index.php', 75)
 2 SYSTEMPATH\View\View.php(213): include('APPPATH\\Views\\group\\index.php')
 3 SYSTEMPATH\View\View.php(216): CodeIgniter\View\View->CodeIgniter\View\{closure}()
 4 SYSTEMPATH\Common.php(1134): CodeIgniter\View\View->render('group/index', [], true)
 5 APPPATH\Controllers\Groups.php(23): view('group/index')
 6 SYSTEMPATH\CodeIgniter.php(927): App\Controllers\Groups->index()
 7 SYSTEMPATH\CodeIgniter.php(482): CodeIgniter\CodeIgniter->runController(Object(App\Controllers\Groups))
 8 SYSTEMPATH\CodeIgniter.php(351): CodeIgniter\CodeIgniter->handleRequest(null, Object(Config\Cache), false)
 9 FCPATH\index.php(67): CodeIgniter\CodeIgniter->run()
10 SYSTEMPATH\Commands\Server\rewrite.php(46): require_once('FCPATH\\index.php')
CRITICAL - 2022-12-30 10:10:02 --> Call to undefined method App\Models\M_group::getAll
in SYSTEMPATH\Model.php on line 774.
 1 APPPATH\Controllers\Groups.php(22): CodeIgniter\Model->__call('getAll', [])
 2 SYSTEMPATH\CodeIgniter.php(927): App\Controllers\Groups->index()
 3 SYSTEMPATH\CodeIgniter.php(482): CodeIgniter\CodeIgniter->runController(Object(App\Controllers\Groups))
 4 SYSTEMPATH\CodeIgniter.php(351): CodeIgniter\CodeIgniter->handleRequest(null, Object(Config\Cache), false)
 5 FCPATH\index.php(67): CodeIgniter\CodeIgniter->run()
 6 SYSTEMPATH\Commands\Server\rewrite.php(46): require_once('FCPATH\\index.php')
CRITICAL - 2022-12-30 10:10:14 --> Undefined variable $pager
in APPPATH\Views\group\index.php on line 95.
 1 APPPATH\Views\group\index.php(95): CodeIgniter\Debug\Exceptions->errorHandler(2, 'Undefined variable $pager', 'APPPATH\\Views\\group\\index.php', 95)
 2 SYSTEMPATH\View\View.php(213): include('APPPATH\\Views\\group\\index.php')
 3 SYSTEMPATH\View\View.php(216): CodeIgniter\View\View->CodeIgniter\View\{closure}()
 4 SYSTEMPATH\Common.php(1134): CodeIgniter\View\View->render('group/index', [], true)
 5 APPPATH\Controllers\Groups.php(23): view('group/index', [...])
 6 SYSTEMPATH\CodeIgniter.php(927): App\Controllers\Groups->index()
 7 SYSTEMPATH\CodeIgniter.php(482): CodeIgniter\CodeIgniter->runController(Object(App\Controllers\Groups))
 8 SYSTEMPATH\CodeIgniter.php(351): CodeIgniter\CodeIgniter->handleRequest(null, Object(Config\Cache), false)
 9 FCPATH\index.php(67): CodeIgniter\CodeIgniter->run()
10 SYSTEMPATH\Commands\Server\rewrite.php(46): require_once('FCPATH\\index.php')
CRITICAL - 2022-12-30 10:10:29 --> Undefined variable $pager
in APPPATH\Views\group\index.php on line 95.
 1 APPPATH\Views\group\index.php(95): CodeIgniter\Debug\Exceptions->errorHandler(2, 'Undefined variable $pager', 'APPPATH\\Views\\group\\index.php', 95)
 2 SYSTEMPATH\View\View.php(213): include('APPPATH\\Views\\group\\index.php')
 3 SYSTEMPATH\View\View.php(216): CodeIgniter\View\View->CodeIgniter\View\{closure}()
 4 SYSTEMPATH\Common.php(1134): CodeIgniter\View\View->render('group/index', [], true)
 5 APPPATH\Controllers\Groups.php(23): view('group/index', [...])
 6 SYSTEMPATH\CodeIgniter.php(927): App\Controllers\Groups->index()
 7 SYSTEMPATH\CodeIgniter.php(482): CodeIgniter\CodeIgniter->runController(Object(App\Controllers\Groups))
 8 SYSTEMPATH\CodeIgniter.php(351): CodeIgniter\CodeIgniter->handleRequest(null, Object(Config\Cache), false)
 9 FCPATH\index.php(67): CodeIgniter\CodeIgniter->run()
10 SYSTEMPATH\Commands\Server\rewrite.php(46): require_once('FCPATH\\index.php')
CRITICAL - 2022-12-30 11:08:52 --> Undefined variable $brg
in APPPATH\Views\home.php on line 22.
 1 APPPATH\Views\home.php(22): CodeIgniter\Debug\Exceptions->errorHandler(2, 'Undefined variable $brg', 'APPPATH\\Views\\home.php', 22)
 2 SYSTEMPATH\View\View.php(213): include('APPPATH\\Views\\home.php')
 3 SYSTEMPATH\View\View.php(216): CodeIgniter\View\View->CodeIgniter\View\{closure}()
 4 SYSTEMPATH\Common.php(1134): CodeIgniter\View\View->render('home', [], true)
 5 APPPATH\Controllers\Home.php(9): view('home')
 6 SYSTEMPATH\CodeIgniter.php(927): App\Controllers\Home->index()
 7 SYSTEMPATH\CodeIgniter.php(482): CodeIgniter\CodeIgniter->runController(Object(App\Controllers\Home))
 8 SYSTEMPATH\CodeIgniter.php(351): CodeIgniter\CodeIgniter->handleRequest(null, Object(Config\Cache), false)
 9 FCPATH\index.php(67): CodeIgniter\CodeIgniter->run()
10 SYSTEMPATH\Commands\Server\rewrite.php(46): require_once('FCPATH\\index.php')
CRITICAL - 2022-12-30 16:15:36 --> Attempt to read property "name_user" on null
in APPPATH\Views\layout\default.php on line 209.
 1 APPPATH\Views\layout\default.php(209): CodeIgniter\Debug\Exceptions->errorHandler(2, 'Attempt to read property "name_user" on null', 'APPPATH\\Views\\layout\\default.php', 209)
 2 SYSTEMPATH\View\View.php(213): include('APPPATH\\Views\\layout\\default.php')
 3 SYSTEMPATH\View\View.php(216): CodeIgniter\View\View->CodeIgniter\View\{closure}()
 4 SYSTEMPATH\View\View.php(229): CodeIgniter\View\View->render('layout/default', [], true)
 5 SYSTEMPATH\Common.php(1134): CodeIgniter\View\View->render('home', [], true)
 6 APPPATH\Controllers\Home.php(9): view('home')
 7 SYSTEMPATH\CodeIgniter.php(927): App\Controllers\Home->index()
 8 SYSTEMPATH\CodeIgniter.php(482): CodeIgniter\CodeIgniter->runController(Object(App\Controllers\Home))
 9 SYSTEMPATH\CodeIgniter.php(351): CodeIgniter\CodeIgniter->handleRequest(null, Object(Config\Cache), false)
10 FCPATH\index.php(67): CodeIgniter\CodeIgniter->run()
11 SYSTEMPATH\Commands\Server\rewrite.php(46): require_once('FCPATH\\index.php')
CRITICAL - 2022-12-30 16:15:37 --> Attempt to read property "name_user" on null
in APPPATH\Views\layout\default.php on line 209.
 1 APPPATH\Views\layout\default.php(209): CodeIgniter\Debug\Exceptions->errorHandler(2, 'Attempt to read property "name_user" on null', 'APPPATH\\Views\\layout\\default.php', 209)
 2 SYSTEMPATH\View\View.php(213): include('APPPATH\\Views\\layout\\default.php')
 3 SYSTEMPATH\View\View.php(216): CodeIgniter\View\View->CodeIgniter\View\{closure}()
 4 SYSTEMPATH\View\View.php(229): CodeIgniter\View\View->render('layout/default', [], true)
 5 SYSTEMPATH\Common.php(1134): CodeIgniter\View\View->render('home', [], true)
 6 APPPATH\Controllers\Home.php(9): view('home')
 7 SYSTEMPATH\CodeIgniter.php(927): App\Controllers\Home->index()
 8 SYSTEMPATH\CodeIgniter.php(482): CodeIgniter\CodeIgniter->runController(Object(App\Controllers\Home))
 9 SYSTEMPATH\CodeIgniter.php(351): CodeIgniter\CodeIgniter->handleRequest(null, Object(Config\Cache), false)
10 FCPATH\index.php(67): CodeIgniter\CodeIgniter->run()
11 SYSTEMPATH\Commands\Server\rewrite.php(46): require_once('FCPATH\\index.php')
CRITICAL - 2022-12-30 16:58:01 --> require(vendor/autoload.php): Failed to open stream: No such file or directory
in APPPATH\Controllers\Kontak.php on line 5.
 1 APPPATH\Controllers\Kontak.php(5): CodeIgniter\Debug\Exceptions->errorHandler(2, 'require(vendor/autoload.php): Failed to open stream: No such file or directory', 'APPPATH\\Controllers\\Kontak.php', 5)
 2 APPPATH\Controllers\Kontak.php(5): require()
 3 SYSTEMPATH\Router\AutoRouter.php(147): include_once('APPPATH\\Controllers\\Kontak.php')
 4 SYSTEMPATH\Router\Router.php(499): CodeIgniter\Router\AutoRouter->getRoute('kontak/export')
 5 SYSTEMPATH\Router\Router.php(205): CodeIgniter\Router\Router->autoRoute('kontak/export')
 6 SYSTEMPATH\CodeIgniter.php(802): CodeIgniter\Router\Router->handle('kontak/export')
 7 SYSTEMPATH\CodeIgniter.php(430): CodeIgniter\CodeIgniter->tryToRouteIt(Object(CodeIgniter\Router\RouteCollection))
 8 SYSTEMPATH\CodeIgniter.php(351): CodeIgniter\CodeIgniter->handleRequest(null, Object(Config\Cache), false)
 9 FCPATH\index.php(67): CodeIgniter\CodeIgniter->run()
10 SYSTEMPATH\Commands\Server\rewrite.php(46): require_once('FCPATH\\index.php')
CRITICAL - 2022-12-30 16:58:02 --> require(vendor/autoload.php): Failed to open stream: No such file or directory
in APPPATH\Controllers\Kontak.php on line 5.
 1 APPPATH\Controllers\Kontak.php(5): CodeIgniter\Debug\Exceptions->errorHandler(2, 'require(vendor/autoload.php): Failed to open stream: No such file or directory', 'APPPATH\\Controllers\\Kontak.php', 5)
 2 APPPATH\Controllers\Kontak.php(5): require()
 3 SYSTEMPATH\Router\AutoRouter.php(147): include_once('APPPATH\\Controllers\\Kontak.php')
 4 SYSTEMPATH\Router\Router.php(499): CodeIgniter\Router\AutoRouter->getRoute('kontak/export')
 5 SYSTEMPATH\Router\Router.php(205): CodeIgniter\Router\Router->autoRoute('kontak/export')
 6 SYSTEMPATH\CodeIgniter.php(802): CodeIgniter\Router\Router->handle('kontak/export')
 7 SYSTEMPATH\CodeIgniter.php(430): CodeIgniter\CodeIgniter->tryToRouteIt(Object(CodeIgniter\Router\RouteCollection))
 8 SYSTEMPATH\CodeIgniter.php(351): CodeIgniter\CodeIgniter->handleRequest(null, Object(Config\Cache), false)
 9 FCPATH\index.php(67): CodeIgniter\CodeIgniter->run()
10 SYSTEMPATH\Commands\Server\rewrite.php(46): require_once('FCPATH\\index.php')
CRITICAL - 2022-12-30 16:58:02 --> require(vendor/autoload.php): Failed to open stream: No such file or directory
in APPPATH\Controllers\Kontak.php on line 5.
 1 APPPATH\Controllers\Kontak.php(5): CodeIgniter\Debug\Exceptions->errorHandler(2, 'require(vendor/autoload.php): Failed to open stream: No such file or directory', 'APPPATH\\Controllers\\Kontak.php', 5)
 2 APPPATH\Controllers\Kontak.php(5): require()
 3 SYSTEMPATH\Router\AutoRouter.php(147): include_once('APPPATH\\Controllers\\Kontak.php')
 4 SYSTEMPATH\Router\Router.php(499): CodeIgniter\Router\AutoRouter->getRoute('kontak/export')
 5 SYSTEMPATH\Router\Router.php(205): CodeIgniter\Router\Router->autoRoute('kontak/export')
 6 SYSTEMPATH\CodeIgniter.php(802): CodeIgniter\Router\Router->handle('kontak/export')
 7 SYSTEMPATH\CodeIgniter.php(430): CodeIgniter\CodeIgniter->tryToRouteIt(Object(CodeIgniter\Router\RouteCollection))
 8 SYSTEMPATH\CodeIgniter.php(351): CodeIgniter\CodeIgniter->handleRequest(null, Object(Config\Cache), false)
 9 FCPATH\index.php(67): CodeIgniter\CodeIgniter->run()
10 SYSTEMPATH\Commands\Server\rewrite.php(46): require_once('FCPATH\\index.php')
