CRITICAL - 2022-12-29 08:11:19 --> Attempt to read property "name_user" on null
in APPPATH\Views\layout\default.php on line 204.
 1 APPPATH\Views\layout\default.php(204): CodeIgniter\Debug\Exceptions->errorHandler(2, 'Attempt to read property "name_user" on null', 'APPPATH\\Views\\layout\\default.php', 204)
 2 SYSTEMPATH\View\View.php(213): include('APPPATH\\Views\\layout\\default.php')
 3 SYSTEMPATH\View\View.php(216): CodeIgniter\View\View->CodeIgniter\View\{closure}()
 4 SYSTEMPATH\View\View.php(229): CodeIgniter\View\View->render('layout/default', [], true)
 5 SYSTEMPATH\Common.php(1134): CodeIgniter\View\View->render('home', [], true)
 6 APPPATH\Controllers\Home.php(9): view('home')
 7 SYSTEMPATH\CodeIgniter.php(927): App\Controllers\Home->index()
 8 SYSTEMPATH\CodeIgniter.php(482): CodeIgniter\CodeIgniter->runController(Object(App\Controllers\Home))
 9 SYSTEMPATH\CodeIgniter.php(351): CodeIgniter\CodeIgniter->handleRequest(null, Object(Config\Cache), false)
10 FCPATH\index.php(67): CodeIgniter\CodeIgniter->run()
11 SYSTEMPATH\Commands\Server\rewrite.php(46): require_once('FCPATH\\index.php')
CRITICAL - 2022-12-29 16:24:40 --> Attempt to read property "name_user" on null
in APPPATH\Views\layout\default.php on line 209.
 1 APPPATH\Views\layout\default.php(209): CodeIgniter\Debug\Exceptions->errorHandler(2, 'Attempt to read property "name_user" on null', 'APPPATH\\Views\\layout\\default.php', 209)
 2 SYSTEMPATH\View\View.php(213): include('APPPATH\\Views\\layout\\default.php')
 3 SYSTEMPATH\View\View.php(216): CodeIgniter\View\View->CodeIgniter\View\{closure}()
 4 SYSTEMPATH\View\View.php(229): CodeIgniter\View\View->render('layout/default', [], true)
 5 SYSTEMPATH\Common.php(1134): CodeIgniter\View\View->render('home', [], true)
 6 APPPATH\Controllers\Home.php(9): view('home')
 7 SYSTEMPATH\CodeIgniter.php(927): App\Controllers\Home->index()
 8 SYSTEMPATH\CodeIgniter.php(482): CodeIgniter\CodeIgniter->runController(Object(App\Controllers\Home))
 9 SYSTEMPATH\CodeIgniter.php(351): CodeIgniter\CodeIgniter->handleRequest(null, Object(Config\Cache), false)
10 FCPATH\index.php(67): CodeIgniter\CodeIgniter->run()
11 SYSTEMPATH\Commands\Server\rewrite.php(46): require_once('FCPATH\\index.php')
CRITICAL - 2022-12-29 16:46:54 --> Invalid file: App\views\pagination.php
in SYSTEMPATH\Exceptions\FrameworkException.php on line 33.
 1 SYSTEMPATH\View\View.php(201): CodeIgniter\Exceptions\FrameworkException::forInvalidFile('App\\views\\pagination.php')
 2 SYSTEMPATH\Pager\Pager.php(126): CodeIgniter\View\View->render('App\\views\\pagination', null, false)
 3 SYSTEMPATH\Pager\Pager.php(83): CodeIgniter\Pager\Pager->displayLinks('default', 'pagination')
 4 APPPATH\Views\group\index.php(79): CodeIgniter\Pager\Pager->links('default', 'pagination')
 5 SYSTEMPATH\View\View.php(213): include('APPPATH\\Views\\group\\index.php')
 6 SYSTEMPATH\View\View.php(216): CodeIgniter\View\View->CodeIgniter\View\{closure}()
 7 SYSTEMPATH\Common.php(1134): CodeIgniter\View\View->render('group/index', [], true)
 8 APPPATH\Controllers\Groups.php(24): view('group/index', [...])
 9 SYSTEMPATH\CodeIgniter.php(927): App\Controllers\Groups->index()
10 SYSTEMPATH\CodeIgniter.php(482): CodeIgniter\CodeIgniter->runController(Object(App\Controllers\Groups))
11 SYSTEMPATH\CodeIgniter.php(351): CodeIgniter\CodeIgniter->handleRequest(null, Object(Config\Cache), false)
12 FCPATH\index.php(67): CodeIgniter\CodeIgniter->run()
13 SYSTEMPATH\Commands\Server\rewrite.php(46): require_once('FCPATH\\index.php')
CRITICAL - 2022-12-29 17:45:02 --> Unsupported operand types: CodeIgniter\Pager\Pager + int
in APPPATH\Views\group\index.php on line 62.
 1 SYSTEMPATH\View\View.php(213): include()
 2 SYSTEMPATH\View\View.php(216): CodeIgniter\View\View->CodeIgniter\View\{closure}()
 3 SYSTEMPATH\Common.php(1134): CodeIgniter\View\View->render('group/index', [], true)
 4 APPPATH\Controllers\Groups.php(24): view('group/index', [...])
 5 SYSTEMPATH\CodeIgniter.php(927): App\Controllers\Groups->index()
 6 SYSTEMPATH\CodeIgniter.php(482): CodeIgniter\CodeIgniter->runController(Object(App\Controllers\Groups))
 7 SYSTEMPATH\CodeIgniter.php(351): CodeIgniter\CodeIgniter->handleRequest(null, Object(Config\Cache), false)
 8 FCPATH\index.php(67): CodeIgniter\CodeIgniter->run()
 9 SYSTEMPATH\Commands\Server\rewrite.php(46): require_once('FCPATH\\index.php')
CRITICAL - 2022-12-29 17:45:40 --> Unsupported operand types: CodeIgniter\Pager\Pager * string
in APPPATH\Views\group\index.php on line 62.
 1 SYSTEMPATH\View\View.php(213): include()
 2 SYSTEMPATH\View\View.php(216): CodeIgniter\View\View->CodeIgniter\View\{closure}()
 3 SYSTEMPATH\Common.php(1134): CodeIgniter\View\View->render('group/index', [], true)
 4 APPPATH\Controllers\Groups.php(24): view('group/index', [...])
 5 SYSTEMPATH\CodeIgniter.php(927): App\Controllers\Groups->index()
 6 SYSTEMPATH\CodeIgniter.php(482): CodeIgniter\CodeIgniter->runController(Object(App\Controllers\Groups))
 7 SYSTEMPATH\CodeIgniter.php(351): CodeIgniter\CodeIgniter->handleRequest(null, Object(Config\Cache), false)
 8 FCPATH\index.php(67): CodeIgniter\CodeIgniter->run()
 9 SYSTEMPATH\Commands\Server\rewrite.php(46): require_once('FCPATH\\index.php')
CRITICAL - 2022-12-29 17:46:05 --> Undefined constant "paginate"
in APPPATH\Views\group\index.php on line 62.
 1 SYSTEMPATH\View\View.php(213): include()
 2 SYSTEMPATH\View\View.php(216): CodeIgniter\View\View->CodeIgniter\View\{closure}()
 3 SYSTEMPATH\Common.php(1134): CodeIgniter\View\View->render('group/index', [], true)
 4 APPPATH\Controllers\Groups.php(24): view('group/index', [...])
 5 SYSTEMPATH\CodeIgniter.php(927): App\Controllers\Groups->index()
 6 SYSTEMPATH\CodeIgniter.php(482): CodeIgniter\CodeIgniter->runController(Object(App\Controllers\Groups))
 7 SYSTEMPATH\CodeIgniter.php(351): CodeIgniter\CodeIgniter->handleRequest(null, Object(Config\Cache), false)
 8 FCPATH\index.php(67): CodeIgniter\CodeIgniter->run()
 9 SYSTEMPATH\Commands\Server\rewrite.php(46): require_once('FCPATH\\index.php')
CRITICAL - 2022-12-29 17:46:28 --> Undefined constant "paginate"
in APPPATH\Views\group\index.php on line 62.
 1 SYSTEMPATH\View\View.php(213): include()
 2 SYSTEMPATH\View\View.php(216): CodeIgniter\View\View->CodeIgniter\View\{closure}()
 3 SYSTEMPATH\Common.php(1134): CodeIgniter\View\View->render('group/index', [], true)
 4 APPPATH\Controllers\Groups.php(24): view('group/index', [...])
 5 SYSTEMPATH\CodeIgniter.php(927): App\Controllers\Groups->index()
 6 SYSTEMPATH\CodeIgniter.php(482): CodeIgniter\CodeIgniter->runController(Object(App\Controllers\Groups))
 7 SYSTEMPATH\CodeIgniter.php(351): CodeIgniter\CodeIgniter->handleRequest(null, Object(Config\Cache), false)
 8 FCPATH\index.php(67): CodeIgniter\CodeIgniter->run()
 9 SYSTEMPATH\Commands\Server\rewrite.php(46): require_once('FCPATH\\index.php')
CRITICAL - 2022-12-29 17:46:37 --> Undefined variable $paginate
in APPPATH\Views\group\index.php on line 62.
 1 APPPATH\Views\group\index.php(62): CodeIgniter\Debug\Exceptions->errorHandler(2, 'Undefined variable $paginate', 'APPPATH\\Views\\group\\index.php', 62)
 2 SYSTEMPATH\View\View.php(213): include('APPPATH\\Views\\group\\index.php')
 3 SYSTEMPATH\View\View.php(216): CodeIgniter\View\View->CodeIgniter\View\{closure}()
 4 SYSTEMPATH\Common.php(1134): CodeIgniter\View\View->render('group/index', [], true)
 5 APPPATH\Controllers\Groups.php(24): view('group/index', [...])
 6 SYSTEMPATH\CodeIgniter.php(927): App\Controllers\Groups->index()
 7 SYSTEMPATH\CodeIgniter.php(482): CodeIgniter\CodeIgniter->runController(Object(App\Controllers\Groups))
 8 SYSTEMPATH\CodeIgniter.php(351): CodeIgniter\CodeIgniter->handleRequest(null, Object(Config\Cache), false)
 9 FCPATH\index.php(67): CodeIgniter\CodeIgniter->run()
10 SYSTEMPATH\Commands\Server\rewrite.php(46): require_once('FCPATH\\index.php')
CRITICAL - 2022-12-29 17:47:33 --> Undefined variable $data
in APPPATH\Views\group\index.php on line 62.
 1 APPPATH\Views\group\index.php(62): CodeIgniter\Debug\Exceptions->errorHandler(2, 'Undefined variable $data', 'APPPATH\\Views\\group\\index.php', 62)
 2 SYSTEMPATH\View\View.php(213): include('APPPATH\\Views\\group\\index.php')
 3 SYSTEMPATH\View\View.php(216): CodeIgniter\View\View->CodeIgniter\View\{closure}()
 4 SYSTEMPATH\Common.php(1134): CodeIgniter\View\View->render('group/index', [], true)
 5 APPPATH\Controllers\Groups.php(24): view('group/index', [...])
 6 SYSTEMPATH\CodeIgniter.php(927): App\Controllers\Groups->index()
 7 SYSTEMPATH\CodeIgniter.php(482): CodeIgniter\CodeIgniter->runController(Object(App\Controllers\Groups))
 8 SYSTEMPATH\CodeIgniter.php(351): CodeIgniter\CodeIgniter->handleRequest(null, Object(Config\Cache), false)
 9 FCPATH\index.php(67): CodeIgniter\CodeIgniter->run()
10 SYSTEMPATH\Commands\Server\rewrite.php(46): require_once('FCPATH\\index.php')
CRITICAL - 2022-12-29 17:48:02 --> Unsupported operand types: string + array
in APPPATH\Views\group\index.php on line 62.
 1 SYSTEMPATH\View\View.php(213): include()
 2 SYSTEMPATH\View\View.php(216): CodeIgniter\View\View->CodeIgniter\View\{closure}()
 3 SYSTEMPATH\Common.php(1134): CodeIgniter\View\View->render('group/index', [], true)
 4 APPPATH\Controllers\Groups.php(24): view('group/index', [...])
 5 SYSTEMPATH\CodeIgniter.php(927): App\Controllers\Groups->index()
 6 SYSTEMPATH\CodeIgniter.php(482): CodeIgniter\CodeIgniter->runController(Object(App\Controllers\Groups))
 7 SYSTEMPATH\CodeIgniter.php(351): CodeIgniter\CodeIgniter->handleRequest(null, Object(Config\Cache), false)
 8 FCPATH\index.php(67): CodeIgniter\CodeIgniter->run()
 9 SYSTEMPATH\Commands\Server\rewrite.php(46): require_once('FCPATH\\index.php')
CRITICAL - 2022-12-29 17:48:51 --> Undefined variable $data
in APPPATH\Views\group\index.php on line 62.
 1 APPPATH\Views\group\index.php(62): CodeIgniter\Debug\Exceptions->errorHandler(2, 'Undefined variable $data', 'APPPATH\\Views\\group\\index.php', 62)
 2 SYSTEMPATH\View\View.php(213): include('APPPATH\\Views\\group\\index.php')
 3 SYSTEMPATH\View\View.php(216): CodeIgniter\View\View->CodeIgniter\View\{closure}()
 4 SYSTEMPATH\Common.php(1134): CodeIgniter\View\View->render('group/index', [], true)
 5 APPPATH\Controllers\Groups.php(24): view('group/index', [...])
 6 SYSTEMPATH\CodeIgniter.php(927): App\Controllers\Groups->index()
 7 SYSTEMPATH\CodeIgniter.php(482): CodeIgniter\CodeIgniter->runController(Object(App\Controllers\Groups))
 8 SYSTEMPATH\CodeIgniter.php(351): CodeIgniter\CodeIgniter->handleRequest(null, Object(Config\Cache), false)
 9 FCPATH\index.php(67): CodeIgniter\CodeIgniter->run()
10 SYSTEMPATH\Commands\Server\rewrite.php(46): require_once('FCPATH\\index.php')
CRITICAL - 2022-12-29 17:48:54 --> Undefined variable $data
in APPPATH\Views\group\index.php on line 62.
 1 APPPATH\Views\group\index.php(62): CodeIgniter\Debug\Exceptions->errorHandler(2, 'Undefined variable $data', 'APPPATH\\Views\\group\\index.php', 62)
 2 SYSTEMPATH\View\View.php(213): include('APPPATH\\Views\\group\\index.php')
 3 SYSTEMPATH\View\View.php(216): CodeIgniter\View\View->CodeIgniter\View\{closure}()
 4 SYSTEMPATH\Common.php(1134): CodeIgniter\View\View->render('group/index', [], true)
 5 APPPATH\Controllers\Groups.php(24): view('group/index', [...])
 6 SYSTEMPATH\CodeIgniter.php(927): App\Controllers\Groups->index()
 7 SYSTEMPATH\CodeIgniter.php(482): CodeIgniter\CodeIgniter->runController(Object(App\Controllers\Groups))
 8 SYSTEMPATH\CodeIgniter.php(351): CodeIgniter\CodeIgniter->handleRequest(null, Object(Config\Cache), false)
 9 FCPATH\index.php(67): CodeIgniter\CodeIgniter->run()
10 SYSTEMPATH\Commands\Server\rewrite.php(46): require_once('FCPATH\\index.php')
CRITICAL - 2022-12-29 17:50:10 --> Unsupported operand types: int + CodeIgniter\Pager\Pager
in APPPATH\Views\group\index.php on line 62.
 1 SYSTEMPATH\View\View.php(213): include()
 2 SYSTEMPATH\View\View.php(216): CodeIgniter\View\View->CodeIgniter\View\{closure}()
 3 SYSTEMPATH\Common.php(1134): CodeIgniter\View\View->render('group/index', [], true)
 4 APPPATH\Controllers\Groups.php(24): view('group/index', [...])
 5 SYSTEMPATH\CodeIgniter.php(927): App\Controllers\Groups->index()
 6 SYSTEMPATH\CodeIgniter.php(482): CodeIgniter\CodeIgniter->runController(Object(App\Controllers\Groups))
 7 SYSTEMPATH\CodeIgniter.php(351): CodeIgniter\CodeIgniter->handleRequest(null, Object(Config\Cache), false)
 8 FCPATH\index.php(67): CodeIgniter\CodeIgniter->run()
 9 SYSTEMPATH\Commands\Server\rewrite.php(46): require_once('FCPATH\\index.php')
CRITICAL - 2022-12-29 17:52:18 --> Undefined variable $paginate
in APPPATH\Views\group\index.php on line 62.
 1 APPPATH\Views\group\index.php(62): CodeIgniter\Debug\Exceptions->errorHandler(2, 'Undefined variable $paginate', 'APPPATH\\Views\\group\\index.php', 62)
 2 SYSTEMPATH\View\View.php(213): include('APPPATH\\Views\\group\\index.php')
 3 SYSTEMPATH\View\View.php(216): CodeIgniter\View\View->CodeIgniter\View\{closure}()
 4 SYSTEMPATH\Common.php(1134): CodeIgniter\View\View->render('group/index', [], true)
 5 APPPATH\Controllers\Groups.php(24): view('group/index', [...])
 6 SYSTEMPATH\CodeIgniter.php(927): App\Controllers\Groups->index()
 7 SYSTEMPATH\CodeIgniter.php(482): CodeIgniter\CodeIgniter->runController(Object(App\Controllers\Groups))
 8 SYSTEMPATH\CodeIgniter.php(351): CodeIgniter\CodeIgniter->handleRequest(null, Object(Config\Cache), false)
 9 FCPATH\index.php(67): CodeIgniter\CodeIgniter->run()
10 SYSTEMPATH\Commands\Server\rewrite.php(46): require_once('FCPATH\\index.php')
CRITICAL - 2022-12-29 17:59:26 --> Maximum execution time of 60 seconds exceeded
in SYSTEMPATH\Database\MySQLi\Connection.php on line 171.
 1 [internal function]: CodeIgniter\Debug\Exceptions->shutdownHandler()
CRITICAL - 2022-12-29 19:48:17 --> CodeIgniter\BaseModel::paginate(): Argument #2 ($group) must be of type string, null given, called in C:\xampp\htdocs\yuknikah\app\Controllers\Groups.php on line 23
in SYSTEMPATH\BaseModel.php on line 1095.
 1 APPPATH\Controllers\Groups.php(23): CodeIgniter\BaseModel->paginate(4, null)
 2 SYSTEMPATH\CodeIgniter.php(927): App\Controllers\Groups->index()
 3 SYSTEMPATH\CodeIgniter.php(482): CodeIgniter\CodeIgniter->runController(Object(App\Controllers\Groups))
 4 SYSTEMPATH\CodeIgniter.php(351): CodeIgniter\CodeIgniter->handleRequest(null, Object(Config\Cache), false)
 5 FCPATH\index.php(67): CodeIgniter\CodeIgniter->run()
 6 SYSTEMPATH\Commands\Server\rewrite.php(46): require_once('FCPATH\\index.php')
CRITICAL - 2022-12-29 19:51:50 --> CodeIgniter\BaseModel::paginate(): Argument #2 ($group) must be of type string, null given, called in C:\xampp\htdocs\yuknikah\app\Controllers\Groups.php on line 23
in SYSTEMPATH\BaseModel.php on line 1095.
 1 APPPATH\Controllers\Groups.php(23): CodeIgniter\BaseModel->paginate(4, null)
 2 SYSTEMPATH\CodeIgniter.php(927): App\Controllers\Groups->index()
 3 SYSTEMPATH\CodeIgniter.php(482): CodeIgniter\CodeIgniter->runController(Object(App\Controllers\Groups))
 4 SYSTEMPATH\CodeIgniter.php(351): CodeIgniter\CodeIgniter->handleRequest(null, Object(Config\Cache), false)
 5 FCPATH\index.php(67): CodeIgniter\CodeIgniter->run()
 6 SYSTEMPATH\Commands\Server\rewrite.php(46): require_once('FCPATH\\index.php')
CRITICAL - 2022-12-29 19:52:11 --> CodeIgniter\BaseModel::paginate(): Argument #2 ($group) must be of type string, null given, called in C:\xampp\htdocs\yuknikah\app\Controllers\Groups.php on line 23
in SYSTEMPATH\BaseModel.php on line 1095.
 1 APPPATH\Controllers\Groups.php(23): CodeIgniter\BaseModel->paginate(4, null)
 2 SYSTEMPATH\CodeIgniter.php(927): App\Controllers\Groups->index()
 3 SYSTEMPATH\CodeIgniter.php(482): CodeIgniter\CodeIgniter->runController(Object(App\Controllers\Groups))
 4 SYSTEMPATH\CodeIgniter.php(351): CodeIgniter\CodeIgniter->handleRequest(null, Object(Config\Cache), false)
 5 FCPATH\index.php(67): CodeIgniter\CodeIgniter->run()
 6 SYSTEMPATH\Commands\Server\rewrite.php(46): require_once('FCPATH\\index.php')
CRITICAL - 2022-12-29 19:52:15 --> CodeIgniter\BaseModel::paginate(): Argument #2 ($group) must be of type string, null given, called in C:\xampp\htdocs\yuknikah\app\Controllers\Groups.php on line 23
in SYSTEMPATH\BaseModel.php on line 1095.
 1 APPPATH\Controllers\Groups.php(23): CodeIgniter\BaseModel->paginate(4, null)
 2 SYSTEMPATH\CodeIgniter.php(927): App\Controllers\Groups->index()
 3 SYSTEMPATH\CodeIgniter.php(482): CodeIgniter\CodeIgniter->runController(Object(App\Controllers\Groups))
 4 SYSTEMPATH\CodeIgniter.php(351): CodeIgniter\CodeIgniter->handleRequest(null, Object(Config\Cache), false)
 5 FCPATH\index.php(67): CodeIgniter\CodeIgniter->run()
 6 SYSTEMPATH\Commands\Server\rewrite.php(46): require_once('FCPATH\\index.php')
CRITICAL - 2022-12-29 19:53:33 --> syntax error, unexpected token "}"
in APPPATH\Models\M_group.php on line 39.
 1 SYSTEMPATH\Autoloader\Autoloader.php(259): CodeIgniter\Autoloader\Autoloader->includeFile('APPPATH\\Models\\M_group.php')
 2 SYSTEMPATH\Autoloader\Autoloader.php(237): CodeIgniter\Autoloader\Autoloader->loadInNamespace('App\\Models\\M_group')
 3 APPPATH\Controllers\Groups.php(13): CodeIgniter\Autoloader\Autoloader->loadClass('App\\Models\\M_group')
 4 SYSTEMPATH\CodeIgniter.php(889): App\Controllers\Groups->__construct()
 5 SYSTEMPATH\CodeIgniter.php(473): CodeIgniter\CodeIgniter->createController()
 6 SYSTEMPATH\CodeIgniter.php(351): CodeIgniter\CodeIgniter->handleRequest(null, Object(Config\Cache), false)
 7 FCPATH\index.php(67): CodeIgniter\CodeIgniter->run()
 8 SYSTEMPATH\Commands\Server\rewrite.php(46): require_once('FCPATH\\index.php')
CRITICAL - 2022-12-29 19:53:55 --> Undefined variable $keyword
in APPPATH\Controllers\Groups.php on line 23.
 1 APPPATH\Controllers\Groups.php(23): CodeIgniter\Debug\Exceptions->errorHandler(2, 'Undefined variable $keyword', 'APPPATH\\Controllers\\Groups.php', 23)
 2 SYSTEMPATH\CodeIgniter.php(927): App\Controllers\Groups->index()
 3 SYSTEMPATH\CodeIgniter.php(482): CodeIgniter\CodeIgniter->runController(Object(App\Controllers\Groups))
 4 SYSTEMPATH\CodeIgniter.php(351): CodeIgniter\CodeIgniter->handleRequest(null, Object(Config\Cache), false)
 5 FCPATH\index.php(67): CodeIgniter\CodeIgniter->run()
 6 SYSTEMPATH\Commands\Server\rewrite.php(46): require_once('FCPATH\\index.php')
CRITICAL - 2022-12-29 19:54:32 --> CodeIgniter\BaseModel::paginate(): Argument #2 ($group) must be of type string, null given, called in C:\xampp\htdocs\yuknikah\app\Controllers\Groups.php on line 23
in SYSTEMPATH\BaseModel.php on line 1095.
 1 APPPATH\Controllers\Groups.php(23): CodeIgniter\BaseModel->paginate(4, null)
 2 SYSTEMPATH\CodeIgniter.php(927): App\Controllers\Groups->index()
 3 SYSTEMPATH\CodeIgniter.php(482): CodeIgniter\CodeIgniter->runController(Object(App\Controllers\Groups))
 4 SYSTEMPATH\CodeIgniter.php(351): CodeIgniter\CodeIgniter->handleRequest(null, Object(Config\Cache), false)
 5 FCPATH\index.php(67): CodeIgniter\CodeIgniter->run()
 6 SYSTEMPATH\Commands\Server\rewrite.php(46): require_once('FCPATH\\index.php')
CRITICAL - 2022-12-29 19:55:24 --> CodeIgniter\BaseModel::paginate(): Argument #2 ($group) must be of type string, null given, called in C:\xampp\htdocs\yuknikah\app\Controllers\Groups.php on line 23
in SYSTEMPATH\BaseModel.php on line 1095.
 1 APPPATH\Controllers\Groups.php(23): CodeIgniter\BaseModel->paginate(4, null)
 2 SYSTEMPATH\CodeIgniter.php(927): App\Controllers\Groups->index()
 3 SYSTEMPATH\CodeIgniter.php(482): CodeIgniter\CodeIgniter->runController(Object(App\Controllers\Groups))
 4 SYSTEMPATH\CodeIgniter.php(351): CodeIgniter\CodeIgniter->handleRequest(null, Object(Config\Cache), false)
 5 FCPATH\index.php(67): CodeIgniter\CodeIgniter->run()
 6 SYSTEMPATH\Commands\Server\rewrite.php(46): require_once('FCPATH\\index.php')
CRITICAL - 2022-12-29 19:55:27 --> CodeIgniter\BaseModel::paginate(): Argument #2 ($group) must be of type string, null given, called in C:\xampp\htdocs\yuknikah\app\Controllers\Groups.php on line 23
in SYSTEMPATH\BaseModel.php on line 1095.
 1 APPPATH\Controllers\Groups.php(23): CodeIgniter\BaseModel->paginate(4, null)
 2 SYSTEMPATH\CodeIgniter.php(927): App\Controllers\Groups->index()
 3 SYSTEMPATH\CodeIgniter.php(482): CodeIgniter\CodeIgniter->runController(Object(App\Controllers\Groups))
 4 SYSTEMPATH\CodeIgniter.php(351): CodeIgniter\CodeIgniter->handleRequest(null, Object(Config\Cache), false)
 5 FCPATH\index.php(67): CodeIgniter\CodeIgniter->run()
 6 SYSTEMPATH\Commands\Server\rewrite.php(46): require_once('FCPATH\\index.php')
CRITICAL - 2022-12-29 19:56:17 --> CodeIgniter\BaseModel::paginate(): Argument #2 ($group) must be of type string, null given, called in C:\xampp\htdocs\yuknikah\app\Controllers\Groups.php on line 23
in SYSTEMPATH\BaseModel.php on line 1095.
 1 APPPATH\Controllers\Groups.php(23): CodeIgniter\BaseModel->paginate(4, null)
 2 SYSTEMPATH\CodeIgniter.php(927): App\Controllers\Groups->index()
 3 SYSTEMPATH\CodeIgniter.php(482): CodeIgniter\CodeIgniter->runController(Object(App\Controllers\Groups))
 4 SYSTEMPATH\CodeIgniter.php(351): CodeIgniter\CodeIgniter->handleRequest(null, Object(Config\Cache), false)
 5 FCPATH\index.php(67): CodeIgniter\CodeIgniter->run()
 6 SYSTEMPATH\Commands\Server\rewrite.php(46): require_once('FCPATH\\index.php')
CRITICAL - 2022-12-29 19:56:38 --> CodeIgniter\BaseModel::paginate(): Argument #2 ($group) must be of type string, null given, called in C:\xampp\htdocs\yuknikah\app\Controllers\Groups.php on line 23
in SYSTEMPATH\BaseModel.php on line 1095.
 1 APPPATH\Controllers\Groups.php(23): CodeIgniter\BaseModel->paginate(4, null)
 2 SYSTEMPATH\CodeIgniter.php(927): App\Controllers\Groups->index()
 3 SYSTEMPATH\CodeIgniter.php(482): CodeIgniter\CodeIgniter->runController(Object(App\Controllers\Groups))
 4 SYSTEMPATH\CodeIgniter.php(351): CodeIgniter\CodeIgniter->handleRequest(null, Object(Config\Cache), false)
 5 FCPATH\index.php(67): CodeIgniter\CodeIgniter->run()
 6 SYSTEMPATH\Commands\Server\rewrite.php(46): require_once('FCPATH\\index.php')
CRITICAL - 2022-12-29 19:56:48 --> CodeIgniter\BaseModel::paginate(): Argument #2 ($group) must be of type string, null given, called in C:\xampp\htdocs\yuknikah\app\Controllers\Groups.php on line 23
in SYSTEMPATH\BaseModel.php on line 1095.
 1 APPPATH\Controllers\Groups.php(23): CodeIgniter\BaseModel->paginate(4, null)
 2 SYSTEMPATH\CodeIgniter.php(927): App\Controllers\Groups->index()
 3 SYSTEMPATH\CodeIgniter.php(482): CodeIgniter\CodeIgniter->runController(Object(App\Controllers\Groups))
 4 SYSTEMPATH\CodeIgniter.php(351): CodeIgniter\CodeIgniter->handleRequest(null, Object(Config\Cache), false)
 5 FCPATH\index.php(67): CodeIgniter\CodeIgniter->run()
 6 SYSTEMPATH\Commands\Server\rewrite.php(46): require_once('FCPATH\\index.php')
CRITICAL - 2022-12-29 19:58:29 --> CodeIgniter\BaseModel::paginate(): Argument #2 ($group) must be of type string, null given, called in C:\xampp\htdocs\yuknikah\app\Controllers\Groups.php on line 23
in SYSTEMPATH\BaseModel.php on line 1095.
 1 APPPATH\Controllers\Groups.php(23): CodeIgniter\BaseModel->paginate(4, null)
 2 SYSTEMPATH\CodeIgniter.php(927): App\Controllers\Groups->index()
 3 SYSTEMPATH\CodeIgniter.php(482): CodeIgniter\CodeIgniter->runController(Object(App\Controllers\Groups))
 4 SYSTEMPATH\CodeIgniter.php(351): CodeIgniter\CodeIgniter->handleRequest(null, Object(Config\Cache), false)
 5 FCPATH\index.php(67): CodeIgniter\CodeIgniter->run()
 6 SYSTEMPATH\Commands\Server\rewrite.php(46): require_once('FCPATH\\index.php')
CRITICAL - 2022-12-29 20:00:25 --> syntax error, unexpected token "public"
in APPPATH\Controllers\Groups.php on line 31.
 1 SYSTEMPATH\Router\Router.php(499): CodeIgniter\Router\AutoRouter->getRoute('groups')
 2 SYSTEMPATH\Router\Router.php(205): CodeIgniter\Router\Router->autoRoute('groups')
 3 SYSTEMPATH\CodeIgniter.php(802): CodeIgniter\Router\Router->handle('groups')
 4 SYSTEMPATH\CodeIgniter.php(430): CodeIgniter\CodeIgniter->tryToRouteIt(Object(CodeIgniter\Router\RouteCollection))
 5 SYSTEMPATH\CodeIgniter.php(351): CodeIgniter\CodeIgniter->handleRequest(null, Object(Config\Cache), false)
 6 FCPATH\index.php(67): CodeIgniter\CodeIgniter->run()
 7 SYSTEMPATH\Commands\Server\rewrite.php(46): require_once('FCPATH\\index.php')
CRITICAL - 2022-12-29 20:01:11 --> syntax error, unexpected token "public"
in APPPATH\Controllers\Groups.php on line 31.
 1 SYSTEMPATH\Router\Router.php(499): CodeIgniter\Router\AutoRouter->getRoute('groups')
 2 SYSTEMPATH\Router\Router.php(205): CodeIgniter\Router\Router->autoRoute('groups')
 3 SYSTEMPATH\CodeIgniter.php(802): CodeIgniter\Router\Router->handle('groups')
 4 SYSTEMPATH\CodeIgniter.php(430): CodeIgniter\CodeIgniter->tryToRouteIt(Object(CodeIgniter\Router\RouteCollection))
 5 SYSTEMPATH\CodeIgniter.php(351): CodeIgniter\CodeIgniter->handleRequest(null, Object(Config\Cache), false)
 6 FCPATH\index.php(67): CodeIgniter\CodeIgniter->run()
 7 SYSTEMPATH\Commands\Server\rewrite.php(46): require_once('FCPATH\\index.php')
CRITICAL - 2022-12-29 20:01:20 --> syntax error, unexpected token "public"
in APPPATH\Controllers\Groups.php on line 31.
 1 SYSTEMPATH\Router\Router.php(499): CodeIgniter\Router\AutoRouter->getRoute('groups')
 2 SYSTEMPATH\Router\Router.php(205): CodeIgniter\Router\Router->autoRoute('groups')
 3 SYSTEMPATH\CodeIgniter.php(802): CodeIgniter\Router\Router->handle('groups')
 4 SYSTEMPATH\CodeIgniter.php(430): CodeIgniter\CodeIgniter->tryToRouteIt(Object(CodeIgniter\Router\RouteCollection))
 5 SYSTEMPATH\CodeIgniter.php(351): CodeIgniter\CodeIgniter->handleRequest(null, Object(Config\Cache), false)
 6 FCPATH\index.php(67): CodeIgniter\CodeIgniter->run()
 7 SYSTEMPATH\Commands\Server\rewrite.php(46): require_once('FCPATH\\index.php')
CRITICAL - 2022-12-29 20:01:39 --> syntax error, unexpected token "public", expecting end of file
in APPPATH\Models\M_group.php on line 34.
 1 SYSTEMPATH\Autoloader\Autoloader.php(259): CodeIgniter\Autoloader\Autoloader->includeFile('APPPATH\\Models\\M_group.php')
 2 SYSTEMPATH\Autoloader\Autoloader.php(237): CodeIgniter\Autoloader\Autoloader->loadInNamespace('App\\Models\\M_group')
 3 APPPATH\Controllers\Groups.php(13): CodeIgniter\Autoloader\Autoloader->loadClass('App\\Models\\M_group')
 4 SYSTEMPATH\CodeIgniter.php(889): App\Controllers\Groups->__construct()
 5 SYSTEMPATH\CodeIgniter.php(473): CodeIgniter\CodeIgniter->createController()
 6 SYSTEMPATH\CodeIgniter.php(351): CodeIgniter\CodeIgniter->handleRequest(null, Object(Config\Cache), false)
 7 FCPATH\index.php(67): CodeIgniter\CodeIgniter->run()
 8 SYSTEMPATH\Commands\Server\rewrite.php(46): require_once('FCPATH\\index.php')
CRITICAL - 2022-12-29 20:02:03 --> syntax error, unexpected token "public", expecting end of file
in APPPATH\Models\M_group.php on line 34.
 1 SYSTEMPATH\Autoloader\Autoloader.php(259): CodeIgniter\Autoloader\Autoloader->includeFile('APPPATH\\Models\\M_group.php')
 2 SYSTEMPATH\Autoloader\Autoloader.php(237): CodeIgniter\Autoloader\Autoloader->loadInNamespace('App\\Models\\M_group')
 3 APPPATH\Controllers\Groups.php(13): CodeIgniter\Autoloader\Autoloader->loadClass('App\\Models\\M_group')
 4 SYSTEMPATH\CodeIgniter.php(889): App\Controllers\Groups->__construct()
 5 SYSTEMPATH\CodeIgniter.php(473): CodeIgniter\CodeIgniter->createController()
 6 SYSTEMPATH\CodeIgniter.php(351): CodeIgniter\CodeIgniter->handleRequest(null, Object(Config\Cache), false)
 7 FCPATH\index.php(67): CodeIgniter\CodeIgniter->run()
 8 SYSTEMPATH\Commands\Server\rewrite.php(46): require_once('FCPATH\\index.php')
CRITICAL - 2022-12-29 20:02:06 --> syntax error, unexpected token "public", expecting end of file
in APPPATH\Models\M_group.php on line 34.
 1 SYSTEMPATH\Autoloader\Autoloader.php(259): CodeIgniter\Autoloader\Autoloader->includeFile('APPPATH\\Models\\M_group.php')
 2 SYSTEMPATH\Autoloader\Autoloader.php(237): CodeIgniter\Autoloader\Autoloader->loadInNamespace('App\\Models\\M_group')
 3 APPPATH\Controllers\Groups.php(13): CodeIgniter\Autoloader\Autoloader->loadClass('App\\Models\\M_group')
 4 SYSTEMPATH\CodeIgniter.php(889): App\Controllers\Groups->__construct()
 5 SYSTEMPATH\CodeIgniter.php(473): CodeIgniter\CodeIgniter->createController()
 6 SYSTEMPATH\CodeIgniter.php(351): CodeIgniter\CodeIgniter->handleRequest(null, Object(Config\Cache), false)
 7 FCPATH\index.php(67): CodeIgniter\CodeIgniter->run()
 8 SYSTEMPATH\Commands\Server\rewrite.php(46): require_once('FCPATH\\index.php')
CRITICAL - 2022-12-29 20:03:12 --> Undefined property: App\Controllers\Groups::$M_group
in APPPATH\Controllers\Groups.php on line 22.
 1 APPPATH\Controllers\Groups.php(22): CodeIgniter\Debug\Exceptions->errorHandler(2, 'Undefined property: App\\Controllers\\Groups::$M_group', 'APPPATH\\Controllers\\Groups.php', 22)
 2 SYSTEMPATH\CodeIgniter.php(927): App\Controllers\Groups->index()
 3 SYSTEMPATH\CodeIgniter.php(482): CodeIgniter\CodeIgniter->runController(Object(App\Controllers\Groups))
 4 SYSTEMPATH\CodeIgniter.php(351): CodeIgniter\CodeIgniter->handleRequest(null, Object(Config\Cache), false)
 5 FCPATH\index.php(67): CodeIgniter\CodeIgniter->run()
 6 SYSTEMPATH\Commands\Server\rewrite.php(46): require_once('FCPATH\\index.php')
CRITICAL - 2022-12-29 20:03:47 --> Undefined property: App\Controllers\Groups::$M_group
in APPPATH\Controllers\Groups.php on line 22.
 1 APPPATH\Controllers\Groups.php(22): CodeIgniter\Debug\Exceptions->errorHandler(2, 'Undefined property: App\\Controllers\\Groups::$M_group', 'APPPATH\\Controllers\\Groups.php', 22)
 2 SYSTEMPATH\CodeIgniter.php(927): App\Controllers\Groups->index()
 3 SYSTEMPATH\CodeIgniter.php(482): CodeIgniter\CodeIgniter->runController(Object(App\Controllers\Groups))
 4 SYSTEMPATH\CodeIgniter.php(351): CodeIgniter\CodeIgniter->handleRequest(null, Object(Config\Cache), false)
 5 FCPATH\index.php(67): CodeIgniter\CodeIgniter->run()
 6 SYSTEMPATH\Commands\Server\rewrite.php(46): require_once('FCPATH\\index.php')
CRITICAL - 2022-12-29 20:04:25 --> Undefined property: App\Controllers\Groups::$M_group
in APPPATH\Controllers\Groups.php on line 22.
 1 APPPATH\Controllers\Groups.php(22): CodeIgniter\Debug\Exceptions->errorHandler(2, 'Undefined property: App\\Controllers\\Groups::$M_group', 'APPPATH\\Controllers\\Groups.php', 22)
 2 SYSTEMPATH\CodeIgniter.php(927): App\Controllers\Groups->index()
 3 SYSTEMPATH\CodeIgniter.php(482): CodeIgniter\CodeIgniter->runController(Object(App\Controllers\Groups))
 4 SYSTEMPATH\CodeIgniter.php(351): CodeIgniter\CodeIgniter->handleRequest(null, Object(Config\Cache), false)
 5 FCPATH\index.php(67): CodeIgniter\CodeIgniter->run()
 6 SYSTEMPATH\Commands\Server\rewrite.php(46): require_once('FCPATH\\index.php')
CRITICAL - 2022-12-29 20:04:49 --> Undefined property: App\Controllers\Groups::$M_group
in APPPATH\Controllers\Groups.php on line 22.
 1 APPPATH\Controllers\Groups.php(22): CodeIgniter\Debug\Exceptions->errorHandler(2, 'Undefined property: App\\Controllers\\Groups::$M_group', 'APPPATH\\Controllers\\Groups.php', 22)
 2 SYSTEMPATH\CodeIgniter.php(927): App\Controllers\Groups->index()
 3 SYSTEMPATH\CodeIgniter.php(482): CodeIgniter\CodeIgniter->runController(Object(App\Controllers\Groups))
 4 SYSTEMPATH\CodeIgniter.php(351): CodeIgniter\CodeIgniter->handleRequest(null, Object(Config\Cache), false)
 5 FCPATH\index.php(67): CodeIgniter\CodeIgniter->run()
 6 SYSTEMPATH\Commands\Server\rewrite.php(46): require_once('FCPATH\\index.php')
CRITICAL - 2022-12-29 20:05:13 --> Undefined property: App\Controllers\Groups::$M_group
in APPPATH\Controllers\Groups.php on line 22.
 1 APPPATH\Controllers\Groups.php(22): CodeIgniter\Debug\Exceptions->errorHandler(2, 'Undefined property: App\\Controllers\\Groups::$M_group', 'APPPATH\\Controllers\\Groups.php', 22)
 2 SYSTEMPATH\CodeIgniter.php(927): App\Controllers\Groups->index()
 3 SYSTEMPATH\CodeIgniter.php(482): CodeIgniter\CodeIgniter->runController(Object(App\Controllers\Groups))
 4 SYSTEMPATH\CodeIgniter.php(351): CodeIgniter\CodeIgniter->handleRequest(null, Object(Config\Cache), false)
 5 FCPATH\index.php(67): CodeIgniter\CodeIgniter->run()
 6 SYSTEMPATH\Commands\Server\rewrite.php(46): require_once('FCPATH\\index.php')
CRITICAL - 2022-12-29 20:05:24 --> Undefined property: App\Controllers\Groups::$M_group
in APPPATH\Controllers\Groups.php on line 22.
 1 APPPATH\Controllers\Groups.php(22): CodeIgniter\Debug\Exceptions->errorHandler(2, 'Undefined property: App\\Controllers\\Groups::$M_group', 'APPPATH\\Controllers\\Groups.php', 22)
 2 SYSTEMPATH\CodeIgniter.php(927): App\Controllers\Groups->index()
 3 SYSTEMPATH\CodeIgniter.php(482): CodeIgniter\CodeIgniter->runController(Object(App\Controllers\Groups))
 4 SYSTEMPATH\CodeIgniter.php(351): CodeIgniter\CodeIgniter->handleRequest(null, Object(Config\Cache), false)
 5 FCPATH\index.php(67): CodeIgniter\CodeIgniter->run()
 6 SYSTEMPATH\Commands\Server\rewrite.php(46): require_once('FCPATH\\index.php')
CRITICAL - 2022-12-29 20:05:48 --> Call to undefined method App\Models\M_group::tampil_data
in SYSTEMPATH\Model.php on line 774.
 1 APPPATH\Controllers\Groups.php(22): CodeIgniter\Model->__call('tampil_data', [])
 2 SYSTEMPATH\CodeIgniter.php(927): App\Controllers\Groups->index()
 3 SYSTEMPATH\CodeIgniter.php(482): CodeIgniter\CodeIgniter->runController(Object(App\Controllers\Groups))
 4 SYSTEMPATH\CodeIgniter.php(351): CodeIgniter\CodeIgniter->handleRequest(null, Object(Config\Cache), false)
 5 FCPATH\index.php(67): CodeIgniter\CodeIgniter->run()
 6 SYSTEMPATH\Commands\Server\rewrite.php(46): require_once('FCPATH\\index.php')
CRITICAL - 2022-12-29 20:05:58 --> Call to undefined method App\Models\M_group::tampil_data
in SYSTEMPATH\Model.php on line 774.
 1 APPPATH\Controllers\Groups.php(22): CodeIgniter\Model->__call('tampil_data', [])
 2 SYSTEMPATH\CodeIgniter.php(927): App\Controllers\Groups->index()
 3 SYSTEMPATH\CodeIgniter.php(482): CodeIgniter\CodeIgniter->runController(Object(App\Controllers\Groups))
 4 SYSTEMPATH\CodeIgniter.php(351): CodeIgniter\CodeIgniter->handleRequest(null, Object(Config\Cache), false)
 5 FCPATH\index.php(67): CodeIgniter\CodeIgniter->run()
 6 SYSTEMPATH\Commands\Server\rewrite.php(46): require_once('FCPATH\\index.php')
CRITICAL - 2022-12-29 20:06:54 --> Call to undefined method App\Models\M_group::result
in SYSTEMPATH\Model.php on line 774.
 1 APPPATH\Controllers\Groups.php(22): CodeIgniter\Model->__call('result', [])
 2 SYSTEMPATH\CodeIgniter.php(927): App\Controllers\Groups->index()
 3 SYSTEMPATH\CodeIgniter.php(482): CodeIgniter\CodeIgniter->runController(Object(App\Controllers\Groups))
 4 SYSTEMPATH\CodeIgniter.php(351): CodeIgniter\CodeIgniter->handleRequest(null, Object(Config\Cache), false)
 5 FCPATH\index.php(67): CodeIgniter\CodeIgniter->run()
 6 SYSTEMPATH\Commands\Server\rewrite.php(46): require_once('FCPATH\\index.php')
CRITICAL - 2022-12-29 20:26:40 --> syntax error, unexpected token "}"
in APPPATH\Models\M_group.php on line 39.
 1 SYSTEMPATH\Autoloader\Autoloader.php(259): CodeIgniter\Autoloader\Autoloader->includeFile('APPPATH\\Models\\M_group.php')
 2 SYSTEMPATH\Autoloader\Autoloader.php(237): CodeIgniter\Autoloader\Autoloader->loadInNamespace('App\\Models\\M_group')
 3 APPPATH\Controllers\Groups.php(13): CodeIgniter\Autoloader\Autoloader->loadClass('App\\Models\\M_group')
 4 SYSTEMPATH\CodeIgniter.php(889): App\Controllers\Groups->__construct()
 5 SYSTEMPATH\CodeIgniter.php(473): CodeIgniter\CodeIgniter->createController()
 6 SYSTEMPATH\CodeIgniter.php(351): CodeIgniter\CodeIgniter->handleRequest(null, Object(Config\Cache), false)
 7 FCPATH\index.php(67): CodeIgniter\CodeIgniter->run()
 8 SYSTEMPATH\Commands\Server\rewrite.php(46): require_once('FCPATH\\index.php')
CRITICAL - 2022-12-29 20:26:54 --> Call to undefined method App\Models\M_group::result
in SYSTEMPATH\Model.php on line 774.
 1 APPPATH\Controllers\Groups.php(22): CodeIgniter\Model->__call('result', [])
 2 SYSTEMPATH\CodeIgniter.php(927): App\Controllers\Groups->index()
 3 SYSTEMPATH\CodeIgniter.php(482): CodeIgniter\CodeIgniter->runController(Object(App\Controllers\Groups))
 4 SYSTEMPATH\CodeIgniter.php(351): CodeIgniter\CodeIgniter->handleRequest(null, Object(Config\Cache), false)
 5 FCPATH\index.php(67): CodeIgniter\CodeIgniter->run()
 6 SYSTEMPATH\Commands\Server\rewrite.php(46): require_once('FCPATH\\index.php')
CRITICAL - 2022-12-29 20:31:39 --> Call to undefined method App\Models\M_group::getPaginated
in SYSTEMPATH\Model.php on line 774.
 1 APPPATH\Controllers\Groups.php(23): CodeIgniter\Model->__call('getPaginated', [...])
 2 SYSTEMPATH\CodeIgniter.php(927): App\Controllers\Groups->index()
 3 SYSTEMPATH\CodeIgniter.php(482): CodeIgniter\CodeIgniter->runController(Object(App\Controllers\Groups))
 4 SYSTEMPATH\CodeIgniter.php(351): CodeIgniter\CodeIgniter->handleRequest(null, Object(Config\Cache), false)
 5 FCPATH\index.php(67): CodeIgniter\CodeIgniter->run()
 6 SYSTEMPATH\Commands\Server\rewrite.php(46): require_once('FCPATH\\index.php')
CRITICAL - 2022-12-29 20:32:43 --> Call to undefined method App\Models\M_group::getPaginated
in SYSTEMPATH\Model.php on line 774.
 1 APPPATH\Controllers\Groups.php(23): CodeIgniter\Model->__call('getPaginated', [...])
 2 SYSTEMPATH\CodeIgniter.php(927): App\Controllers\Groups->index()
 3 SYSTEMPATH\CodeIgniter.php(482): CodeIgniter\CodeIgniter->runController(Object(App\Controllers\Groups))
 4 SYSTEMPATH\CodeIgniter.php(351): CodeIgniter\CodeIgniter->handleRequest(null, Object(Config\Cache), false)
 5 FCPATH\index.php(67): CodeIgniter\CodeIgniter->run()
 6 SYSTEMPATH\Commands\Server\rewrite.php(46): require_once('FCPATH\\index.php')
CRITICAL - 2022-12-29 20:33:03 --> Call to undefined method App\Models\M_group::getPaginated
in SYSTEMPATH\Model.php on line 774.
 1 APPPATH\Controllers\Groups.php(23): CodeIgniter\Model->__call('getPaginated', [...])
 2 SYSTEMPATH\CodeIgniter.php(927): App\Controllers\Groups->index()
 3 SYSTEMPATH\CodeIgniter.php(482): CodeIgniter\CodeIgniter->runController(Object(App\Controllers\Groups))
 4 SYSTEMPATH\CodeIgniter.php(351): CodeIgniter\CodeIgniter->handleRequest(null, Object(Config\Cache), false)
 5 FCPATH\index.php(67): CodeIgniter\CodeIgniter->run()
 6 SYSTEMPATH\Commands\Server\rewrite.php(46): require_once('FCPATH\\index.php')
CRITICAL - 2022-12-29 20:33:20 --> Call to undefined method App\Models\M_group::getGetPaginated
in SYSTEMPATH\Model.php on line 774.
 1 APPPATH\Controllers\Groups.php(23): CodeIgniter\Model->__call('getGetPaginated', [...])
 2 SYSTEMPATH\CodeIgniter.php(927): App\Controllers\Groups->index()
 3 SYSTEMPATH\CodeIgniter.php(482): CodeIgniter\CodeIgniter->runController(Object(App\Controllers\Groups))
 4 SYSTEMPATH\CodeIgniter.php(351): CodeIgniter\CodeIgniter->handleRequest(null, Object(Config\Cache), false)
 5 FCPATH\index.php(67): CodeIgniter\CodeIgniter->run()
 6 SYSTEMPATH\Commands\Server\rewrite.php(46): require_once('FCPATH\\index.php')
