CRITICAL - 2022-12-25 11:30:05 --> Invalid file: group/edit.php
in SYSTEMPATH\Exceptions\FrameworkException.php on line 33.
 1 SYSTEMPATH\View\View.php(201): CodeIgniter\Exceptions\FrameworkException::forInvalidFile('group/edit.php')
 2 SYSTEMPATH\Common.php(1134): CodeIgniter\View\View->render('group/edit', [], true)
 3 APPPATH\Controllers\Groups.php(75): view('group/edit')
 4 SYSTEMPATH\CodeIgniter.php(927): App\Controllers\Groups->edit('1')
 5 SYSTEMPATH\CodeIgniter.php(482): CodeIgniter\CodeIgniter->runController(Object(App\Controllers\Groups))
 6 SYSTEMPATH\CodeIgniter.php(351): CodeIgniter\CodeIgniter->handleRequest(null, Object(Config\Cache), false)
 7 FCPATH\index.php(67): CodeIgniter\CodeIgniter->run()
 8 SYSTEMPATH\Commands\Server\rewrite.php(46): require_once('FCPATH\\index.php')
CRITICAL - 2022-12-25 11:33:03 --> Undefined variable $value
in APPPATH\Views\group\edit.php on line 22.
 1 APPPATH\Views\group\edit.php(22): CodeIgniter\Debug\Exceptions->errorHandler(2, 'Undefined variable $value', 'APPPATH\\Views\\group\\edit.php', 22)
 2 SYSTEMPATH\View\View.php(213): include('APPPATH\\Views\\group\\edit.php')
 3 SYSTEMPATH\View\View.php(216): CodeIgniter\View\View->CodeIgniter\View\{closure}()
 4 SYSTEMPATH\Common.php(1134): CodeIgniter\View\View->render('group/edit', [], true)
 5 APPPATH\Controllers\Groups.php(75): view('group/edit')
 6 SYSTEMPATH\CodeIgniter.php(927): App\Controllers\Groups->edit('1')
 7 SYSTEMPATH\CodeIgniter.php(482): CodeIgniter\CodeIgniter->runController(Object(App\Controllers\Groups))
 8 SYSTEMPATH\CodeIgniter.php(351): CodeIgniter\CodeIgniter->handleRequest(null, Object(Config\Cache), false)
 9 FCPATH\index.php(67): CodeIgniter\CodeIgniter->run()
10 SYSTEMPATH\Commands\Server\rewrite.php(46): require_once('FCPATH\\index.php')
CRITICAL - 2022-12-25 11:33:45 --> Undefined variable $value
in APPPATH\Views\group\edit.php on line 22.
 1 APPPATH\Views\group\edit.php(22): CodeIgniter\Debug\Exceptions->errorHandler(2, 'Undefined variable $value', 'APPPATH\\Views\\group\\edit.php', 22)
 2 SYSTEMPATH\View\View.php(213): include('APPPATH\\Views\\group\\edit.php')
 3 SYSTEMPATH\View\View.php(216): CodeIgniter\View\View->CodeIgniter\View\{closure}()
 4 SYSTEMPATH\Common.php(1134): CodeIgniter\View\View->render('group/edit', [], true)
 5 APPPATH\Controllers\Groups.php(75): view('group/edit')
 6 SYSTEMPATH\CodeIgniter.php(927): App\Controllers\Groups->edit('1')
 7 SYSTEMPATH\CodeIgniter.php(482): CodeIgniter\CodeIgniter->runController(Object(App\Controllers\Groups))
 8 SYSTEMPATH\CodeIgniter.php(351): CodeIgniter\CodeIgniter->handleRequest(null, Object(Config\Cache), false)
 9 FCPATH\index.php(67): CodeIgniter\CodeIgniter->run()
10 SYSTEMPATH\Commands\Server\rewrite.php(46): require_once('FCPATH\\index.php')
CRITICAL - 2022-12-25 11:34:20 --> Undefined variable $value
in APPPATH\Views\group\edit.php on line 22.
 1 APPPATH\Views\group\edit.php(22): CodeIgniter\Debug\Exceptions->errorHandler(2, 'Undefined variable $value', 'APPPATH\\Views\\group\\edit.php', 22)
 2 SYSTEMPATH\View\View.php(213): include('APPPATH\\Views\\group\\edit.php')
 3 SYSTEMPATH\View\View.php(216): CodeIgniter\View\View->CodeIgniter\View\{closure}()
 4 SYSTEMPATH\Common.php(1134): CodeIgniter\View\View->render('group/edit', [], true)
 5 APPPATH\Controllers\Groups.php(75): view('group/edit')
 6 SYSTEMPATH\CodeIgniter.php(927): App\Controllers\Groups->edit('1')
 7 SYSTEMPATH\CodeIgniter.php(482): CodeIgniter\CodeIgniter->runController(Object(App\Controllers\Groups))
 8 SYSTEMPATH\CodeIgniter.php(351): CodeIgniter\CodeIgniter->handleRequest(null, Object(Config\Cache), false)
 9 FCPATH\index.php(67): CodeIgniter\CodeIgniter->run()
10 SYSTEMPATH\Commands\Server\rewrite.php(46): require_once('FCPATH\\index.php')
CRITICAL - 2022-12-25 11:34:26 --> Undefined variable $value
in APPPATH\Views\group\edit.php on line 22.
 1 APPPATH\Views\group\edit.php(22): CodeIgniter\Debug\Exceptions->errorHandler(2, 'Undefined variable $value', 'APPPATH\\Views\\group\\edit.php', 22)
 2 SYSTEMPATH\View\View.php(213): include('APPPATH\\Views\\group\\edit.php')
 3 SYSTEMPATH\View\View.php(216): CodeIgniter\View\View->CodeIgniter\View\{closure}()
 4 SYSTEMPATH\Common.php(1134): CodeIgniter\View\View->render('group/edit', [], true)
 5 APPPATH\Controllers\Groups.php(75): view('group/edit')
 6 SYSTEMPATH\CodeIgniter.php(927): App\Controllers\Groups->edit('1')
 7 SYSTEMPATH\CodeIgniter.php(482): CodeIgniter\CodeIgniter->runController(Object(App\Controllers\Groups))
 8 SYSTEMPATH\CodeIgniter.php(351): CodeIgniter\CodeIgniter->handleRequest(null, Object(Config\Cache), false)
 9 FCPATH\index.php(67): CodeIgniter\CodeIgniter->run()
10 SYSTEMPATH\Commands\Server\rewrite.php(46): require_once('FCPATH\\index.php')
CRITICAL - 2022-12-25 11:36:47 --> Undefined variable $value
in APPPATH\Views\group\edit.php on line 22.
 1 APPPATH\Views\group\edit.php(22): CodeIgniter\Debug\Exceptions->errorHandler(2, 'Undefined variable $value', 'APPPATH\\Views\\group\\edit.php', 22)
 2 SYSTEMPATH\View\View.php(213): include('APPPATH\\Views\\group\\edit.php')
 3 SYSTEMPATH\View\View.php(216): CodeIgniter\View\View->CodeIgniter\View\{closure}()
 4 SYSTEMPATH\Common.php(1134): CodeIgniter\View\View->render('group/edit', [], true)
 5 APPPATH\Controllers\Groups.php(75): view('group/edit')
 6 SYSTEMPATH\CodeIgniter.php(927): App\Controllers\Groups->edit('1')
 7 SYSTEMPATH\CodeIgniter.php(482): CodeIgniter\CodeIgniter->runController(Object(App\Controllers\Groups))
 8 SYSTEMPATH\CodeIgniter.php(351): CodeIgniter\CodeIgniter->handleRequest(null, Object(Config\Cache), false)
 9 FCPATH\index.php(67): CodeIgniter\CodeIgniter->run()
10 SYSTEMPATH\Commands\Server\rewrite.php(46): require_once('FCPATH\\index.php')
CRITICAL - 2022-12-25 11:36:56 --> Undefined variable $group
in APPPATH\Views\group\edit.php on line 22.
 1 APPPATH\Views\group\edit.php(22): CodeIgniter\Debug\Exceptions->errorHandler(2, 'Undefined variable $group', 'APPPATH\\Views\\group\\edit.php', 22)
 2 SYSTEMPATH\View\View.php(213): include('APPPATH\\Views\\group\\edit.php')
 3 SYSTEMPATH\View\View.php(216): CodeIgniter\View\View->CodeIgniter\View\{closure}()
 4 SYSTEMPATH\Common.php(1134): CodeIgniter\View\View->render('group/edit', [], true)
 5 APPPATH\Controllers\Groups.php(75): view('group/edit')
 6 SYSTEMPATH\CodeIgniter.php(927): App\Controllers\Groups->edit('1')
 7 SYSTEMPATH\CodeIgniter.php(482): CodeIgniter\CodeIgniter->runController(Object(App\Controllers\Groups))
 8 SYSTEMPATH\CodeIgniter.php(351): CodeIgniter\CodeIgniter->handleRequest(null, Object(Config\Cache), false)
 9 FCPATH\index.php(67): CodeIgniter\CodeIgniter->run()
10 SYSTEMPATH\Commands\Server\rewrite.php(46): require_once('FCPATH\\index.php')
CRITICAL - 2022-12-25 11:37:57 --> Undefined variable $value
in APPPATH\Views\group\edit.php on line 22.
 1 APPPATH\Views\group\edit.php(22): CodeIgniter\Debug\Exceptions->errorHandler(2, 'Undefined variable $value', 'APPPATH\\Views\\group\\edit.php', 22)
 2 SYSTEMPATH\View\View.php(213): include('APPPATH\\Views\\group\\edit.php')
 3 SYSTEMPATH\View\View.php(216): CodeIgniter\View\View->CodeIgniter\View\{closure}()
 4 SYSTEMPATH\Common.php(1134): CodeIgniter\View\View->render('group/edit', [], true)
 5 APPPATH\Controllers\Groups.php(75): view('group/edit')
 6 SYSTEMPATH\CodeIgniter.php(927): App\Controllers\Groups->edit('1')
 7 SYSTEMPATH\CodeIgniter.php(482): CodeIgniter\CodeIgniter->runController(Object(App\Controllers\Groups))
 8 SYSTEMPATH\CodeIgniter.php(351): CodeIgniter\CodeIgniter->handleRequest(null, Object(Config\Cache), false)
 9 FCPATH\index.php(67): CodeIgniter\CodeIgniter->run()
10 SYSTEMPATH\Commands\Server\rewrite.php(46): require_once('FCPATH\\index.php')
CRITICAL - 2022-12-25 11:38:49 --> Undefined variable $value
in APPPATH\Views\group\edit.php on line 22.
 1 APPPATH\Views\group\edit.php(22): CodeIgniter\Debug\Exceptions->errorHandler(2, 'Undefined variable $value', 'APPPATH\\Views\\group\\edit.php', 22)
 2 SYSTEMPATH\View\View.php(213): include('APPPATH\\Views\\group\\edit.php')
 3 SYSTEMPATH\View\View.php(216): CodeIgniter\View\View->CodeIgniter\View\{closure}()
 4 SYSTEMPATH\Common.php(1134): CodeIgniter\View\View->render('group/edit', [], true)
 5 APPPATH\Controllers\Groups.php(75): view('group/edit')
 6 SYSTEMPATH\CodeIgniter.php(927): App\Controllers\Groups->edit('1')
 7 SYSTEMPATH\CodeIgniter.php(482): CodeIgniter\CodeIgniter->runController(Object(App\Controllers\Groups))
 8 SYSTEMPATH\CodeIgniter.php(351): CodeIgniter\CodeIgniter->handleRequest(null, Object(Config\Cache), false)
 9 FCPATH\index.php(67): CodeIgniter\CodeIgniter->run()
10 SYSTEMPATH\Commands\Server\rewrite.php(46): require_once('FCPATH\\index.php')
CRITICAL - 2022-12-25 11:39:41 --> Undefined variable $group
in APPPATH\Views\group\edit.php on line 22.
 1 APPPATH\Views\group\edit.php(22): CodeIgniter\Debug\Exceptions->errorHandler(2, 'Undefined variable $group', 'APPPATH\\Views\\group\\edit.php', 22)
 2 SYSTEMPATH\View\View.php(213): include('APPPATH\\Views\\group\\edit.php')
 3 SYSTEMPATH\View\View.php(216): CodeIgniter\View\View->CodeIgniter\View\{closure}()
 4 SYSTEMPATH\Common.php(1134): CodeIgniter\View\View->render('group/edit', [], true)
 5 APPPATH\Controllers\Groups.php(75): view('group/edit')
 6 SYSTEMPATH\CodeIgniter.php(927): App\Controllers\Groups->edit('1')
 7 SYSTEMPATH\CodeIgniter.php(482): CodeIgniter\CodeIgniter->runController(Object(App\Controllers\Groups))
 8 SYSTEMPATH\CodeIgniter.php(351): CodeIgniter\CodeIgniter->handleRequest(null, Object(Config\Cache), false)
 9 FCPATH\index.php(67): CodeIgniter\CodeIgniter->run()
10 SYSTEMPATH\Commands\Server\rewrite.php(46): require_once('FCPATH\\index.php')
CRITICAL - 2022-12-25 11:40:58 --> Undefined variable $group
in APPPATH\Views\group\edit.php on line 22.
 1 APPPATH\Views\group\edit.php(22): CodeIgniter\Debug\Exceptions->errorHandler(2, 'Undefined variable $group', 'APPPATH\\Views\\group\\edit.php', 22)
 2 SYSTEMPATH\View\View.php(213): include('APPPATH\\Views\\group\\edit.php')
 3 SYSTEMPATH\View\View.php(216): CodeIgniter\View\View->CodeIgniter\View\{closure}()
 4 SYSTEMPATH\Common.php(1134): CodeIgniter\View\View->render('group/edit', [], true)
 5 APPPATH\Controllers\Groups.php(75): view('group/edit')
 6 SYSTEMPATH\CodeIgniter.php(927): App\Controllers\Groups->edit('1')
 7 SYSTEMPATH\CodeIgniter.php(482): CodeIgniter\CodeIgniter->runController(Object(App\Controllers\Groups))
 8 SYSTEMPATH\CodeIgniter.php(351): CodeIgniter\CodeIgniter->handleRequest(null, Object(Config\Cache), false)
 9 FCPATH\index.php(67): CodeIgniter\CodeIgniter->run()
10 SYSTEMPATH\Commands\Server\rewrite.php(46): require_once('FCPATH\\index.php')
CRITICAL - 2022-12-25 11:42:26 --> Undefined variable $value
in APPPATH\Views\group\edit.php on line 22.
 1 APPPATH\Views\group\edit.php(22): CodeIgniter\Debug\Exceptions->errorHandler(2, 'Undefined variable $value', 'APPPATH\\Views\\group\\edit.php', 22)
 2 SYSTEMPATH\View\View.php(213): include('APPPATH\\Views\\group\\edit.php')
 3 SYSTEMPATH\View\View.php(216): CodeIgniter\View\View->CodeIgniter\View\{closure}()
 4 SYSTEMPATH\Common.php(1134): CodeIgniter\View\View->render('group/edit', [], true)
 5 APPPATH\Controllers\Groups.php(75): view('group/edit')
 6 SYSTEMPATH\CodeIgniter.php(927): App\Controllers\Groups->edit('1')
 7 SYSTEMPATH\CodeIgniter.php(482): CodeIgniter\CodeIgniter->runController(Object(App\Controllers\Groups))
 8 SYSTEMPATH\CodeIgniter.php(351): CodeIgniter\CodeIgniter->handleRequest(null, Object(Config\Cache), false)
 9 FCPATH\index.php(67): CodeIgniter\CodeIgniter->run()
10 SYSTEMPATH\Commands\Server\rewrite.php(46): require_once('FCPATH\\index.php')
CRITICAL - 2022-12-25 11:52:26 --> Undefined variable $value
in APPPATH\Views\group\edit.php on line 22.
 1 APPPATH\Views\group\edit.php(22): CodeIgniter\Debug\Exceptions->errorHandler(2, 'Undefined variable $value', 'APPPATH\\Views\\group\\edit.php', 22)
 2 SYSTEMPATH\View\View.php(213): include('APPPATH\\Views\\group\\edit.php')
 3 SYSTEMPATH\View\View.php(216): CodeIgniter\View\View->CodeIgniter\View\{closure}()
 4 SYSTEMPATH\Common.php(1134): CodeIgniter\View\View->render('group/edit', [], true)
 5 APPPATH\Controllers\Groups.php(75): view('group/edit')
 6 SYSTEMPATH\CodeIgniter.php(927): App\Controllers\Groups->edit('1')
 7 SYSTEMPATH\CodeIgniter.php(482): CodeIgniter\CodeIgniter->runController(Object(App\Controllers\Groups))
 8 SYSTEMPATH\CodeIgniter.php(351): CodeIgniter\CodeIgniter->handleRequest(null, Object(Config\Cache), false)
 9 FCPATH\index.php(67): CodeIgniter\CodeIgniter->run()
10 SYSTEMPATH\Commands\Server\rewrite.php(46): require_once('FCPATH\\index.php')
CRITICAL - 2022-12-25 11:53:58 --> Undefined variable $value
in APPPATH\Views\group\edit.php on line 22.
 1 APPPATH\Views\group\edit.php(22): CodeIgniter\Debug\Exceptions->errorHandler(2, 'Undefined variable $value', 'APPPATH\\Views\\group\\edit.php', 22)
 2 SYSTEMPATH\View\View.php(213): include('APPPATH\\Views\\group\\edit.php')
 3 SYSTEMPATH\View\View.php(216): CodeIgniter\View\View->CodeIgniter\View\{closure}()
 4 SYSTEMPATH\Common.php(1134): CodeIgniter\View\View->render('group/edit', [], true)
 5 APPPATH\Controllers\Groups.php(75): view('group/edit')
 6 SYSTEMPATH\CodeIgniter.php(927): App\Controllers\Groups->edit('1')
 7 SYSTEMPATH\CodeIgniter.php(482): CodeIgniter\CodeIgniter->runController(Object(App\Controllers\Groups))
 8 SYSTEMPATH\CodeIgniter.php(351): CodeIgniter\CodeIgniter->handleRequest(null, Object(Config\Cache), false)
 9 FCPATH\index.php(67): CodeIgniter\CodeIgniter->run()
10 SYSTEMPATH\Commands\Server\rewrite.php(46): require_once('FCPATH\\index.php')
CRITICAL - 2022-12-25 11:54:54 --> Undefined variable $group
in APPPATH\Views\group\edit.php on line 22.
 1 APPPATH\Views\group\edit.php(22): CodeIgniter\Debug\Exceptions->errorHandler(2, 'Undefined variable $group', 'APPPATH\\Views\\group\\edit.php', 22)
 2 SYSTEMPATH\View\View.php(213): include('APPPATH\\Views\\group\\edit.php')
 3 SYSTEMPATH\View\View.php(216): CodeIgniter\View\View->CodeIgniter\View\{closure}()
 4 SYSTEMPATH\Common.php(1134): CodeIgniter\View\View->render('group/edit', [], true)
 5 APPPATH\Controllers\Groups.php(75): view('group/edit')
 6 SYSTEMPATH\CodeIgniter.php(927): App\Controllers\Groups->edit('1')
 7 SYSTEMPATH\CodeIgniter.php(482): CodeIgniter\CodeIgniter->runController(Object(App\Controllers\Groups))
 8 SYSTEMPATH\CodeIgniter.php(351): CodeIgniter\CodeIgniter->handleRequest(null, Object(Config\Cache), false)
 9 FCPATH\index.php(67): CodeIgniter\CodeIgniter->run()
10 SYSTEMPATH\Commands\Server\rewrite.php(46): require_once('FCPATH\\index.php')
CRITICAL - 2022-12-25 11:55:06 --> Undefined variable $group
in APPPATH\Views\group\edit.php on line 27.
 1 APPPATH\Views\group\edit.php(27): CodeIgniter\Debug\Exceptions->errorHandler(2, 'Undefined variable $group', 'APPPATH\\Views\\group\\edit.php', 27)
 2 SYSTEMPATH\View\View.php(213): include('APPPATH\\Views\\group\\edit.php')
 3 SYSTEMPATH\View\View.php(216): CodeIgniter\View\View->CodeIgniter\View\{closure}()
 4 SYSTEMPATH\Common.php(1134): CodeIgniter\View\View->render('group/edit', [], true)
 5 APPPATH\Controllers\Groups.php(75): view('group/edit')
 6 SYSTEMPATH\CodeIgniter.php(927): App\Controllers\Groups->edit('1')
 7 SYSTEMPATH\CodeIgniter.php(482): CodeIgniter\CodeIgniter->runController(Object(App\Controllers\Groups))
 8 SYSTEMPATH\CodeIgniter.php(351): CodeIgniter\CodeIgniter->handleRequest(null, Object(Config\Cache), false)
 9 FCPATH\index.php(67): CodeIgniter\CodeIgniter->run()
10 SYSTEMPATH\Commands\Server\rewrite.php(46): require_once('FCPATH\\index.php')
CRITICAL - 2022-12-25 11:57:05 --> Undefined variable $group
in APPPATH\Views\group\edit.php on line 22.
 1 APPPATH\Views\group\edit.php(22): CodeIgniter\Debug\Exceptions->errorHandler(2, 'Undefined variable $group', 'APPPATH\\Views\\group\\edit.php', 22)
 2 SYSTEMPATH\View\View.php(213): include('APPPATH\\Views\\group\\edit.php')
 3 SYSTEMPATH\View\View.php(216): CodeIgniter\View\View->CodeIgniter\View\{closure}()
 4 SYSTEMPATH\Common.php(1134): CodeIgniter\View\View->render('group/edit', [], true)
 5 APPPATH\Controllers\Groups.php(75): view('group/edit')
 6 SYSTEMPATH\CodeIgniter.php(927): App\Controllers\Groups->edit('1')
 7 SYSTEMPATH\CodeIgniter.php(482): CodeIgniter\CodeIgniter->runController(Object(App\Controllers\Groups))
 8 SYSTEMPATH\CodeIgniter.php(351): CodeIgniter\CodeIgniter->handleRequest(null, Object(Config\Cache), false)
 9 FCPATH\index.php(67): CodeIgniter\CodeIgniter->run()
10 SYSTEMPATH\Commands\Server\rewrite.php(46): require_once('FCPATH\\index.php')
CRITICAL - 2022-12-25 11:57:33 --> Undefined variable $group
in APPPATH\Views\group\edit.php on line 22.
 1 APPPATH\Views\group\edit.php(22): CodeIgniter\Debug\Exceptions->errorHandler(2, 'Undefined variable $group', 'APPPATH\\Views\\group\\edit.php', 22)
 2 SYSTEMPATH\View\View.php(213): include('APPPATH\\Views\\group\\edit.php')
 3 SYSTEMPATH\View\View.php(216): CodeIgniter\View\View->CodeIgniter\View\{closure}()
 4 SYSTEMPATH\Common.php(1134): CodeIgniter\View\View->render('group/edit', [], true)
 5 APPPATH\Controllers\Groups.php(75): view('group/edit')
 6 SYSTEMPATH\CodeIgniter.php(927): App\Controllers\Groups->edit('1')
 7 SYSTEMPATH\CodeIgniter.php(482): CodeIgniter\CodeIgniter->runController(Object(App\Controllers\Groups))
 8 SYSTEMPATH\CodeIgniter.php(351): CodeIgniter\CodeIgniter->handleRequest(null, Object(Config\Cache), false)
 9 FCPATH\index.php(67): CodeIgniter\CodeIgniter->run()
10 SYSTEMPATH\Commands\Server\rewrite.php(46): require_once('FCPATH\\index.php')
CRITICAL - 2022-12-25 12:05:58 --> Undefined variable $goup
in APPPATH\Views\group\edit.php on line 27.
 1 APPPATH\Views\group\edit.php(27): CodeIgniter\Debug\Exceptions->errorHandler(2, 'Undefined variable $goup', 'APPPATH\\Views\\group\\edit.php', 27)
 2 SYSTEMPATH\View\View.php(213): include('APPPATH\\Views\\group\\edit.php')
 3 SYSTEMPATH\View\View.php(216): CodeIgniter\View\View->CodeIgniter\View\{closure}()
 4 SYSTEMPATH\Common.php(1134): CodeIgniter\View\View->render('group/edit', [], true)
 5 APPPATH\Controllers\Groups.php(76): view('group/edit', [...])
 6 SYSTEMPATH\CodeIgniter.php(927): App\Controllers\Groups->edit('1')
 7 SYSTEMPATH\CodeIgniter.php(482): CodeIgniter\CodeIgniter->runController(Object(App\Controllers\Groups))
 8 SYSTEMPATH\CodeIgniter.php(351): CodeIgniter\CodeIgniter->handleRequest(null, Object(Config\Cache), false)
 9 FCPATH\index.php(67): CodeIgniter\CodeIgniter->run()
10 SYSTEMPATH\Commands\Server\rewrite.php(46): require_once('FCPATH\\index.php')
CRITICAL - 2022-12-25 17:11:39 --> Unsupported operand types: string + int
in APPPATH\Views\group\trash.php on line 59.
 1 SYSTEMPATH\View\View.php(213): include()
 2 SYSTEMPATH\View\View.php(216): CodeIgniter\View\View->CodeIgniter\View\{closure}()
 3 SYSTEMPATH\Common.php(1134): CodeIgniter\View\View->render('group/trash', [], true)
 4 APPPATH\Controllers\Groups.php(131): view('group/trash', [...])
 5 SYSTEMPATH\CodeIgniter.php(927): App\Controllers\Groups->trash()
 6 SYSTEMPATH\CodeIgniter.php(482): CodeIgniter\CodeIgniter->runController(Object(App\Controllers\Groups))
 7 SYSTEMPATH\CodeIgniter.php(351): CodeIgniter\CodeIgniter->handleRequest(null, Object(Config\Cache), false)
 8 FCPATH\index.php(67): CodeIgniter\CodeIgniter->run()
 9 SYSTEMPATH\Commands\Server\rewrite.php(46): require_once('FCPATH\\index.php')
CRITICAL - 2022-12-25 17:21:23 --> syntax error, unexpected identifier "null", expecting ")"
in APPPATH\Controllers\Groups.php on line 137.
 1 SYSTEMPATH\Router\Router.php(499): CodeIgniter\Router\AutoRouter->getRoute('groups/trash')
 2 SYSTEMPATH\Router\Router.php(205): CodeIgniter\Router\Router->autoRoute('groups/trash')
 3 SYSTEMPATH\CodeIgniter.php(802): CodeIgniter\Router\Router->handle('groups/trash')
 4 SYSTEMPATH\CodeIgniter.php(430): CodeIgniter\CodeIgniter->tryToRouteIt(Object(CodeIgniter\Router\RouteCollection))
 5 SYSTEMPATH\CodeIgniter.php(351): CodeIgniter\CodeIgniter->handleRequest(null, Object(Config\Cache), false)
 6 FCPATH\index.php(67): CodeIgniter\CodeIgniter->run()
 7 SYSTEMPATH\Commands\Server\rewrite.php(46): require_once('FCPATH\\index.php')
CRITICAL - 2022-12-25 17:22:12 --> syntax error, unexpected identifier "null", expecting ")"
in APPPATH\Controllers\Groups.php on line 137.
 1 SYSTEMPATH\Router\Router.php(499): CodeIgniter\Router\AutoRouter->getRoute('groups/trash')
 2 SYSTEMPATH\Router\Router.php(205): CodeIgniter\Router\Router->autoRoute('groups/trash')
 3 SYSTEMPATH\CodeIgniter.php(802): CodeIgniter\Router\Router->handle('groups/trash')
 4 SYSTEMPATH\CodeIgniter.php(430): CodeIgniter\CodeIgniter->tryToRouteIt(Object(CodeIgniter\Router\RouteCollection))
 5 SYSTEMPATH\CodeIgniter.php(351): CodeIgniter\CodeIgniter->handleRequest(null, Object(Config\Cache), false)
 6 FCPATH\index.php(67): CodeIgniter\CodeIgniter->run()
 7 SYSTEMPATH\Commands\Server\rewrite.php(46): require_once('FCPATH\\index.php')
CRITICAL - 2022-12-25 17:23:04 --> syntax error, unexpected identifier "null", expecting ")"
in APPPATH\Controllers\Groups.php on line 137.
 1 SYSTEMPATH\Router\Router.php(499): CodeIgniter\Router\AutoRouter->getRoute('groups/trash')
 2 SYSTEMPATH\Router\Router.php(205): CodeIgniter\Router\Router->autoRoute('groups/trash')
 3 SYSTEMPATH\CodeIgniter.php(802): CodeIgniter\Router\Router->handle('groups/trash')
 4 SYSTEMPATH\CodeIgniter.php(430): CodeIgniter\CodeIgniter->tryToRouteIt(Object(CodeIgniter\Router\RouteCollection))
 5 SYSTEMPATH\CodeIgniter.php(351): CodeIgniter\CodeIgniter->handleRequest(null, Object(Config\Cache), false)
 6 FCPATH\index.php(67): CodeIgniter\CodeIgniter->run()
 7 SYSTEMPATH\Commands\Server\rewrite.php(46): require_once('FCPATH\\index.php')
CRITICAL - 2022-12-25 17:23:05 --> syntax error, unexpected identifier "null", expecting ")"
in APPPATH\Controllers\Groups.php on line 137.
 1 SYSTEMPATH\Router\Router.php(499): CodeIgniter\Router\AutoRouter->getRoute('groups')
 2 SYSTEMPATH\Router\Router.php(205): CodeIgniter\Router\Router->autoRoute('groups')
 3 SYSTEMPATH\CodeIgniter.php(802): CodeIgniter\Router\Router->handle('groups')
 4 SYSTEMPATH\CodeIgniter.php(430): CodeIgniter\CodeIgniter->tryToRouteIt(Object(CodeIgniter\Router\RouteCollection))
 5 SYSTEMPATH\CodeIgniter.php(351): CodeIgniter\CodeIgniter->handleRequest(null, Object(Config\Cache), false)
 6 FCPATH\index.php(67): CodeIgniter\CodeIgniter->run()
 7 SYSTEMPATH\Commands\Server\rewrite.php(46): require_once('FCPATH\\index.php')
CRITICAL - 2022-12-25 17:23:43 --> Undefined variable $id
in APPPATH\Controllers\Groups.php on line 136.
 1 APPPATH\Controllers\Groups.php(136): CodeIgniter\Debug\Exceptions->errorHandler(2, 'Undefined variable $id', 'APPPATH\\Controllers\\Groups.php', 136)
 2 SYSTEMPATH\CodeIgniter.php(927): App\Controllers\Groups->restore('8')
 3 SYSTEMPATH\CodeIgniter.php(482): CodeIgniter\CodeIgniter->runController(Object(App\Controllers\Groups))
 4 SYSTEMPATH\CodeIgniter.php(351): CodeIgniter\CodeIgniter->handleRequest(null, Object(Config\Cache), false)
 5 FCPATH\index.php(67): CodeIgniter\CodeIgniter->run()
 6 SYSTEMPATH\Commands\Server\rewrite.php(46): require_once('FCPATH\\index.php')
CRITICAL - 2022-12-25 17:23:43 --> Undefined variable $id
in APPPATH\Controllers\Groups.php on line 136.
 1 APPPATH\Controllers\Groups.php(136): CodeIgniter\Debug\Exceptions->errorHandler(2, 'Undefined variable $id', 'APPPATH\\Controllers\\Groups.php', 136)
 2 SYSTEMPATH\CodeIgniter.php(927): App\Controllers\Groups->restore('8')
 3 SYSTEMPATH\CodeIgniter.php(482): CodeIgniter\CodeIgniter->runController(Object(App\Controllers\Groups))
 4 SYSTEMPATH\CodeIgniter.php(351): CodeIgniter\CodeIgniter->handleRequest(null, Object(Config\Cache), false)
 5 FCPATH\index.php(67): CodeIgniter\CodeIgniter->run()
 6 SYSTEMPATH\Commands\Server\rewrite.php(46): require_once('FCPATH\\index.php')
CRITICAL - 2022-12-25 20:23:35 --> syntax error, unexpected single-quoted string "Data Di Hapus Permanent", expecting ")"
in APPPATH\Controllers\Groups.php on line 154.
 1 SYSTEMPATH\Router\Router.php(499): CodeIgniter\Router\AutoRouter->getRoute('groups')
 2 SYSTEMPATH\Router\Router.php(205): CodeIgniter\Router\Router->autoRoute('groups')
 3 SYSTEMPATH\CodeIgniter.php(802): CodeIgniter\Router\Router->handle('groups')
 4 SYSTEMPATH\CodeIgniter.php(430): CodeIgniter\CodeIgniter->tryToRouteIt(Object(CodeIgniter\Router\RouteCollection))
 5 SYSTEMPATH\CodeIgniter.php(351): CodeIgniter\CodeIgniter->handleRequest(null, Object(Config\Cache), false)
 6 FCPATH\index.php(67): CodeIgniter\CodeIgniter->run()
 7 SYSTEMPATH\Commands\Server\rewrite.php(46): require_once('FCPATH\\index.php')
