CRITICAL - 2022-12-24 02:36:30 --> Undefined variable $Group
in APPPATH\Views\group\index.php on line 54.
 1 APPPATH\Views\group\index.php(54): CodeIgniter\Debug\Exceptions->errorHandler(2, 'Undefined variable $Group', 'APPPATH\\Views\\group\\index.php', 54)
 2 SYSTEMPATH\View\View.php(213): include('APPPATH\\Views\\group\\index.php')
 3 SYSTEMPATH\View\View.php(216): CodeIgniter\View\View->CodeIgniter\View\{closure}()
 4 SYSTEMPATH\Common.php(1134): CodeIgniter\View\View->render('group/index', [], true)
 5 APPPATH\Controllers\Groups.php(16): view('group/index')
 6 SYSTEMPATH\CodeIgniter.php(927): App\Controllers\Groups->index()
 7 SYSTEMPATH\CodeIgniter.php(482): CodeIgniter\CodeIgniter->runController(Object(App\Controllers\Groups))
 8 SYSTEMPATH\CodeIgniter.php(351): CodeIgniter\CodeIgniter->handleRequest(null, Object(Config\Cache), false)
 9 FCPATH\index.php(67): CodeIgniter\CodeIgniter->run()
10 SYSTEMPATH\Commands\Server\rewrite.php(46): require_once('FCPATH\\index.php')
ERROR - 2022-12-24 07:45:32 --> mysqli_sql_exception: Incorrect table definition; there can be only one auto column and it must be defined as a key in C:\xampp\htdocs\yuknikah\system\Database\MySQLi\Connection.php:292
Stack trace:
#0 C:\xampp\htdocs\yuknikah\system\Database\MySQLi\Connection.php(292): mysqli->query('CREATE TABLE `g...', 0)
#1 C:\xampp\htdocs\yuknikah\system\Database\BaseConnection.php(666): CodeIgniter\Database\MySQLi\Connection->execute('CREATE TABLE `g...')
#2 C:\xampp\htdocs\yuknikah\system\Database\BaseConnection.php(593): CodeIgniter\Database\BaseConnection->simpleQuery('CREATE TABLE `g...')
#3 C:\xampp\htdocs\yuknikah\system\Database\Forge.php(509): CodeIgniter\Database\BaseConnection->query('CREATE TABLE `g...')
#4 C:\xampp\htdocs\yuknikah\app\Database\Migrations\2022-12-24-133906_CreateGroup.php(40): CodeIgniter\Database\Forge->createTable('groups')
#5 C:\xampp\htdocs\yuknikah\system\Database\MigrationRunner.php(868): App\Database\Migrations\CreateGroup->up()
#6 C:\xampp\htdocs\yuknikah\system\Database\MigrationRunner.php(187): CodeIgniter\Database\MigrationRunner->migrate('up', Object(stdClass))
#7 C:\xampp\htdocs\yuknikah\system\Commands\Database\Migrate.php(84): CodeIgniter\Database\MigrationRunner->latest(NULL)
#8 C:\xampp\htdocs\yuknikah\system\CLI\Commands.php(63): CodeIgniter\Commands\Database\Migrate->run(Array)
#9 C:\xampp\htdocs\yuknikah\system\CLI\CommandRunner.php(65): CodeIgniter\CLI\Commands->run('migrate', Array)
#10 C:\xampp\htdocs\yuknikah\system\CLI\CommandRunner.php(51): CodeIgniter\CLI\CommandRunner->index(Array)
#11 C:\xampp\htdocs\yuknikah\system\CodeIgniter.php(920): CodeIgniter\CLI\CommandRunner->_remap('index', Array)
#12 C:\xampp\htdocs\yuknikah\system\CodeIgniter.php(482): CodeIgniter\CodeIgniter->runController(Object(CodeIgniter\CLI\CommandRunner))
#13 C:\xampp\htdocs\yuknikah\system\CodeIgniter.php(347): CodeIgniter\CodeIgniter->handleRequest(NULL, Object(Config\Cache), false)
#14 C:\xampp\htdocs\yuknikah\system\CLI\Console.php(48): CodeIgniter\CodeIgniter->run()
#15 C:\xampp\htdocs\yuknikah\spark(98): CodeIgniter\CLI\Console->run()
#16 {main}
ERROR - 2022-12-24 07:52:33 --> mysqli_sql_exception: Incorrect table definition; there can be only one auto column and it must be defined as a key in C:\xampp\htdocs\yuknikah\system\Database\MySQLi\Connection.php:292
Stack trace:
#0 C:\xampp\htdocs\yuknikah\system\Database\MySQLi\Connection.php(292): mysqli->query('CREATE TABLE `g...', 0)
#1 C:\xampp\htdocs\yuknikah\system\Database\BaseConnection.php(666): CodeIgniter\Database\MySQLi\Connection->execute('CREATE TABLE `g...')
#2 C:\xampp\htdocs\yuknikah\system\Database\BaseConnection.php(593): CodeIgniter\Database\BaseConnection->simpleQuery('CREATE TABLE `g...')
#3 C:\xampp\htdocs\yuknikah\system\Database\Forge.php(509): CodeIgniter\Database\BaseConnection->query('CREATE TABLE `g...')
#4 C:\xampp\htdocs\yuknikah\app\Database\Migrations\2022-12-24-133906_CreateGroup.php(40): CodeIgniter\Database\Forge->createTable('groups')
#5 C:\xampp\htdocs\yuknikah\system\Database\MigrationRunner.php(868): App\Database\Migrations\CreateGroup->up()
#6 C:\xampp\htdocs\yuknikah\system\Database\MigrationRunner.php(187): CodeIgniter\Database\MigrationRunner->migrate('up', Object(stdClass))
#7 C:\xampp\htdocs\yuknikah\system\Commands\Database\Migrate.php(84): CodeIgniter\Database\MigrationRunner->latest(NULL)
#8 C:\xampp\htdocs\yuknikah\system\CLI\Commands.php(63): CodeIgniter\Commands\Database\Migrate->run(Array)
#9 C:\xampp\htdocs\yuknikah\system\CLI\CommandRunner.php(65): CodeIgniter\CLI\Commands->run('migrate', Array)
#10 C:\xampp\htdocs\yuknikah\system\CLI\CommandRunner.php(51): CodeIgniter\CLI\CommandRunner->index(Array)
#11 C:\xampp\htdocs\yuknikah\system\CodeIgniter.php(920): CodeIgniter\CLI\CommandRunner->_remap('index', Array)
#12 C:\xampp\htdocs\yuknikah\system\CodeIgniter.php(482): CodeIgniter\CodeIgniter->runController(Object(CodeIgniter\CLI\CommandRunner))
#13 C:\xampp\htdocs\yuknikah\system\CodeIgniter.php(347): CodeIgniter\CodeIgniter->handleRequest(NULL, Object(Config\Cache), false)
#14 C:\xampp\htdocs\yuknikah\system\CLI\Console.php(48): CodeIgniter\CodeIgniter->run()
#15 C:\xampp\htdocs\yuknikah\spark(98): CodeIgniter\CLI\Console->run()
#16 {main}
CRITICAL - 2022-12-24 08:06:41 --> Undefined property: stdClass::$id_gawe
in APPPATH\Views\group\index.php on line 60.
 1 APPPATH\Views\group\index.php(60): CodeIgniter\Debug\Exceptions->errorHandler(2, 'Undefined property: stdClass::$id_gawe', 'APPPATH\\Views\\group\\index.php', 60)
 2 SYSTEMPATH\View\View.php(213): include('APPPATH\\Views\\group\\index.php')
 3 SYSTEMPATH\View\View.php(216): CodeIgniter\View\View->CodeIgniter\View\{closure}()
 4 SYSTEMPATH\Common.php(1134): CodeIgniter\View\View->render('group/index', [], true)
 5 APPPATH\Controllers\Groups.php(24): view('group/index', [...])
 6 SYSTEMPATH\CodeIgniter.php(927): App\Controllers\Groups->index()
 7 SYSTEMPATH\CodeIgniter.php(482): CodeIgniter\CodeIgniter->runController(Object(App\Controllers\Groups))
 8 SYSTEMPATH\CodeIgniter.php(351): CodeIgniter\CodeIgniter->handleRequest(null, Object(Config\Cache), false)
 9 FCPATH\index.php(67): CodeIgniter\CodeIgniter->run()
10 SYSTEMPATH\Commands\Server\rewrite.php(46): require_once('FCPATH\\index.php')
CRITICAL - 2022-12-24 21:17:33 --> Call to a member function findAll() on null
in APPPATH\Controllers\Groups.php on line 26.
 1 SYSTEMPATH\CodeIgniter.php(927): App\Controllers\Groups->index()
 2 SYSTEMPATH\CodeIgniter.php(482): CodeIgniter\CodeIgniter->runController(Object(App\Controllers\Groups))
 3 SYSTEMPATH\CodeIgniter.php(351): CodeIgniter\CodeIgniter->handleRequest(null, Object(Config\Cache), false)
 4 FCPATH\index.php(67): CodeIgniter\CodeIgniter->run()
 5 SYSTEMPATH\Commands\Server\rewrite.php(46): require_once('FCPATH\\index.php')
CRITICAL - 2022-12-24 21:18:52 --> Call to a member function findAll() on null
in APPPATH\Controllers\Groups.php on line 26.
 1 SYSTEMPATH\CodeIgniter.php(927): App\Controllers\Groups->index()
 2 SYSTEMPATH\CodeIgniter.php(482): CodeIgniter\CodeIgniter->runController(Object(App\Controllers\Groups))
 3 SYSTEMPATH\CodeIgniter.php(351): CodeIgniter\CodeIgniter->handleRequest(null, Object(Config\Cache), false)
 4 FCPATH\index.php(67): CodeIgniter\CodeIgniter->run()
 5 SYSTEMPATH\Commands\Server\rewrite.php(46): require_once('FCPATH\\index.php')
CRITICAL - 2022-12-24 21:40:23 --> There is no data to insert.
in SYSTEMPATH\BaseModel.php on line 1598.
 1 SYSTEMPATH\BaseModel.php(1598): CodeIgniter\Database\Exceptions\DataException::forEmptyDataset('insert')
 2 SYSTEMPATH\BaseModel.php(709): CodeIgniter\BaseModel->transformDataToArray([], 'insert')
 3 SYSTEMPATH\Model.php(667): CodeIgniter\BaseModel->insert([], true)
 4 APPPATH\Controllers\Groups.php(51): CodeIgniter\Model->insert([])
 5 SYSTEMPATH\CodeIgniter.php(927): App\Controllers\Groups->tambah()
 6 SYSTEMPATH\CodeIgniter.php(482): CodeIgniter\CodeIgniter->runController(Object(App\Controllers\Groups))
 7 SYSTEMPATH\CodeIgniter.php(351): CodeIgniter\CodeIgniter->handleRequest(null, Object(Config\Cache), false)
 8 FCPATH\index.php(67): CodeIgniter\CodeIgniter->run()
 9 SYSTEMPATH\Commands\Server\rewrite.php(46): require_once('FCPATH\\index.php')
CRITICAL - 2022-12-24 21:44:41 --> There is no data to insert.
in SYSTEMPATH\BaseModel.php on line 1598.
 1 SYSTEMPATH\BaseModel.php(1598): CodeIgniter\Database\Exceptions\DataException::forEmptyDataset('insert')
 2 SYSTEMPATH\BaseModel.php(709): CodeIgniter\BaseModel->transformDataToArray([], 'insert')
 3 SYSTEMPATH\Model.php(667): CodeIgniter\BaseModel->insert([], true)
 4 APPPATH\Controllers\Groups.php(51): CodeIgniter\Model->insert([])
 5 SYSTEMPATH\CodeIgniter.php(927): App\Controllers\Groups->tambah()
 6 SYSTEMPATH\CodeIgniter.php(482): CodeIgniter\CodeIgniter->runController(Object(App\Controllers\Groups))
 7 SYSTEMPATH\CodeIgniter.php(351): CodeIgniter\CodeIgniter->handleRequest(null, Object(Config\Cache), false)
 8 FCPATH\index.php(67): CodeIgniter\CodeIgniter->run()
 9 SYSTEMPATH\Commands\Server\rewrite.php(46): require_once('FCPATH\\index.php')
CRITICAL - 2022-12-24 22:07:19 --> Class "App\Controllers\ResourcePresenter" not found
in APPPATH\Controllers\Groups.php on line 11.
 1 SYSTEMPATH\Router\AutoRouter.php(147): include_once()
 2 SYSTEMPATH\Router\Router.php(499): CodeIgniter\Router\AutoRouter->getRoute('groups')
 3 SYSTEMPATH\Router\Router.php(205): CodeIgniter\Router\Router->autoRoute('groups')
 4 SYSTEMPATH\CodeIgniter.php(802): CodeIgniter\Router\Router->handle('groups')
 5 SYSTEMPATH\CodeIgniter.php(430): CodeIgniter\CodeIgniter->tryToRouteIt(Object(CodeIgniter\Router\RouteCollection))
 6 SYSTEMPATH\CodeIgniter.php(351): CodeIgniter\CodeIgniter->handleRequest(null, Object(Config\Cache), false)
 7 FCPATH\index.php(67): CodeIgniter\CodeIgniter->run()
 8 SYSTEMPATH\Commands\Server\rewrite.php(46): require_once('FCPATH\\index.php')
