CRITICAL - 2022-12-21 03:18:14 --> syntax error, unexpected token "endforeach", expecting end of file
in APPPATH\Views\gawe\get.php on line 43.
 1 SYSTEMPATH\View\View.php(216): CodeIgniter\View\View->CodeIgniter\View\{closure}()
 2 SYSTEMPATH\Common.php(1134): CodeIgniter\View\View->render('gawe/get', [], true)
 3 APPPATH\Controllers\Gawe.php(13): view('gawe/get', [...])
 4 SYSTEMPATH\CodeIgniter.php(927): App\Controllers\Gawe->index()
 5 SYSTEMPATH\CodeIgniter.php(482): CodeIgniter\CodeIgniter->runController(Object(App\Controllers\Gawe))
 6 SYSTEMPATH\CodeIgniter.php(351): CodeIgniter\CodeIgniter->handleRequest(null, Object(Config\Cache), false)
 7 FCPATH\index.php(67): CodeIgniter\CodeIgniter->run()
 8 SYSTEMPATH\Commands\Server\rewrite.php(46): require_once('FCPATH\\index.php')
CRITICAL - 2022-12-21 03:19:36 --> syntax error, unexpected token "endforeach", expecting end of file
in APPPATH\Views\gawe\get.php on line 43.
 1 SYSTEMPATH\View\View.php(216): CodeIgniter\View\View->CodeIgniter\View\{closure}()
 2 SYSTEMPATH\Common.php(1134): CodeIgniter\View\View->render('gawe/get', [], true)
 3 APPPATH\Controllers\Gawe.php(13): view('gawe/get', [...])
 4 SYSTEMPATH\CodeIgniter.php(927): App\Controllers\Gawe->index()
 5 SYSTEMPATH\CodeIgniter.php(482): CodeIgniter\CodeIgniter->runController(Object(App\Controllers\Gawe))
 6 SYSTEMPATH\CodeIgniter.php(351): CodeIgniter\CodeIgniter->handleRequest(null, Object(Config\Cache), false)
 7 FCPATH\index.php(67): CodeIgniter\CodeIgniter->run()
 8 SYSTEMPATH\Commands\Server\rewrite.php(46): require_once('FCPATH\\index.php')
CRITICAL - 2022-12-21 03:29:53 --> Undefined property: App\Controllers\Gawe::$db
in APPPATH\Controllers\Gawe.php on line 16.
 1 APPPATH\Controllers\Gawe.php(16): CodeIgniter\Debug\Exceptions->errorHandler(2, 'Undefined property: App\\Controllers\\Gawe::$db', 'APPPATH\\Controllers\\Gawe.php', 16)
 2 SYSTEMPATH\CodeIgniter.php(927): App\Controllers\Gawe->index()
 3 SYSTEMPATH\CodeIgniter.php(482): CodeIgniter\CodeIgniter->runController(Object(App\Controllers\Gawe))
 4 SYSTEMPATH\CodeIgniter.php(351): CodeIgniter\CodeIgniter->handleRequest(null, Object(Config\Cache), false)
 5 FCPATH\index.php(67): CodeIgniter\CodeIgniter->run()
 6 SYSTEMPATH\Commands\Server\rewrite.php(46): require_once('FCPATH\\index.php')
CRITICAL - 2022-12-21 03:30:00 --> Undefined property: App\Controllers\Gawe::$db
in APPPATH\Controllers\Gawe.php on line 16.
 1 APPPATH\Controllers\Gawe.php(16): CodeIgniter\Debug\Exceptions->errorHandler(2, 'Undefined property: App\\Controllers\\Gawe::$db', 'APPPATH\\Controllers\\Gawe.php', 16)
 2 SYSTEMPATH\CodeIgniter.php(927): App\Controllers\Gawe->index()
 3 SYSTEMPATH\CodeIgniter.php(482): CodeIgniter\CodeIgniter->runController(Object(App\Controllers\Gawe))
 4 SYSTEMPATH\CodeIgniter.php(351): CodeIgniter\CodeIgniter->handleRequest(null, Object(Config\Cache), false)
 5 FCPATH\index.php(67): CodeIgniter\CodeIgniter->run()
 6 SYSTEMPATH\Commands\Server\rewrite.php(46): require_once('FCPATH\\index.php')
CRITICAL - 2022-12-21 03:30:33 --> Undefined property: App\Controllers\Gawe::$db
in APPPATH\Controllers\Gawe.php on line 17.
 1 APPPATH\Controllers\Gawe.php(17): CodeIgniter\Debug\Exceptions->errorHandler(2, 'Undefined property: App\\Controllers\\Gawe::$db', 'APPPATH\\Controllers\\Gawe.php', 17)
 2 SYSTEMPATH\CodeIgniter.php(927): App\Controllers\Gawe->index()
 3 SYSTEMPATH\CodeIgniter.php(482): CodeIgniter\CodeIgniter->runController(Object(App\Controllers\Gawe))
 4 SYSTEMPATH\CodeIgniter.php(351): CodeIgniter\CodeIgniter->handleRequest(null, Object(Config\Cache), false)
 5 FCPATH\index.php(67): CodeIgniter\CodeIgniter->run()
 6 SYSTEMPATH\Commands\Server\rewrite.php(46): require_once('FCPATH\\index.php')
CRITICAL - 2022-12-21 03:31:45 --> Undefined property: App\Controllers\Gawe::$db
in APPPATH\Controllers\Gawe.php on line 17.
 1 APPPATH\Controllers\Gawe.php(17): CodeIgniter\Debug\Exceptions->errorHandler(2, 'Undefined property: App\\Controllers\\Gawe::$db', 'APPPATH\\Controllers\\Gawe.php', 17)
 2 SYSTEMPATH\CodeIgniter.php(927): App\Controllers\Gawe->index()
 3 SYSTEMPATH\CodeIgniter.php(482): CodeIgniter\CodeIgniter->runController(Object(App\Controllers\Gawe))
 4 SYSTEMPATH\CodeIgniter.php(351): CodeIgniter\CodeIgniter->handleRequest(null, Object(Config\Cache), false)
 5 FCPATH\index.php(67): CodeIgniter\CodeIgniter->run()
 6 SYSTEMPATH\Commands\Server\rewrite.php(46): require_once('FCPATH\\index.php')
CRITICAL - 2022-12-21 03:36:24 --> Undefined property: App\Controllers\Gawe::$db
in APPPATH\Controllers\Gawe.php on line 15.
 1 APPPATH\Controllers\Gawe.php(15): CodeIgniter\Debug\Exceptions->errorHandler(2, 'Undefined property: App\\Controllers\\Gawe::$db', 'APPPATH\\Controllers\\Gawe.php', 15)
 2 SYSTEMPATH\CodeIgniter.php(927): App\Controllers\Gawe->index()
 3 SYSTEMPATH\CodeIgniter.php(482): CodeIgniter\CodeIgniter->runController(Object(App\Controllers\Gawe))
 4 SYSTEMPATH\CodeIgniter.php(351): CodeIgniter\CodeIgniter->handleRequest(null, Object(Config\Cache), false)
 5 FCPATH\index.php(67): CodeIgniter\CodeIgniter->run()
 6 SYSTEMPATH\Commands\Server\rewrite.php(46): require_once('FCPATH\\index.php')
CRITICAL - 2022-12-21 03:39:06 --> Undefined property: App\Controllers\Gawe::$db
in APPPATH\Controllers\Gawe.php on line 15.
 1 APPPATH\Controllers\Gawe.php(15): CodeIgniter\Debug\Exceptions->errorHandler(2, 'Undefined property: App\\Controllers\\Gawe::$db', 'APPPATH\\Controllers\\Gawe.php', 15)
 2 SYSTEMPATH\CodeIgniter.php(927): App\Controllers\Gawe->index()
 3 SYSTEMPATH\CodeIgniter.php(482): CodeIgniter\CodeIgniter->runController(Object(App\Controllers\Gawe))
 4 SYSTEMPATH\CodeIgniter.php(351): CodeIgniter\CodeIgniter->handleRequest(null, Object(Config\Cache), false)
 5 FCPATH\index.php(67): CodeIgniter\CodeIgniter->run()
 6 SYSTEMPATH\Commands\Server\rewrite.php(46): require_once('FCPATH\\index.php')
CRITICAL - 2022-12-21 03:40:16 --> Undefined property: App\Controllers\Gawe::$db
in APPPATH\Controllers\Gawe.php on line 15.
 1 APPPATH\Controllers\Gawe.php(15): CodeIgniter\Debug\Exceptions->errorHandler(2, 'Undefined property: App\\Controllers\\Gawe::$db', 'APPPATH\\Controllers\\Gawe.php', 15)
 2 SYSTEMPATH\CodeIgniter.php(927): App\Controllers\Gawe->index()
 3 SYSTEMPATH\CodeIgniter.php(482): CodeIgniter\CodeIgniter->runController(Object(App\Controllers\Gawe))
 4 SYSTEMPATH\CodeIgniter.php(351): CodeIgniter\CodeIgniter->handleRequest(null, Object(Config\Cache), false)
 5 FCPATH\index.php(67): CodeIgniter\CodeIgniter->run()
 6 SYSTEMPATH\Commands\Server\rewrite.php(46): require_once('FCPATH\\index.php')
CRITICAL - 2022-12-21 03:41:46 --> Undefined property: App\Controllers\Gawe::$db
in APPPATH\Controllers\Gawe.php on line 15.
 1 APPPATH\Controllers\Gawe.php(15): CodeIgniter\Debug\Exceptions->errorHandler(2, 'Undefined property: App\\Controllers\\Gawe::$db', 'APPPATH\\Controllers\\Gawe.php', 15)
 2 SYSTEMPATH\CodeIgniter.php(927): App\Controllers\Gawe->index()
 3 SYSTEMPATH\CodeIgniter.php(482): CodeIgniter\CodeIgniter->runController(Object(App\Controllers\Gawe))
 4 SYSTEMPATH\CodeIgniter.php(351): CodeIgniter\CodeIgniter->handleRequest(null, Object(Config\Cache), false)
 5 FCPATH\index.php(67): CodeIgniter\CodeIgniter->run()
 6 SYSTEMPATH\Commands\Server\rewrite.php(46): require_once('FCPATH\\index.php')
CRITICAL - 2022-12-21 03:57:52 --> Undefined variable $gawe
in APPPATH\Views\gawe\tambah.php on line 35.
 1 APPPATH\Views\gawe\tambah.php(35): CodeIgniter\Debug\Exceptions->errorHandler(2, 'Undefined variable $gawe', 'APPPATH\\Views\\gawe\\tambah.php', 35)
 2 SYSTEMPATH\View\View.php(213): include('APPPATH\\Views\\gawe\\tambah.php')
 3 SYSTEMPATH\View\View.php(216): CodeIgniter\View\View->CodeIgniter\View\{closure}()
 4 SYSTEMPATH\Common.php(1134): CodeIgniter\View\View->render('gawe/tambah', [], true)
 5 APPPATH\Controllers\Gawe.php(19): view('gawe/tambah')
 6 SYSTEMPATH\CodeIgniter.php(927): App\Controllers\Gawe->create()
 7 SYSTEMPATH\CodeIgniter.php(482): CodeIgniter\CodeIgniter->runController(Object(App\Controllers\Gawe))
 8 SYSTEMPATH\CodeIgniter.php(351): CodeIgniter\CodeIgniter->handleRequest(null, Object(Config\Cache), false)
 9 FCPATH\index.php(67): CodeIgniter\CodeIgniter->run()
10 SYSTEMPATH\Commands\Server\rewrite.php(46): require_once('FCPATH\\index.php')
CRITICAL - 2022-12-21 06:31:08 --> fwrite(): Write of 86 bytes failed with errno=22 Invalid argument
in SYSTEMPATH\CLI\CLI.php on line 1013.
 1 [internal function]: CodeIgniter\Debug\Exceptions->errorHandler(8, 'fwrite(): Write of 86 bytes failed with errno=22 Invalid argument', 'SYSTEMPATH\\CLI\\CLI.php', 1013)
 2 SYSTEMPATH\CLI\CLI.php(1013): fwrite(resource (stream), '
CodeIgniter v4.2.10 Command Line Tool - Server Time: 2022-12-21 06:31:07 UTC-06:00
')
 3 SYSTEMPATH\CLI\CLI.php(364): CodeIgniter\CLI\CLI::fwrite(resource (stream), '
CodeIgniter v4.2.10 Command Line Tool - Server Time: 2022-12-21 06:31:07 UTC-06:00
')
 4 SYSTEMPATH\CLI\Console.php(60): CodeIgniter\CLI\CLI::write('
CodeIgniter v4.2.10 Command Line Tool - Server Time: 2022-12-21 06:31:07 UTC-06:00', 'green')
 5 ROOTPATH\spark(95): CodeIgniter\CLI\Console->showHeader(false)
CRITICAL - 2022-12-21 06:31:08 --> Uncaught ErrorException: fwrite(): Write of 2 bytes failed with errno=22 Invalid argument in C:\xampp\htdocs\yuknikah\system\CLI\CLI.php:1013
Stack trace:
#0 [internal function]: CodeIgniter\Debug\Exceptions->errorHandler(8, 'fwrite(): Write...', 'C:\\xampp\\htdocs...', 1013)
#1 C:\xampp\htdocs\yuknikah\system\CLI\CLI.php(1013): fwrite(Resource id #2, '\r\n')
#2 C:\xampp\htdocs\yuknikah\system\CLI\CLI.php(364): CodeIgniter\CLI\CLI::fwrite(Resource id #2, '\r\n')
#3 C:\xampp\htdocs\yuknikah\system\CLI\CLI.php(441): CodeIgniter\CLI\CLI::write()
#4 C:\xampp\htdocs\yuknikah\app\Views\errors\cli\error_exception.php(6): CodeIgniter\CLI\CLI::newLine()
#5 C:\xampp\htdocs\yuknikah\system\Debug\Exceptions.php(284): include('C:\\xampp\\htdocs...')
#6 C:\xampp\htdocs\yuknikah\system\Debug\Exceptions.php(287): CodeIgniter\Debug\Exceptions->CodeIgniter\Debug\{closure}()
#7 C:\xampp\htdocs\yuknikah\system\Debug\Exceptions.php(139): CodeIgniter\Debug\Exceptions->render(Object(ErrorException), 500)
#8 [internal function]: CodeIgniter\Debug\Exceptions->exceptionHandler(Object(ErrorException))
#9 {main}
  thrown
in SYSTEMPATH\CLI\CLI.php on line 1013.
 1 [internal function]: CodeIgniter\Debug\Exceptions->shutdownHandler()
CRITICAL - 2022-12-21 19:03:55 --> syntax error, unexpected token "="
in APPPATH\Controllers\Gawe.php on line 24.
 1 SYSTEMPATH\Autoloader\Autoloader.php(259): CodeIgniter\Autoloader\Autoloader->includeFile('APPPATH\\Controllers\\Gawe.php')
 2 SYSTEMPATH\Autoloader\Autoloader.php(237): CodeIgniter\Autoloader\Autoloader->loadInNamespace('App\\Controllers\\Gawe')
 3 [internal function]: CodeIgniter\Autoloader\Autoloader->loadClass('App\\Controllers\\Gawe')
 4 SYSTEMPATH\CodeIgniter.php(877): class_exists('\\App\\Controllers\\Gawe', true)
 5 SYSTEMPATH\CodeIgniter.php(469): CodeIgniter\CodeIgniter->startController()
 6 SYSTEMPATH\CodeIgniter.php(351): CodeIgniter\CodeIgniter->handleRequest(null, Object(Config\Cache), false)
 7 FCPATH\index.php(67): CodeIgniter\CodeIgniter->run()
 8 SYSTEMPATH\Commands\Server\rewrite.php(46): require_once('FCPATH\\index.php')
CRITICAL - 2022-12-21 19:06:56 --> Undefined property: App\Controllers\Gawe::$db
in APPPATH\Controllers\Gawe.php on line 27.
 1 APPPATH\Controllers\Gawe.php(27): CodeIgniter\Debug\Exceptions->errorHandler(2, 'Undefined property: App\\Controllers\\Gawe::$db', 'APPPATH\\Controllers\\Gawe.php', 27)
 2 SYSTEMPATH\CodeIgniter.php(927): App\Controllers\Gawe->store()
 3 SYSTEMPATH\CodeIgniter.php(482): CodeIgniter\CodeIgniter->runController(Object(App\Controllers\Gawe))
 4 SYSTEMPATH\CodeIgniter.php(351): CodeIgniter\CodeIgniter->handleRequest(null, Object(Config\Cache), false)
 5 FCPATH\index.php(67): CodeIgniter\CodeIgniter->run()
 6 SYSTEMPATH\Commands\Server\rewrite.php(46): require_once('FCPATH\\index.php')
CRITICAL - 2022-12-21 19:07:39 --> Undefined property: App\Controllers\Gawe::$db
in APPPATH\Controllers\Gawe.php on line 27.
 1 APPPATH\Controllers\Gawe.php(27): CodeIgniter\Debug\Exceptions->errorHandler(2, 'Undefined property: App\\Controllers\\Gawe::$db', 'APPPATH\\Controllers\\Gawe.php', 27)
 2 SYSTEMPATH\CodeIgniter.php(927): App\Controllers\Gawe->store()
 3 SYSTEMPATH\CodeIgniter.php(482): CodeIgniter\CodeIgniter->runController(Object(App\Controllers\Gawe))
 4 SYSTEMPATH\CodeIgniter.php(351): CodeIgniter\CodeIgniter->handleRequest(null, Object(Config\Cache), false)
 5 FCPATH\index.php(67): CodeIgniter\CodeIgniter->run()
 6 SYSTEMPATH\Commands\Server\rewrite.php(46): require_once('FCPATH\\index.php')
CRITICAL - 2022-12-21 19:21:13 --> Undefined property: App\Controllers\Gawe::$db
in APPPATH\Controllers\Gawe.php on line 27.
 1 APPPATH\Controllers\Gawe.php(27): CodeIgniter\Debug\Exceptions->errorHandler(2, 'Undefined property: App\\Controllers\\Gawe::$db', 'APPPATH\\Controllers\\Gawe.php', 27)
 2 SYSTEMPATH\CodeIgniter.php(927): App\Controllers\Gawe->store()
 3 SYSTEMPATH\CodeIgniter.php(482): CodeIgniter\CodeIgniter->runController(Object(App\Controllers\Gawe))
 4 SYSTEMPATH\CodeIgniter.php(351): CodeIgniter\CodeIgniter->handleRequest(null, Object(Config\Cache), false)
 5 FCPATH\index.php(67): CodeIgniter\CodeIgniter->run()
 6 SYSTEMPATH\Commands\Server\rewrite.php(46): require_once('FCPATH\\index.php')
ERROR - 2022-12-21 19:23:24 --> mysqli_sql_exception: Unknown column 'nama_gawe' in 'field list' in C:\xampp\htdocs\yuknikah\system\Database\MySQLi\Connection.php:292
Stack trace:
#0 C:\xampp\htdocs\yuknikah\system\Database\MySQLi\Connection.php(292): mysqli->query('INSERT INTO `ga...', 0)
#1 C:\xampp\htdocs\yuknikah\system\Database\BaseConnection.php(666): CodeIgniter\Database\MySQLi\Connection->execute('INSERT INTO `ga...')
#2 C:\xampp\htdocs\yuknikah\system\Database\BaseConnection.php(593): CodeIgniter\Database\BaseConnection->simpleQuery('INSERT INTO `ga...')
#3 C:\xampp\htdocs\yuknikah\system\Database\BaseBuilder.php(1916): CodeIgniter\Database\BaseConnection->query('INSERT INTO `ga...', Array, false)
#4 C:\xampp\htdocs\yuknikah\app\Controllers\Gawe.php(27): CodeIgniter\Database\BaseBuilder->insert(Array)
#5 C:\xampp\htdocs\yuknikah\system\CodeIgniter.php(927): App\Controllers\Gawe->store()
#6 C:\xampp\htdocs\yuknikah\system\CodeIgniter.php(482): CodeIgniter\CodeIgniter->runController(Object(App\Controllers\Gawe))
#7 C:\xampp\htdocs\yuknikah\system\CodeIgniter.php(351): CodeIgniter\CodeIgniter->handleRequest(NULL, Object(Config\Cache), false)
#8 C:\xampp\htdocs\yuknikah\public\index.php(67): CodeIgniter\CodeIgniter->run()
#9 C:\xampp\htdocs\yuknikah\system\Commands\Server\rewrite.php(46): require_once('C:\\xampp\\htdocs...')
#10 {main}
CRITICAL - 2022-12-21 19:23:24 --> Unknown column 'nama_gawe' in 'field list'
in SYSTEMPATH\Database\MySQLi\Connection.php on line 292.
 1 SYSTEMPATH\Database\MySQLi\Connection.php(292): mysqli->query('INSERT INTO `gawe` (`nama_gawe`, `date_gawe`, `info_gawe`) VALUES (\'undangan\', \'2023-01-07\', \'Lamaran Mas Bro\')', 0)
 2 SYSTEMPATH\Database\BaseConnection.php(666): CodeIgniter\Database\MySQLi\Connection->execute('INSERT INTO `gawe` (`nama_gawe`, `date_gawe`, `info_gawe`) VALUES (\'undangan\', \'2023-01-07\', \'Lamaran Mas Bro\')')
 3 SYSTEMPATH\Database\BaseConnection.php(593): CodeIgniter\Database\BaseConnection->simpleQuery('INSERT INTO `gawe` (`nama_gawe`, `date_gawe`, `info_gawe`) VALUES (\'undangan\', \'2023-01-07\', \'Lamaran Mas Bro\')')
 4 SYSTEMPATH\Database\BaseBuilder.php(1916): CodeIgniter\Database\BaseConnection->query('INSERT INTO `gawe` (`nama_gawe`, `date_gawe`, `info_gawe`) VALUES (:nama_gawe:, :date_gawe:, :info_gawe:)', [...], false)
 5 APPPATH\Controllers\Gawe.php(27): CodeIgniter\Database\BaseBuilder->insert([...])
 6 SYSTEMPATH\CodeIgniter.php(927): App\Controllers\Gawe->store()
 7 SYSTEMPATH\CodeIgniter.php(482): CodeIgniter\CodeIgniter->runController(Object(App\Controllers\Gawe))
 8 SYSTEMPATH\CodeIgniter.php(351): CodeIgniter\CodeIgniter->handleRequest(null, Object(Config\Cache), false)
 9 FCPATH\index.php(67): CodeIgniter\CodeIgniter->run()
10 SYSTEMPATH\Commands\Server\rewrite.php(46): require_once('FCPATH\\index.php')
CRITICAL - 2022-12-21 19:24:07 --> Undefined variable $db
in APPPATH\Controllers\Gawe.php on line 10.
 1 APPPATH\Controllers\Gawe.php(10): CodeIgniter\Debug\Exceptions->errorHandler(2, 'Undefined variable $db', 'APPPATH\\Controllers\\Gawe.php', 10)
 2 SYSTEMPATH\CodeIgniter.php(927): App\Controllers\Gawe->index()
 3 SYSTEMPATH\CodeIgniter.php(482): CodeIgniter\CodeIgniter->runController(Object(App\Controllers\Gawe))
 4 SYSTEMPATH\CodeIgniter.php(351): CodeIgniter\CodeIgniter->handleRequest(null, Object(Config\Cache), false)
 5 FCPATH\index.php(67): CodeIgniter\CodeIgniter->run()
 6 SYSTEMPATH\Commands\Server\rewrite.php(46): require_once('FCPATH\\index.php')
CRITICAL - 2022-12-21 19:24:09 --> Undefined variable $db
in APPPATH\Controllers\Gawe.php on line 10.
 1 APPPATH\Controllers\Gawe.php(10): CodeIgniter\Debug\Exceptions->errorHandler(2, 'Undefined variable $db', 'APPPATH\\Controllers\\Gawe.php', 10)
 2 SYSTEMPATH\CodeIgniter.php(927): App\Controllers\Gawe->index()
 3 SYSTEMPATH\CodeIgniter.php(482): CodeIgniter\CodeIgniter->runController(Object(App\Controllers\Gawe))
 4 SYSTEMPATH\CodeIgniter.php(351): CodeIgniter\CodeIgniter->handleRequest(null, Object(Config\Cache), false)
 5 FCPATH\index.php(67): CodeIgniter\CodeIgniter->run()
 6 SYSTEMPATH\Commands\Server\rewrite.php(46): require_once('FCPATH\\index.php')
ERROR - 2022-12-21 19:25:37 --> mysqli_sql_exception: Unknown column 'nama_gawe' in 'field list' in C:\xampp\htdocs\yuknikah\system\Database\MySQLi\Connection.php:292
Stack trace:
#0 C:\xampp\htdocs\yuknikah\system\Database\MySQLi\Connection.php(292): mysqli->query('INSERT INTO `ga...', 0)
#1 C:\xampp\htdocs\yuknikah\system\Database\BaseConnection.php(666): CodeIgniter\Database\MySQLi\Connection->execute('INSERT INTO `ga...')
#2 C:\xampp\htdocs\yuknikah\system\Database\BaseConnection.php(593): CodeIgniter\Database\BaseConnection->simpleQuery('INSERT INTO `ga...')
#3 C:\xampp\htdocs\yuknikah\system\Database\BaseBuilder.php(1916): CodeIgniter\Database\BaseConnection->query('INSERT INTO `ga...', Array, false)
#4 C:\xampp\htdocs\yuknikah\app\Controllers\Gawe.php(27): CodeIgniter\Database\BaseBuilder->insert(Array)
#5 C:\xampp\htdocs\yuknikah\system\CodeIgniter.php(927): App\Controllers\Gawe->store()
#6 C:\xampp\htdocs\yuknikah\system\CodeIgniter.php(482): CodeIgniter\CodeIgniter->runController(Object(App\Controllers\Gawe))
#7 C:\xampp\htdocs\yuknikah\system\CodeIgniter.php(351): CodeIgniter\CodeIgniter->handleRequest(NULL, Object(Config\Cache), false)
#8 C:\xampp\htdocs\yuknikah\public\index.php(67): CodeIgniter\CodeIgniter->run()
#9 C:\xampp\htdocs\yuknikah\system\Commands\Server\rewrite.php(46): require_once('C:\\xampp\\htdocs...')
#10 {main}
CRITICAL - 2022-12-21 19:25:37 --> Unknown column 'nama_gawe' in 'field list'
in SYSTEMPATH\Database\MySQLi\Connection.php on line 292.
 1 SYSTEMPATH\Database\MySQLi\Connection.php(292): mysqli->query('INSERT INTO `gawe` (`nama_gawe`, `date_gawe`, `info_gawe`) VALUES (\'Acara \', \'2023-01-07\', \'Lamaran\')', 0)
 2 SYSTEMPATH\Database\BaseConnection.php(666): CodeIgniter\Database\MySQLi\Connection->execute('INSERT INTO `gawe` (`nama_gawe`, `date_gawe`, `info_gawe`) VALUES (\'Acara \', \'2023-01-07\', \'Lamaran\')')
 3 SYSTEMPATH\Database\BaseConnection.php(593): CodeIgniter\Database\BaseConnection->simpleQuery('INSERT INTO `gawe` (`nama_gawe`, `date_gawe`, `info_gawe`) VALUES (\'Acara \', \'2023-01-07\', \'Lamaran\')')
 4 SYSTEMPATH\Database\BaseBuilder.php(1916): CodeIgniter\Database\BaseConnection->query('INSERT INTO `gawe` (`nama_gawe`, `date_gawe`, `info_gawe`) VALUES (:nama_gawe:, :date_gawe:, :info_gawe:)', [...], false)
 5 APPPATH\Controllers\Gawe.php(27): CodeIgniter\Database\BaseBuilder->insert([...])
 6 SYSTEMPATH\CodeIgniter.php(927): App\Controllers\Gawe->store()
 7 SYSTEMPATH\CodeIgniter.php(482): CodeIgniter\CodeIgniter->runController(Object(App\Controllers\Gawe))
 8 SYSTEMPATH\CodeIgniter.php(351): CodeIgniter\CodeIgniter->handleRequest(null, Object(Config\Cache), false)
 9 FCPATH\index.php(67): CodeIgniter\CodeIgniter->run()
10 SYSTEMPATH\Commands\Server\rewrite.php(46): require_once('FCPATH\\index.php')
ERROR - 2022-12-21 19:27:00 --> mysqli_sql_exception: Unknown column 'nama_gawe' in 'field list' in C:\xampp\htdocs\yuknikah\system\Database\MySQLi\Connection.php:292
Stack trace:
#0 C:\xampp\htdocs\yuknikah\system\Database\MySQLi\Connection.php(292): mysqli->query('INSERT INTO `ga...', 0)
#1 C:\xampp\htdocs\yuknikah\system\Database\BaseConnection.php(666): CodeIgniter\Database\MySQLi\Connection->execute('INSERT INTO `ga...')
#2 C:\xampp\htdocs\yuknikah\system\Database\BaseConnection.php(593): CodeIgniter\Database\BaseConnection->simpleQuery('INSERT INTO `ga...')
#3 C:\xampp\htdocs\yuknikah\system\Database\BaseBuilder.php(1916): CodeIgniter\Database\BaseConnection->query('INSERT INTO `ga...', Array, false)
#4 C:\xampp\htdocs\yuknikah\app\Controllers\Gawe.php(27): CodeIgniter\Database\BaseBuilder->insert(Array)
#5 C:\xampp\htdocs\yuknikah\system\CodeIgniter.php(927): App\Controllers\Gawe->store()
#6 C:\xampp\htdocs\yuknikah\system\CodeIgniter.php(482): CodeIgniter\CodeIgniter->runController(Object(App\Controllers\Gawe))
#7 C:\xampp\htdocs\yuknikah\system\CodeIgniter.php(351): CodeIgniter\CodeIgniter->handleRequest(NULL, Object(Config\Cache), false)
#8 C:\xampp\htdocs\yuknikah\public\index.php(67): CodeIgniter\CodeIgniter->run()
#9 C:\xampp\htdocs\yuknikah\system\Commands\Server\rewrite.php(46): require_once('C:\\xampp\\htdocs...')
#10 {main}
CRITICAL - 2022-12-21 19:27:00 --> Unknown column 'nama_gawe' in 'field list'
in SYSTEMPATH\Database\MySQLi\Connection.php on line 292.
 1 SYSTEMPATH\Database\MySQLi\Connection.php(292): mysqli->query('INSERT INTO `gawe` (`nama_gawe`, `date_gawe`, `info_gawe`) VALUES (\'assa\', \'2023-01-07\', \'\')', 0)
 2 SYSTEMPATH\Database\BaseConnection.php(666): CodeIgniter\Database\MySQLi\Connection->execute('INSERT INTO `gawe` (`nama_gawe`, `date_gawe`, `info_gawe`) VALUES (\'assa\', \'2023-01-07\', \'\')')
 3 SYSTEMPATH\Database\BaseConnection.php(593): CodeIgniter\Database\BaseConnection->simpleQuery('INSERT INTO `gawe` (`nama_gawe`, `date_gawe`, `info_gawe`) VALUES (\'assa\', \'2023-01-07\', \'\')')
 4 SYSTEMPATH\Database\BaseBuilder.php(1916): CodeIgniter\Database\BaseConnection->query('INSERT INTO `gawe` (`nama_gawe`, `date_gawe`, `info_gawe`) VALUES (:nama_gawe:, :date_gawe:, :info_gawe:)', [...], false)
 5 APPPATH\Controllers\Gawe.php(27): CodeIgniter\Database\BaseBuilder->insert([...])
 6 SYSTEMPATH\CodeIgniter.php(927): App\Controllers\Gawe->store()
 7 SYSTEMPATH\CodeIgniter.php(482): CodeIgniter\CodeIgniter->runController(Object(App\Controllers\Gawe))
 8 SYSTEMPATH\CodeIgniter.php(351): CodeIgniter\CodeIgniter->handleRequest(null, Object(Config\Cache), false)
 9 FCPATH\index.php(67): CodeIgniter\CodeIgniter->run()
10 SYSTEMPATH\Commands\Server\rewrite.php(46): require_once('FCPATH\\index.php')
ERROR - 2022-12-21 19:34:32 --> mysqli_sql_exception: Unknown column 'nama_gawe' in 'field list' in C:\xampp\htdocs\yuknikah\system\Database\MySQLi\Connection.php:292
Stack trace:
#0 C:\xampp\htdocs\yuknikah\system\Database\MySQLi\Connection.php(292): mysqli->query('INSERT INTO `ga...', 0)
#1 C:\xampp\htdocs\yuknikah\system\Database\BaseConnection.php(666): CodeIgniter\Database\MySQLi\Connection->execute('INSERT INTO `ga...')
#2 C:\xampp\htdocs\yuknikah\system\Database\BaseConnection.php(593): CodeIgniter\Database\BaseConnection->simpleQuery('INSERT INTO `ga...')
#3 C:\xampp\htdocs\yuknikah\system\Database\BaseBuilder.php(1916): CodeIgniter\Database\BaseConnection->query('INSERT INTO `ga...', Array, false)
#4 C:\xampp\htdocs\yuknikah\app\Controllers\Gawe.php(26): CodeIgniter\Database\BaseBuilder->insert(Array)
#5 C:\xampp\htdocs\yuknikah\system\CodeIgniter.php(927): App\Controllers\Gawe->store()
#6 C:\xampp\htdocs\yuknikah\system\CodeIgniter.php(482): CodeIgniter\CodeIgniter->runController(Object(App\Controllers\Gawe))
#7 C:\xampp\htdocs\yuknikah\system\CodeIgniter.php(351): CodeIgniter\CodeIgniter->handleRequest(NULL, Object(Config\Cache), false)
#8 C:\xampp\htdocs\yuknikah\public\index.php(67): CodeIgniter\CodeIgniter->run()
#9 C:\xampp\htdocs\yuknikah\system\Commands\Server\rewrite.php(46): require_once('C:\\xampp\\htdocs...')
#10 {main}
CRITICAL - 2022-12-21 19:34:32 --> Unknown column 'nama_gawe' in 'field list'
in SYSTEMPATH\Database\MySQLi\Connection.php on line 292.
 1 SYSTEMPATH\Database\MySQLi\Connection.php(292): mysqli->query('INSERT INTO `gawe` (`nama_gawe`, `date_gawe`, `info_gawe`) VALUES (\'undangan\', \'2023-01-05\', \'lamaran\')', 0)
 2 SYSTEMPATH\Database\BaseConnection.php(666): CodeIgniter\Database\MySQLi\Connection->execute('INSERT INTO `gawe` (`nama_gawe`, `date_gawe`, `info_gawe`) VALUES (\'undangan\', \'2023-01-05\', \'lamaran\')')
 3 SYSTEMPATH\Database\BaseConnection.php(593): CodeIgniter\Database\BaseConnection->simpleQuery('INSERT INTO `gawe` (`nama_gawe`, `date_gawe`, `info_gawe`) VALUES (\'undangan\', \'2023-01-05\', \'lamaran\')')
 4 SYSTEMPATH\Database\BaseBuilder.php(1916): CodeIgniter\Database\BaseConnection->query('INSERT INTO `gawe` (`nama_gawe`, `date_gawe`, `info_gawe`) VALUES (:nama_gawe:, :date_gawe:, :info_gawe:)', [...], false)
 5 APPPATH\Controllers\Gawe.php(26): CodeIgniter\Database\BaseBuilder->insert([...])
 6 SYSTEMPATH\CodeIgniter.php(927): App\Controllers\Gawe->store()
 7 SYSTEMPATH\CodeIgniter.php(482): CodeIgniter\CodeIgniter->runController(Object(App\Controllers\Gawe))
 8 SYSTEMPATH\CodeIgniter.php(351): CodeIgniter\CodeIgniter->handleRequest(null, Object(Config\Cache), false)
 9 FCPATH\index.php(67): CodeIgniter\CodeIgniter->run()
10 SYSTEMPATH\Commands\Server\rewrite.php(46): require_once('FCPATH\\index.php')
CRITICAL - 2022-12-21 19:37:00 --> Call to undefined function ucword()
in APPPATH\Views\gawe\get.php on line 38.
 1 SYSTEMPATH\View\View.php(213): include()
 2 SYSTEMPATH\View\View.php(216): CodeIgniter\View\View->CodeIgniter\View\{closure}()
 3 SYSTEMPATH\Common.php(1134): CodeIgniter\View\View->render('gawe/get', [], true)
 4 APPPATH\Controllers\Gawe.php(13): view('gawe/get', [...])
 5 SYSTEMPATH\CodeIgniter.php(927): App\Controllers\Gawe->index()
 6 SYSTEMPATH\CodeIgniter.php(482): CodeIgniter\CodeIgniter->runController(Object(App\Controllers\Gawe))
 7 SYSTEMPATH\CodeIgniter.php(351): CodeIgniter\CodeIgniter->handleRequest(null, Object(Config\Cache), false)
 8 FCPATH\index.php(67): CodeIgniter\CodeIgniter->run()
 9 SYSTEMPATH\Commands\Server\rewrite.php(46): require_once('FCPATH\\index.php')
CRITICAL - 2022-12-21 19:37:31 --> Undefined property: stdClass::$name_gawes
in APPPATH\Views\gawe\get.php on line 38.
 1 APPPATH\Views\gawe\get.php(38): CodeIgniter\Debug\Exceptions->errorHandler(2, 'Undefined property: stdClass::$name_gawes', 'APPPATH\\Views\\gawe\\get.php', 38)
 2 SYSTEMPATH\View\View.php(213): include('APPPATH\\Views\\gawe\\get.php')
 3 SYSTEMPATH\View\View.php(216): CodeIgniter\View\View->CodeIgniter\View\{closure}()
 4 SYSTEMPATH\Common.php(1134): CodeIgniter\View\View->render('gawe/get', [], true)
 5 APPPATH\Controllers\Gawe.php(13): view('gawe/get', [...])
 6 SYSTEMPATH\CodeIgniter.php(927): App\Controllers\Gawe->index()
 7 SYSTEMPATH\CodeIgniter.php(482): CodeIgniter\CodeIgniter->runController(Object(App\Controllers\Gawe))
 8 SYSTEMPATH\CodeIgniter.php(351): CodeIgniter\CodeIgniter->handleRequest(null, Object(Config\Cache), false)
 9 FCPATH\index.php(67): CodeIgniter\CodeIgniter->run()
10 SYSTEMPATH\Commands\Server\rewrite.php(46): require_once('FCPATH\\index.php')
CRITICAL - 2022-12-21 21:57:49 --> syntax error, unexpected token ".", expecting ")"
in APPPATH\Views\gawe\get.php on line 61.
 1 SYSTEMPATH\View\View.php(216): CodeIgniter\View\View->CodeIgniter\View\{closure}()
 2 SYSTEMPATH\Common.php(1134): CodeIgniter\View\View->render('gawe/get', [], true)
 3 APPPATH\Controllers\Gawe.php(13): view('gawe/get', [...])
 4 SYSTEMPATH\CodeIgniter.php(927): App\Controllers\Gawe->index()
 5 SYSTEMPATH\CodeIgniter.php(482): CodeIgniter\CodeIgniter->runController(Object(App\Controllers\Gawe))
 6 SYSTEMPATH\CodeIgniter.php(351): CodeIgniter\CodeIgniter->handleRequest(null, Object(Config\Cache), false)
 7 FCPATH\index.php(67): CodeIgniter\CodeIgniter->run()
 8 SYSTEMPATH\Commands\Server\rewrite.php(46): require_once('FCPATH\\index.php')
CRITICAL - 2022-12-21 22:01:00 --> syntax error, unexpected token "elseif", expecting "function" or "const"
in APPPATH\Controllers\Gawe.php on line 46.
 1 SYSTEMPATH\Autoloader\Autoloader.php(259): CodeIgniter\Autoloader\Autoloader->includeFile('APPPATH\\Controllers\\Gawe.php')
 2 SYSTEMPATH\Autoloader\Autoloader.php(237): CodeIgniter\Autoloader\Autoloader->loadInNamespace('App\\Controllers\\Gawe')
 3 [internal function]: CodeIgniter\Autoloader\Autoloader->loadClass('App\\Controllers\\Gawe')
 4 SYSTEMPATH\CodeIgniter.php(877): class_exists('\\App\\Controllers\\Gawe', true)
 5 SYSTEMPATH\CodeIgniter.php(469): CodeIgniter\CodeIgniter->startController()
 6 SYSTEMPATH\CodeIgniter.php(351): CodeIgniter\CodeIgniter->handleRequest(null, Object(Config\Cache), false)
 7 FCPATH\index.php(67): CodeIgniter\CodeIgniter->run()
 8 SYSTEMPATH\Commands\Server\rewrite.php(46): require_once('FCPATH\\index.php')
CRITICAL - 2022-12-21 22:01:09 --> syntax error, unexpected token "else", expecting "function" or "const"
in APPPATH\Controllers\Gawe.php on line 46.
 1 SYSTEMPATH\Autoloader\Autoloader.php(259): CodeIgniter\Autoloader\Autoloader->includeFile('APPPATH\\Controllers\\Gawe.php')
 2 SYSTEMPATH\Autoloader\Autoloader.php(237): CodeIgniter\Autoloader\Autoloader->loadInNamespace('App\\Controllers\\Gawe')
 3 [internal function]: CodeIgniter\Autoloader\Autoloader->loadClass('App\\Controllers\\Gawe')
 4 SYSTEMPATH\CodeIgniter.php(877): class_exists('\\App\\Controllers\\Gawe', true)
 5 SYSTEMPATH\CodeIgniter.php(469): CodeIgniter\CodeIgniter->startController()
 6 SYSTEMPATH\CodeIgniter.php(351): CodeIgniter\CodeIgniter->handleRequest(null, Object(Config\Cache), false)
 7 FCPATH\index.php(67): CodeIgniter\CodeIgniter->run()
 8 SYSTEMPATH\Commands\Server\rewrite.php(46): require_once('FCPATH\\index.php')
CRITICAL - 2022-12-21 22:06:59 --> Invalid file: gawe/edit.php
in SYSTEMPATH\Exceptions\FrameworkException.php on line 33.
 1 SYSTEMPATH\View\View.php(201): CodeIgniter\Exceptions\FrameworkException::forInvalidFile('gawe/edit.php')
 2 SYSTEMPATH\Common.php(1134): CodeIgniter\View\View->render('gawe/edit', [], true)
 3 APPPATH\Controllers\Gawe.php(45): view('gawe/edit', [...])
 4 SYSTEMPATH\CodeIgniter.php(927): App\Controllers\Gawe->edit('2')
 5 SYSTEMPATH\CodeIgniter.php(482): CodeIgniter\CodeIgniter->runController(Object(App\Controllers\Gawe))
 6 SYSTEMPATH\CodeIgniter.php(351): CodeIgniter\CodeIgniter->handleRequest(null, Object(Config\Cache), false)
 7 FCPATH\index.php(67): CodeIgniter\CodeIgniter->run()
 8 SYSTEMPATH\Commands\Server\rewrite.php(46): require_once('FCPATH\\index.php')
CRITICAL - 2022-12-21 22:07:34 --> Invalid file: gawe/edit.php
in SYSTEMPATH\Exceptions\FrameworkException.php on line 33.
 1 SYSTEMPATH\View\View.php(201): CodeIgniter\Exceptions\FrameworkException::forInvalidFile('gawe/edit.php')
 2 SYSTEMPATH\Common.php(1134): CodeIgniter\View\View->render('gawe/edit', [], true)
 3 APPPATH\Controllers\Gawe.php(45): view('gawe/edit', [...])
 4 SYSTEMPATH\CodeIgniter.php(927): App\Controllers\Gawe->edit('2')
 5 SYSTEMPATH\CodeIgniter.php(482): CodeIgniter\CodeIgniter->runController(Object(App\Controllers\Gawe))
 6 SYSTEMPATH\CodeIgniter.php(351): CodeIgniter\CodeIgniter->handleRequest(null, Object(Config\Cache), false)
 7 FCPATH\index.php(67): CodeIgniter\CodeIgniter->run()
 8 SYSTEMPATH\Commands\Server\rewrite.php(46): require_once('FCPATH\\index.php')
